sbuild (Debian sbuild) 0.84.2~ubuntu2204+3 (28 December 2022) on fv-az397-345.hxmpcz1iuk4unopwapaqer32ng.gx.internal.cloudapp.net

+================================================================================================+
| ros-rolling-controller-manager 2.19.0-2023.01.17.12.47 (amd64) Tue, 17 Jan 2023 12:47:18 +0000 |
+================================================================================================+

Package: ros-rolling-controller-manager
Version: 2.19.0-2023.01.17.12.47
Source Version: 2.19.0-2023.01.17.12.47
Distribution: jammy
Machine Architecture: amd64
Host Architecture: amd64
Build Architecture: amd64
Build Type: binary

Unpacking /home/runner/.cache/sbuild/jammy-amd64.tar to /tmp/tmp.sbuild.YgUiM7zpvp...
I: NOTICE: Log filtering will replace 'sbuild-unshare-dummy-location' with '<<CHROOT>>'
I: NOTICE: Log filtering will replace 'build/package//resolver-exx1ib' with '<<RESOLVERDIR>>'

+------------------------------------------------------------------------------+
| Update chroot                                                                |
+------------------------------------------------------------------------------+

Get:1 file:/build/package//resolver-rooRLU/apt_archive ./ InRelease
Ign:1 file:/build/package//resolver-rooRLU/apt_archive ./ InRelease
Get:2 file:/build/package//resolver-rooRLU/apt_archive ./ Release [580 B]
Get:2 file:/build/package//resolver-rooRLU/apt_archive ./ Release [580 B]
Get:3 file:/build/package//resolver-rooRLU/apt_archive ./ Release.gpg
Ign:3 file:/build/package//resolver-rooRLU/apt_archive ./ Release.gpg
Get:4 file:/build/package//resolver-rooRLU/apt_archive ./ Packages [45.8 kB]
Get:5 http://packages.ros.org/ros2/ubuntu jammy InRelease [4673 B]
Get:6 http://packages.ros.org/ros2/ubuntu jammy/main amd64 Packages [787 kB]
Get:7 http://security.ubuntu.com/ubuntu jammy-security InRelease [110 kB]
Get:8 http://archive.ubuntu.com/ubuntu jammy InRelease [270 kB]
Get:9 http://security.ubuntu.com/ubuntu jammy-security/universe amd64 Packages [627 kB]
Get:10 http://archive.ubuntu.com/ubuntu jammy-updates InRelease [114 kB]
Get:11 http://archive.ubuntu.com/ubuntu jammy/main amd64 Packages [1395 kB]
Get:12 http://security.ubuntu.com/ubuntu jammy-security/main amd64 Packages [581 kB]
Get:13 http://archive.ubuntu.com/ubuntu jammy/universe amd64 Packages [14.1 MB]
Get:14 http://archive.ubuntu.com/ubuntu jammy-updates/universe amd64 Packages [783 kB]
Get:15 http://archive.ubuntu.com/ubuntu jammy-updates/main amd64 Packages [825 kB]
Fetched 19.6 MB in 4s (4963 kB/s)
Reading package lists...
Reading package lists...
Building dependency tree...
Reading state information...
Calculating upgrade...
0 upgraded, 0 newly installed, 0 to remove and 0 not upgraded.

+------------------------------------------------------------------------------+
| Fetch source files                                                           |
+------------------------------------------------------------------------------+


Local sources
-------------

/home/runner/work/moveit_studio_upstream_buildfarm/moveit_studio_upstream_buildfarm/src/ros2_control/ros-rolling-controller-manager_2.19.0-2023.01.17.12.47.dsc exists in /home/runner/work/moveit_studio_upstream_buildfarm/moveit_studio_upstream_buildfarm/src/ros2_control; copying to chroot
I: NOTICE: Log filtering will replace 'build/package//package' with '<<PKGBUILDDIR>>'
I: NOTICE: Log filtering will replace 'build/package/' with '<<BUILDDIR>>'

+------------------------------------------------------------------------------+
| Install package build dependencies                                           |
+------------------------------------------------------------------------------+


Setup apt archive
-----------------

Merged Build-Depends: debhelper (>= 9.0.0), ros-rolling-ament-cmake, ros-rolling-ament-cmake-gmock, ros-rolling-ament-cmake-python, ros-rolling-ament-index-cpp, ros-rolling-controller-interface, ros-rolling-controller-manager-msgs, ros-rolling-hardware-interface, ros-rolling-launch, ros-rolling-launch-ros, ros-rolling-pluginlib, ros-rolling-rclcpp, ros-rolling-rcpputils, ros-rolling-realtime-tools, ros-rolling-ros2-control-test-assets, ros-rolling-ros2param, ros-rolling-ros2run, build-essential, fakeroot
Filtered Build-Depends: debhelper (>= 9.0.0), ros-rolling-ament-cmake, ros-rolling-ament-cmake-gmock, ros-rolling-ament-cmake-python, ros-rolling-ament-index-cpp, ros-rolling-controller-interface, ros-rolling-controller-manager-msgs, ros-rolling-hardware-interface, ros-rolling-launch, ros-rolling-launch-ros, ros-rolling-pluginlib, ros-rolling-rclcpp, ros-rolling-rcpputils, ros-rolling-realtime-tools, ros-rolling-ros2-control-test-assets, ros-rolling-ros2param, ros-rolling-ros2run, build-essential, fakeroot
dpkg-deb: building package 'sbuild-build-depends-main-dummy' in '/<<RESOLVERDIR>>/apt_archive/sbuild-build-depends-main-dummy.deb'.
Ign:1 copy:/<<RESOLVERDIR>>/apt_archive ./ InRelease
Get:2 copy:/<<RESOLVERDIR>>/apt_archive ./ Release [586 B]
Ign:3 copy:/<<RESOLVERDIR>>/apt_archive ./ Release.gpg
Get:4 copy:/<<RESOLVERDIR>>/apt_archive ./ Sources [1054 B]
Get:5 copy:/<<RESOLVERDIR>>/apt_archive ./ Packages [1086 B]
Fetched 2726 B in 0s (0 B/s)
Reading package lists...
Get:1 file:/<<BUILDDIR>>/resolver-rooRLU/apt_archive ./ InRelease
Ign:1 file:/<<BUILDDIR>>/resolver-rooRLU/apt_archive ./ InRelease
Get:2 file:/<<BUILDDIR>>/resolver-rooRLU/apt_archive ./ Release [580 B]
Get:2 file:/<<BUILDDIR>>/resolver-rooRLU/apt_archive ./ Release [580 B]
Get:3 file:/<<BUILDDIR>>/resolver-rooRLU/apt_archive ./ Release.gpg
Ign:3 file:/<<BUILDDIR>>/resolver-rooRLU/apt_archive ./ Release.gpg
Reading package lists...
Hit:1 http://packages.ros.org/ros2/ubuntu jammy InRelease
Reading package lists...
Reading package lists...

Install main build dependencies (apt-based resolver)
----------------------------------------------------

Installing build dependencies
Reading package lists...
Building dependency tree...
Reading state information...
The following additional packages will be installed:
  autoconf automake autopoint autotools-dev bsdextrautils catch2 cmake
  cmake-data debhelper debugedit dh-autoreconf dh-elpa-helper
  dh-strip-nondeterminism docutils-common dwz emacsen-common fakeroot file
  gettext gettext-base google-mock googletest groff-base intltool-debian
  libarchive-zip-perl libarchive13 libblas3 libbrotli1 libconsole-bridge-dev
  libconsole-bridge1.0 libcurl4 libdebhelper-perl libdw1 libelf1 libexpat1
  libexpat1-dev libfakeroot libfile-stripnondeterminism-perl libfmt-dev
  libfmt8 libgfortran5 libglib2.0-0 libgtest-dev libicu70 libjs-jquery
  libjs-sphinxdoc libjs-underscore libjsoncpp25 liblapack3 libldap-2.5-0
  libmagic-mgc libmagic1 libmpdec3 libnghttp2-14 libpipeline1 libpsl5
  libpython3-dev libpython3-stdlib libpython3.10 libpython3.10-dev
  libpython3.10-minimal libpython3.10-stdlib libreadline8 librhash0 librtmp1
  libsasl2-2 libsasl2-modules-db libsigsegv2 libspdlog-dev libspdlog1
  libsqlite3-0 libssh-4 libssl-dev libsub-override-perl libtinyxml2-9
  libtinyxml2-dev libtool libuchardet0 libuv1 libxml2 libyaml-0-2 libyaml-dev
  m4 man-db media-types pkg-config po-debconf python3 python3-argcomplete
  python3-attr python3-catkin-pkg-modules python3-dateutil python3-dev
  python3-distutils python3-docutils python3-empy python3-importlib-metadata
  python3-iniconfig python3-lark python3-lib2to3 python3-minimal
  python3-more-itertools python3-netifaces python3-numpy python3-packaging
  python3-pkg-resources python3-pluggy python3-py python3-pyparsing
  python3-pytest python3-roman python3-setuptools python3-six python3-toml
  python3-yaml python3-zipp python3.10 python3.10-dev python3.10-minimal
  readline-common ros-rolling-action-msgs ros-rolling-ament-cmake
  ros-rolling-ament-cmake-core ros-rolling-ament-cmake-export-definitions
  ros-rolling-ament-cmake-export-dependencies
  ros-rolling-ament-cmake-export-include-directories
  ros-rolling-ament-cmake-export-interfaces
  ros-rolling-ament-cmake-export-libraries
  ros-rolling-ament-cmake-export-link-flags
  ros-rolling-ament-cmake-export-targets ros-rolling-ament-cmake-gen-version-h
  ros-rolling-ament-cmake-gmock ros-rolling-ament-cmake-gtest
  ros-rolling-ament-cmake-include-directories
  ros-rolling-ament-cmake-libraries ros-rolling-ament-cmake-pytest
  ros-rolling-ament-cmake-python ros-rolling-ament-cmake-ros
  ros-rolling-ament-cmake-target-dependencies ros-rolling-ament-cmake-test
  ros-rolling-ament-cmake-version ros-rolling-ament-copyright
  ros-rolling-ament-index-cpp ros-rolling-ament-index-python
  ros-rolling-ament-lint ros-rolling-ament-package
  ros-rolling-builtin-interfaces ros-rolling-class-loader
  ros-rolling-composition-interfaces ros-rolling-console-bridge-vendor
  ros-rolling-control-msgs ros-rolling-controller-interface
  ros-rolling-controller-manager-msgs ros-rolling-domain-coordinator
  ros-rolling-fastcdr ros-rolling-fastrtps ros-rolling-fastrtps-cmake-module
  ros-rolling-foonathan-memory-vendor ros-rolling-geometry-msgs
  ros-rolling-gmock-vendor ros-rolling-gtest-vendor
  ros-rolling-hardware-interface ros-rolling-launch ros-rolling-launch-ros
  ros-rolling-libstatistics-collector ros-rolling-libyaml-vendor
  ros-rolling-lifecycle-msgs ros-rolling-osrf-pycommon ros-rolling-pluginlib
  ros-rolling-python-cmake-module ros-rolling-rcl ros-rolling-rcl-action
  ros-rolling-rcl-interfaces ros-rolling-rcl-lifecycle
  ros-rolling-rcl-logging-interface ros-rolling-rcl-logging-spdlog
  ros-rolling-rcl-yaml-param-parser ros-rolling-rclcpp
  ros-rolling-rclcpp-action ros-rolling-rclcpp-lifecycle ros-rolling-rclpy
  ros-rolling-rcpputils ros-rolling-rcutils ros-rolling-realtime-tools
  ros-rolling-rmw ros-rolling-rmw-dds-common ros-rolling-rmw-fastrtps-cpp
  ros-rolling-rmw-fastrtps-shared-cpp ros-rolling-rmw-implementation
  ros-rolling-rmw-implementation-cmake ros-rolling-ros-workspace
  ros-rolling-ros2-control-test-assets ros-rolling-ros2cli
  ros-rolling-ros2node ros-rolling-ros2param ros-rolling-ros2pkg
  ros-rolling-ros2run ros-rolling-ros2service ros-rolling-rosgraph-msgs
  ros-rolling-rosidl-adapter ros-rolling-rosidl-cli
  ros-rolling-rosidl-core-runtime ros-rolling-rosidl-default-runtime
  ros-rolling-rosidl-generator-c ros-rolling-rosidl-generator-cpp
  ros-rolling-rosidl-generator-py ros-rolling-rosidl-parser
  ros-rolling-rosidl-pycommon ros-rolling-rosidl-runtime-c
  ros-rolling-rosidl-runtime-cpp ros-rolling-rosidl-runtime-py
  ros-rolling-rosidl-typesupport-c ros-rolling-rosidl-typesupport-cpp
  ros-rolling-rosidl-typesupport-fastrtps-c
  ros-rolling-rosidl-typesupport-fastrtps-cpp
  ros-rolling-rosidl-typesupport-interface
  ros-rolling-rosidl-typesupport-introspection-c
  ros-rolling-rosidl-typesupport-introspection-cpp ros-rolling-rpyutils
  ros-rolling-sensor-msgs ros-rolling-spdlog-vendor
  ros-rolling-statistics-msgs ros-rolling-std-msgs ros-rolling-tinyxml2-vendor
  ros-rolling-tracetools ros-rolling-trajectory-msgs
  ros-rolling-unique-identifier-msgs sgml-base tzdata xml-core zlib1g-dev
Suggested packages:
  autoconf-archive gnu-standards autoconf-doc cmake-doc ninja-build
  cmake-format dh-make gettext-doc libasprintf-dev libgettextpo-dev groff
  lrzip libfmt-doc libssl-doc libtool-doc gfortran | fortran95-compiler
  gcj-jdk libyaml-doc m4-doc apparmor less www-browser libmail-box-perl
  python3-doc python3-tk python3-venv python-attr-doc docutils-doc
  fonts-linuxlibertine | ttf-linux-libertine texlive-lang-french
  texlive-latex-base texlive-latex-recommended python-lark-doc gfortran
  python-numpy-doc subversion python-pyparsing-doc python-setuptools-doc
  python3.10-venv python3.10-doc binfmt-support readline-doc sgml-base-doc
Recommended packages:
  curl | wget | lynx ca-certificates libarchive-cpio-perl libglib2.0-data
  shared-mime-info xdg-user-dirs javascript-common libldap-common publicsuffix
  libsasl2-modules libltdl-dev libmail-sendmail-perl libpaper-utils
  python3-pil python3-pygments
The following NEW packages will be installed:
  autoconf automake autopoint autotools-dev bsdextrautils catch2 cmake
  cmake-data debhelper debugedit dh-autoreconf dh-elpa-helper
  dh-strip-nondeterminism docutils-common dwz emacsen-common fakeroot file
  gettext gettext-base google-mock googletest groff-base intltool-debian
  libarchive-zip-perl libarchive13 libblas3 libbrotli1 libconsole-bridge-dev
  libconsole-bridge1.0 libcurl4 libdebhelper-perl libdw1 libelf1 libexpat1
  libexpat1-dev libfakeroot libfile-stripnondeterminism-perl libfmt-dev
  libfmt8 libgfortran5 libglib2.0-0 libgtest-dev libicu70 libjs-jquery
  libjs-sphinxdoc libjs-underscore libjsoncpp25 liblapack3 libldap-2.5-0
  libmagic-mgc libmagic1 libmpdec3 libnghttp2-14 libpipeline1 libpsl5
  libpython3-dev libpython3-stdlib libpython3.10 libpython3.10-dev
  libpython3.10-minimal libpython3.10-stdlib libreadline8 librhash0 librtmp1
  libsasl2-2 libsasl2-modules-db libsigsegv2 libspdlog-dev libspdlog1
  libsqlite3-0 libssh-4 libssl-dev libsub-override-perl libtinyxml2-9
  libtinyxml2-dev libtool libuchardet0 libuv1 libxml2 libyaml-0-2 libyaml-dev
  m4 man-db media-types pkg-config po-debconf python3 python3-argcomplete
  python3-attr python3-catkin-pkg-modules python3-dateutil python3-dev
  python3-distutils python3-docutils python3-empy python3-importlib-metadata
  python3-iniconfig python3-lark python3-lib2to3 python3-minimal
  python3-more-itertools python3-netifaces python3-numpy python3-packaging
  python3-pkg-resources python3-pluggy python3-py python3-pyparsing
  python3-pytest python3-roman python3-setuptools python3-six python3-toml
  python3-yaml python3-zipp python3.10 python3.10-dev python3.10-minimal
  readline-common ros-rolling-action-msgs ros-rolling-ament-cmake
  ros-rolling-ament-cmake-core ros-rolling-ament-cmake-export-definitions
  ros-rolling-ament-cmake-export-dependencies
  ros-rolling-ament-cmake-export-include-directories
  ros-rolling-ament-cmake-export-interfaces
  ros-rolling-ament-cmake-export-libraries
  ros-rolling-ament-cmake-export-link-flags
  ros-rolling-ament-cmake-export-targets ros-rolling-ament-cmake-gen-version-h
  ros-rolling-ament-cmake-gmock ros-rolling-ament-cmake-gtest
  ros-rolling-ament-cmake-include-directories
  ros-rolling-ament-cmake-libraries ros-rolling-ament-cmake-pytest
  ros-rolling-ament-cmake-python ros-rolling-ament-cmake-ros
  ros-rolling-ament-cmake-target-dependencies ros-rolling-ament-cmake-test
  ros-rolling-ament-cmake-version ros-rolling-ament-copyright
  ros-rolling-ament-index-cpp ros-rolling-ament-index-python
  ros-rolling-ament-lint ros-rolling-ament-package
  ros-rolling-builtin-interfaces ros-rolling-class-loader
  ros-rolling-composition-interfaces ros-rolling-console-bridge-vendor
  ros-rolling-control-msgs ros-rolling-controller-interface
  ros-rolling-controller-manager-msgs ros-rolling-domain-coordinator
  ros-rolling-fastcdr ros-rolling-fastrtps ros-rolling-fastrtps-cmake-module
  ros-rolling-foonathan-memory-vendor ros-rolling-geometry-msgs
  ros-rolling-gmock-vendor ros-rolling-gtest-vendor
  ros-rolling-hardware-interface ros-rolling-launch ros-rolling-launch-ros
  ros-rolling-libstatistics-collector ros-rolling-libyaml-vendor
  ros-rolling-lifecycle-msgs ros-rolling-osrf-pycommon ros-rolling-pluginlib
  ros-rolling-python-cmake-module ros-rolling-rcl ros-rolling-rcl-action
  ros-rolling-rcl-interfaces ros-rolling-rcl-lifecycle
  ros-rolling-rcl-logging-interface ros-rolling-rcl-logging-spdlog
  ros-rolling-rcl-yaml-param-parser ros-rolling-rclcpp
  ros-rolling-rclcpp-action ros-rolling-rclcpp-lifecycle ros-rolling-rclpy
  ros-rolling-rcpputils ros-rolling-rcutils ros-rolling-realtime-tools
  ros-rolling-rmw ros-rolling-rmw-dds-common ros-rolling-rmw-fastrtps-cpp
  ros-rolling-rmw-fastrtps-shared-cpp ros-rolling-rmw-implementation
  ros-rolling-rmw-implementation-cmake ros-rolling-ros-workspace
  ros-rolling-ros2-control-test-assets ros-rolling-ros2cli
  ros-rolling-ros2node ros-rolling-ros2param ros-rolling-ros2pkg
  ros-rolling-ros2run ros-rolling-ros2service ros-rolling-rosgraph-msgs
  ros-rolling-rosidl-adapter ros-rolling-rosidl-cli
  ros-rolling-rosidl-core-runtime ros-rolling-rosidl-default-runtime
  ros-rolling-rosidl-generator-c ros-rolling-rosidl-generator-cpp
  ros-rolling-rosidl-generator-py ros-rolling-rosidl-parser
  ros-rolling-rosidl-pycommon ros-rolling-rosidl-runtime-c
  ros-rolling-rosidl-runtime-cpp ros-rolling-rosidl-runtime-py
  ros-rolling-rosidl-typesupport-c ros-rolling-rosidl-typesupport-cpp
  ros-rolling-rosidl-typesupport-fastrtps-c
  ros-rolling-rosidl-typesupport-fastrtps-cpp
  ros-rolling-rosidl-typesupport-interface
  ros-rolling-rosidl-typesupport-introspection-c
  ros-rolling-rosidl-typesupport-introspection-cpp ros-rolling-rpyutils
  ros-rolling-sensor-msgs ros-rolling-spdlog-vendor
  ros-rolling-statistics-msgs ros-rolling-std-msgs ros-rolling-tinyxml2-vendor
  ros-rolling-tracetools ros-rolling-trajectory-msgs
  ros-rolling-unique-identifier-msgs sbuild-build-depends-main-dummy sgml-base
  tzdata xml-core zlib1g-dev
0 upgraded, 232 newly installed, 0 to remove and 0 not upgraded.
Need to get 67.1 MB of archives.
After this operation, 296 MB of additional disk space will be used.
Get:1 copy:/<<RESOLVERDIR>>/apt_archive ./ sbuild-build-depends-main-dummy 0.invalid.0 [794 B]
Get:2 http://packages.ros.org/ros2/ubuntu jammy/main amd64 python3-catkin-pkg-modules all 0.5.2-1 [43.2 kB]
Get:3 http://packages.ros.org/ros2/ubuntu jammy/main amd64 ros-rolling-ros-workspace amd64 1.0.2-5jammy.20221102.192419 [16.7 kB]
Get:4 http://packages.ros.org/ros2/ubuntu jammy/main amd64 ros-rolling-fastcdr amd64 1.0.24-2jammy.20221102.193642 [44.1 kB]
Get:5 http://packages.ros.org/ros2/ubuntu jammy/main amd64 ros-rolling-ament-package amd64 0.15.1-1jammy.20220914.010527 [21.6 kB]
Get:6 http://packages.ros.org/ros2/ubuntu jammy/main amd64 ros-rolling-ament-cmake-core amd64 1.5.2-1jammy.20221102.192246 [29.0 kB]
Get:7 http://packages.ros.org/ros2/ubuntu jammy/main amd64 ros-rolling-ament-cmake-export-definitions amd64 1.5.2-1jammy.20221102.192705 [7428 B]
Get:8 http://packages.ros.org/ros2/ubuntu jammy/main amd64 ros-rolling-ament-cmake-libraries amd64 1.5.2-1jammy.20221102.192835 [7562 B]
Get:9 http://archive.ubuntu.com/ubuntu jammy-updates/main amd64 libpython3.10-minimal amd64 3.10.6-1~22.04.2 [810 kB]
Get:10 http://packages.ros.org/ros2/ubuntu jammy/main amd64 ros-rolling-ament-cmake-export-dependencies amd64 1.5.2-1jammy.20221102.193026 [8962 B]
Get:11 http://packages.ros.org/ros2/ubuntu jammy/main amd64 ros-rolling-ament-cmake-export-include-directories amd64 1.5.2-1jammy.20221102.192721 [7764 B]
Get:12 http://packages.ros.org/ros2/ubuntu jammy/main amd64 ros-rolling-ament-cmake-export-libraries amd64 1.5.2-1jammy.20221102.192706 [10.5 kB]
Get:13 http://packages.ros.org/ros2/ubuntu jammy/main amd64 ros-rolling-ament-cmake-export-interfaces amd64 1.5.2-1jammy.20221102.192746 [8186 B]
Get:14 http://packages.ros.org/ros2/ubuntu jammy/main amd64 ros-rolling-ament-cmake-export-link-flags amd64 1.5.2-1jammy.20221102.192717 [7044 B]
Get:15 http://packages.ros.org/ros2/ubuntu jammy/main amd64 ros-rolling-ament-cmake-export-targets amd64 1.5.2-1jammy.20221102.192735 [7736 B]
Get:16 http://packages.ros.org/ros2/ubuntu jammy/main amd64 ros-rolling-ament-cmake-gen-version-h amd64 1.5.2-1jammy.20221102.193628 [9130 B]
Get:17 http://packages.ros.org/ros2/ubuntu jammy/main amd64 ros-rolling-ament-cmake-python amd64 1.5.2-1jammy.20221102.192703 [10.5 kB]
Get:18 http://packages.ros.org/ros2/ubuntu jammy/main amd64 ros-rolling-ament-cmake-include-directories amd64 1.5.2-1jammy.20221102.192841 [7480 B]
Get:19 http://packages.ros.org/ros2/ubuntu jammy/main amd64 ros-rolling-ament-cmake-target-dependencies amd64 1.5.2-1jammy.20221102.193033 [9692 B]
Get:20 http://packages.ros.org/ros2/ubuntu jammy/main amd64 ros-rolling-ament-cmake-test amd64 1.5.2-1jammy.20221102.192731 [16.8 kB]
Get:21 http://packages.ros.org/ros2/ubuntu jammy/main amd64 ros-rolling-ament-cmake-version amd64 1.5.2-1jammy.20221102.192703 [7234 B]
Get:22 http://packages.ros.org/ros2/ubuntu jammy/main amd64 ros-rolling-ament-cmake amd64 1.5.2-1jammy.20221102.193827 [7566 B]
Get:23 http://packages.ros.org/ros2/ubuntu jammy/main amd64 ros-rolling-ament-index-python amd64 1.5.1-1jammy.20221102.194954 [12.3 kB]
Get:24 http://packages.ros.org/ros2/ubuntu jammy/main amd64 ros-rolling-python-cmake-module amd64 0.10.1-1jammy.20221102.201330 [8050 B]
Get:25 http://packages.ros.org/ros2/ubuntu jammy/main amd64 ros-rolling-rcutils amd64 6.0.1-1jammy.20221102.202700 [89.7 kB]
Get:26 http://packages.ros.org/ros2/ubuntu jammy/main amd64 ros-rolling-rosidl-typesupport-interface amd64 3.3.1-1jammy.20221102.195920 [8860 B]
Get:27 http://packages.ros.org/ros2/ubuntu jammy/main amd64 ros-rolling-rosidl-runtime-c amd64 3.3.1-1jammy.20221102.212508 [26.5 kB]
Get:28 http://packages.ros.org/ros2/ubuntu jammy/main amd64 ros-rolling-rmw amd64 6.4.0-1jammy.20221102.212809 [68.7 kB]
Get:29 http://packages.ros.org/ros2/ubuntu jammy/main amd64 ros-rolling-rosidl-cli amd64 3.3.1-1jammy.20221102.195206 [18.8 kB]
Get:30 http://packages.ros.org/ros2/ubuntu jammy/main amd64 ros-rolling-rosidl-adapter amd64 3.3.1-1jammy.20221102.195836 [19.4 kB]
Get:31 http://packages.ros.org/ros2/ubuntu jammy/main amd64 ros-rolling-rosidl-parser amd64 3.3.1-1jammy.20221102.200016 [19.4 kB]
Get:32 http://packages.ros.org/ros2/ubuntu jammy/main amd64 ros-rolling-rosidl-pycommon amd64 3.3.1-1jammy.20221102.200148 [7386 B]
Get:33 http://packages.ros.org/ros2/ubuntu jammy/main amd64 ros-rolling-rosidl-generator-c amd64 3.3.1-1jammy.20221102.212430 [20.0 kB]
Get:34 http://packages.ros.org/ros2/ubuntu jammy/main amd64 ros-rolling-rcpputils amd64 2.6.0-1jammy.20221102.203407 [44.5 kB]
Get:35 http://packages.ros.org/ros2/ubuntu jammy/main amd64 ros-rolling-rosidl-typesupport-c amd64 2.2.0-1jammy.20221102.213026 [24.5 kB]
Get:36 http://packages.ros.org/ros2/ubuntu jammy/main amd64 ros-rolling-rpyutils amd64 0.3.1-1jammy.20221102.195223 [6214 B]
Get:37 http://packages.ros.org/ros2/ubuntu jammy/main amd64 ros-rolling-rosidl-generator-py amd64 0.16.1-1jammy.20221102.213950 [29.8 kB]
Get:38 http://packages.ros.org/ros2/ubuntu jammy/main amd64 ros-rolling-rosidl-runtime-cpp amd64 3.3.1-1jammy.20221102.212839 [15.4 kB]
Get:39 http://packages.ros.org/ros2/ubuntu jammy/main amd64 ros-rolling-rosidl-typesupport-cpp amd64 2.2.0-1jammy.20221102.213316 [23.5 kB]
Get:40 http://packages.ros.org/ros2/ubuntu jammy/main amd64 ros-rolling-gtest-vendor amd64 1.10.9004-3jammy.20221102.193517 [175 kB]
Get:41 http://packages.ros.org/ros2/ubuntu jammy/main amd64 ros-rolling-ament-cmake-gtest amd64 1.5.2-1jammy.20221102.193555 [11.4 kB]
Get:42 http://packages.ros.org/ros2/ubuntu jammy/main amd64 ros-rolling-gmock-vendor amd64 1.10.9004-3jammy.20221102.193605 [93.3 kB]
Get:43 http://packages.ros.org/ros2/ubuntu jammy/main amd64 ros-rolling-ament-cmake-gmock amd64 1.5.2-1jammy.20221102.193700 [10.5 kB]
Get:44 http://packages.ros.org/ros2/ubuntu jammy/main amd64 ros-rolling-ament-cmake-pytest amd64 1.5.2-1jammy.20221102.192858 [9846 B]
Get:45 http://packages.ros.org/ros2/ubuntu jammy/main amd64 ros-rolling-domain-coordinator amd64 0.11.1-1jammy.20221102.195107 [5528 B]
Get:46 http://packages.ros.org/ros2/ubuntu jammy/main amd64 ros-rolling-ament-cmake-ros amd64 0.11.1-1jammy.20221102.200233 [8250 B]
Get:47 http://packages.ros.org/ros2/ubuntu jammy/main amd64 ros-rolling-fastrtps-cmake-module amd64 2.4.0-1jammy.20221102.201001 [7162 B]
Get:48 http://packages.ros.org/ros2/ubuntu jammy/main amd64 ros-rolling-rosidl-generator-cpp amd64 3.3.1-1jammy.20221102.213031 [20.2 kB]
Get:49 http://packages.ros.org/ros2/ubuntu jammy/main amd64 ros-rolling-rosidl-typesupport-fastrtps-cpp amd64 2.4.0-1jammy.20221102.213449 [25.4 kB]
Get:50 http://packages.ros.org/ros2/ubuntu jammy/main amd64 ros-rolling-rosidl-typesupport-fastrtps-c amd64 2.4.0-1jammy.20221102.213700 [23.8 kB]
Get:51 http://packages.ros.org/ros2/ubuntu jammy/main amd64 ros-rolling-rosidl-typesupport-introspection-c amd64 3.3.1-1jammy.20221102.212841 [22.7 kB]
Get:52 http://packages.ros.org/ros2/ubuntu jammy/main amd64 ros-rolling-rosidl-typesupport-introspection-cpp amd64 3.3.1-1jammy.20221102.213132 [22.7 kB]
Get:53 http://packages.ros.org/ros2/ubuntu jammy/main amd64 ros-rolling-rosidl-core-runtime amd64 0.1.0-1jammy.20221102.214436 [5698 B]
Get:54 http://packages.ros.org/ros2/ubuntu jammy/main amd64 ros-rolling-builtin-interfaces amd64 1.3.1-1jammy.20221102.214752 [41.1 kB]
Get:55 http://packages.ros.org/ros2/ubuntu jammy/main amd64 ros-rolling-unique-identifier-msgs amd64 2.3.1-1jammy.20221102.214512 [37.6 kB]
Get:56 http://packages.ros.org/ros2/ubuntu jammy/main amd64 ros-rolling-action-msgs amd64 1.3.1-1jammy.20221102.215258 [68.9 kB]
Get:57 http://packages.ros.org/ros2/ubuntu jammy/main amd64 ros-rolling-ament-lint amd64 0.13.2-1jammy.20221102.193317 [4514 B]
Get:58 http://packages.ros.org/ros2/ubuntu jammy/main amd64 ros-rolling-ament-copyright amd64 0.13.2-1jammy.20221102.193742 [46.9 kB]
Get:59 http://packages.ros.org/ros2/ubuntu jammy/main amd64 ros-rolling-ament-index-cpp amd64 1.5.1-1jammy.20221102.200233 [23.0 kB]
Get:60 http://packages.ros.org/ros2/ubuntu jammy/main amd64 ros-rolling-console-bridge-vendor amd64 1.5.2-1jammy.20221102.200622 [5364 B]
Get:61 http://packages.ros.org/ros2/ubuntu jammy/main amd64 ros-rolling-class-loader amd64 2.4.0-1jammy.20221102.203831 [47.7 kB]
Get:62 http://packages.ros.org/ros2/ubuntu jammy/main amd64 ros-rolling-rosidl-default-runtime amd64 1.4.0-1jammy.20221102.220256 [7220 B]
Get:63 http://packages.ros.org/ros2/ubuntu jammy/main amd64 ros-rolling-rcl-interfaces amd64 1.3.1-1jammy.20221102.220627 [222 kB]
Get:64 http://packages.ros.org/ros2/ubuntu jammy/main amd64 ros-rolling-composition-interfaces amd64 1.3.1-1jammy.20221102.222035 [90.3 kB]
Get:65 http://packages.ros.org/ros2/ubuntu jammy/main amd64 ros-rolling-std-msgs amd64 4.6.1-1jammy.20221102.222450 [191 kB]
Get:66 http://packages.ros.org/ros2/ubuntu jammy/main amd64 ros-rolling-geometry-msgs amd64 4.6.1-1jammy.20221102.224639 [190 kB]
Get:67 http://packages.ros.org/ros2/ubuntu jammy/main amd64 ros-rolling-sensor-msgs amd64 4.6.1-1jammy.20221102.230605 [303 kB]
Get:68 http://packages.ros.org/ros2/ubuntu jammy/main amd64 ros-rolling-trajectory-msgs amd64 4.6.1-1jammy.20221102.225353 [84.5 kB]
Get:69 http://packages.ros.org/ros2/ubuntu jammy/main amd64 ros-rolling-control-msgs amd64 4.1.0-1jammy.20221102.232050 [345 kB]
Get:70 http://packages.ros.org/ros2/ubuntu jammy/main amd64 ros-rolling-lifecycle-msgs amd64 1.3.1-1jammy.20221102.220600 [110 kB]
Get:71 http://packages.ros.org/ros2/ubuntu jammy/main amd64 ros-rolling-tinyxml2-vendor amd64 0.8.1-1jammy.20221102.194745 [6700 B]
Get:72 http://packages.ros.org/ros2/ubuntu jammy/main amd64 ros-rolling-pluginlib amd64 5.2.1-1jammy.20221102.204543 [28.2 kB]
Get:73 http://packages.ros.org/ros2/ubuntu jammy/main amd64 ros-rolling-rcl-logging-interface amd64 2.4.3-1jammy.20221119.003834 [12.8 kB]
Get:74 http://packages.ros.org/ros2/ubuntu jammy/main amd64 ros-rolling-spdlog-vendor amd64 1.4.2-1jammy.20221102.195832 [6390 B]
Get:75 http://packages.ros.org/ros2/ubuntu jammy/main amd64 ros-rolling-rcl-logging-spdlog amd64 2.4.3-1jammy.20221119.004027 [19.8 kB]
Get:76 http://packages.ros.org/ros2/ubuntu jammy/main amd64 ros-rolling-libyaml-vendor amd64 1.4.2-1jammy.20221102.212357 [67.7 kB]
Get:77 http://archive.ubuntu.com/ubuntu jammy-updates/main amd64 libexpat1 amd64 2.4.7-1ubuntu0.2 [91.0 kB]
Get:78 http://archive.ubuntu.com/ubuntu jammy-updates/main amd64 python3.10-minimal amd64 3.10.6-1~22.04.2 [2251 kB]
Get:79 http://packages.ros.org/ros2/ubuntu jammy/main amd64 ros-rolling-rcl-yaml-param-parser amd64 5.6.0-1jammy.20221206.193137 [29.5 kB]
Get:80 http://packages.ros.org/ros2/ubuntu jammy/main amd64 ros-rolling-rmw-implementation-cmake amd64 6.4.0-1jammy.20221102.195833 [8860 B]
Get:81 http://packages.ros.org/ros2/ubuntu jammy/main amd64 ros-rolling-foonathan-memory-vendor amd64 1.2.0-2jammy.20221102.201707 [769 kB]
Get:82 http://packages.ros.org/ros2/ubuntu jammy/main amd64 ros-rolling-fastrtps amd64 2.8.1-1jammy.20221128.182906 [2761 kB]
Get:83 http://archive.ubuntu.com/ubuntu jammy-updates/main amd64 python3-minimal amd64 3.10.6-1~22.04 [24.3 kB]
Get:84 http://archive.ubuntu.com/ubuntu jammy/main amd64 media-types all 7.0.0 [25.5 kB]
Get:85 http://archive.ubuntu.com/ubuntu jammy/main amd64 libmpdec3 amd64 2.5.1-2build2 [86.8 kB]
Get:86 http://archive.ubuntu.com/ubuntu jammy/main amd64 readline-common all 8.1.2-1 [53.5 kB]
Get:87 http://archive.ubuntu.com/ubuntu jammy/main amd64 libreadline8 amd64 8.1.2-1 [153 kB]
Get:88 http://archive.ubuntu.com/ubuntu jammy-updates/main amd64 libsqlite3-0 amd64 3.37.2-2ubuntu0.1 [641 kB]
Get:89 http://archive.ubuntu.com/ubuntu jammy-updates/main amd64 libpython3.10-stdlib amd64 3.10.6-1~22.04.2 [1832 kB]
Get:90 http://archive.ubuntu.com/ubuntu jammy-updates/main amd64 python3.10 amd64 3.10.6-1~22.04.2 [497 kB]
Get:91 http://archive.ubuntu.com/ubuntu jammy-updates/main amd64 libpython3-stdlib amd64 3.10.6-1~22.04 [6910 B]
Get:92 http://archive.ubuntu.com/ubuntu jammy-updates/main amd64 python3 amd64 3.10.6-1~22.04 [22.8 kB]
Get:93 http://archive.ubuntu.com/ubuntu jammy/main amd64 sgml-base all 1.30 [12.5 kB]
Get:94 http://archive.ubuntu.com/ubuntu jammy/main amd64 libelf1 amd64 0.186-1build1 [51.0 kB]
Get:95 http://archive.ubuntu.com/ubuntu jammy-updates/main amd64 libglib2.0-0 amd64 2.72.4-0ubuntu1 [1461 kB]
Get:96 http://archive.ubuntu.com/ubuntu jammy/main amd64 libicu70 amd64 70.1-2 [10.6 MB]
Get:97 http://archive.ubuntu.com/ubuntu jammy-updates/main amd64 libxml2 amd64 2.9.13+dfsg-1ubuntu0.2 [764 kB]
Get:98 http://archive.ubuntu.com/ubuntu jammy/main amd64 libyaml-0-2 amd64 0.2.2-1build2 [51.6 kB]
Get:99 http://archive.ubuntu.com/ubuntu jammy/main amd64 python3-netifaces amd64 0.11.0-1build2 [18.3 kB]
Get:100 http://archive.ubuntu.com/ubuntu jammy/main amd64 python3-pkg-resources all 59.6.0-1.2 [132 kB]
Get:101 http://archive.ubuntu.com/ubuntu jammy/main amd64 python3-yaml amd64 5.4.1-1ubuntu1 [129 kB]
Get:102 http://archive.ubuntu.com/ubuntu jammy-updates/main amd64 tzdata all 2022g-0ubuntu0.22.04.1 [333 kB]
Get:103 http://archive.ubuntu.com/ubuntu jammy/main amd64 bsdextrautils amd64 2.37.2-4ubuntu3 [71.1 kB]
Get:104 http://archive.ubuntu.com/ubuntu jammy/main amd64 libmagic-mgc amd64 1:5.41-3 [257 kB]
Get:105 http://archive.ubuntu.com/ubuntu jammy/main amd64 libmagic1 amd64 1:5.41-3 [87.2 kB]
Get:106 http://archive.ubuntu.com/ubuntu jammy/main amd64 file amd64 1:5.41-3 [21.5 kB]
Get:107 http://packages.ros.org/ros2/ubuntu jammy/main amd64 ros-rolling-rmw-dds-common amd64 1.7.1-1jammy.20221102.222428 [99.5 kB]
Get:108 http://packages.ros.org/ros2/ubuntu jammy/main amd64 ros-rolling-tracetools amd64 4.1.0-1jammy.20221102.200534 [17.7 kB]
Get:109 http://packages.ros.org/ros2/ubuntu jammy/main amd64 ros-rolling-rmw-fastrtps-shared-cpp amd64 6.5.0-1jammy.20221128.193049 [164 kB]
Get:110 http://archive.ubuntu.com/ubuntu jammy/main amd64 gettext-base amd64 0.21-4ubuntu4 [37.8 kB]
Get:111 http://archive.ubuntu.com/ubuntu jammy/main amd64 libuchardet0 amd64 0.0.7-1build2 [76.9 kB]
Get:112 http://archive.ubuntu.com/ubuntu jammy/main amd64 groff-base amd64 1.22.4-8build1 [955 kB]
Get:113 http://packages.ros.org/ros2/ubuntu jammy/main amd64 ros-rolling-rmw-fastrtps-cpp amd64 6.5.0-1jammy.20221128.193704 [94.2 kB]
Get:114 http://archive.ubuntu.com/ubuntu jammy/main amd64 libnghttp2-14 amd64 1.43.0-1build3 [76.3 kB]
Get:115 http://archive.ubuntu.com/ubuntu jammy/main amd64 libpipeline1 amd64 1.5.5-1 [23.5 kB]
Get:116 http://archive.ubuntu.com/ubuntu jammy/main amd64 libpsl5 amd64 0.21.0-1.2build2 [58.4 kB]
Get:117 http://archive.ubuntu.com/ubuntu jammy/main amd64 libuv1 amd64 1.43.0-1 [93.1 kB]
Get:118 http://archive.ubuntu.com/ubuntu jammy/main amd64 man-db amd64 2.10.2-1 [1187 kB]
Get:119 http://archive.ubuntu.com/ubuntu jammy/main amd64 libsigsegv2 amd64 2.13-1ubuntu3 [14.6 kB]
Get:120 http://packages.ros.org/ros2/ubuntu jammy/main amd64 ros-rolling-rmw-implementation amd64 2.10.0-1jammy.20221128.194644 [25.4 kB]
Get:121 http://packages.ros.org/ros2/ubuntu jammy/main amd64 ros-rolling-rcl amd64 5.6.0-1jammy.20221206.194437 [144 kB]
Get:122 http://packages.ros.org/ros2/ubuntu jammy/main amd64 ros-rolling-rcl-lifecycle amd64 5.6.0-1jammy.20221206.195218 [28.2 kB]
Get:123 http://archive.ubuntu.com/ubuntu jammy/main amd64 m4 amd64 1.4.18-5ubuntu2 [199 kB]
Get:124 http://packages.ros.org/ros2/ubuntu jammy/main amd64 ros-rolling-statistics-msgs amd64 1.3.1-1jammy.20221102.222247 [58.3 kB]
Get:125 http://packages.ros.org/ros2/ubuntu jammy/main amd64 ros-rolling-libstatistics-collector amd64 1.4.0-1jammy.20221206.195210 [25.5 kB]
Get:126 http://packages.ros.org/ros2/ubuntu jammy/main amd64 ros-rolling-rosgraph-msgs amd64 1.3.1-1jammy.20221102.222240 [36.0 kB]
Get:127 http://packages.ros.org/ros2/ubuntu jammy/main amd64 ros-rolling-rclcpp amd64 18.0.0-1jammy.20221229.215851 [645 kB]
Get:128 http://archive.ubuntu.com/ubuntu jammy/main amd64 autoconf all 2.71-2 [338 kB]
Get:129 http://archive.ubuntu.com/ubuntu jammy/main amd64 autotools-dev all 20220109.1 [44.9 kB]
Get:130 http://archive.ubuntu.com/ubuntu jammy/main amd64 automake all 1:1.16.5-1.3 [558 kB]
Get:131 http://archive.ubuntu.com/ubuntu jammy/main amd64 autopoint all 0.21-4ubuntu4 [422 kB]
Get:132 http://archive.ubuntu.com/ubuntu jammy/universe amd64 catch2 amd64 2.13.8-1 [490 kB]
Get:133 http://archive.ubuntu.com/ubuntu jammy/main amd64 libarchive13 amd64 3.6.0-1ubuntu1 [368 kB]
Get:134 http://archive.ubuntu.com/ubuntu jammy/main amd64 libbrotli1 amd64 1.0.9-2build6 [315 kB]
Get:135 http://archive.ubuntu.com/ubuntu jammy-updates/main amd64 libsasl2-modules-db amd64 2.1.27+dfsg2-3ubuntu1.1 [20.6 kB]
Get:136 http://archive.ubuntu.com/ubuntu jammy-updates/main amd64 libsasl2-2 amd64 2.1.27+dfsg2-3ubuntu1.1 [53.8 kB]
Get:137 http://archive.ubuntu.com/ubuntu jammy-updates/main amd64 libldap-2.5-0 amd64 2.5.13+dfsg-0ubuntu0.22.04.1 [183 kB]
Get:138 http://packages.ros.org/ros2/ubuntu jammy/main amd64 ros-rolling-rclcpp-lifecycle amd64 18.0.0-1jammy.20221229.224121 [80.9 kB]
Get:139 http://packages.ros.org/ros2/ubuntu jammy/main amd64 ros-rolling-hardware-interface amd64 3.5.0-1jammy.20221229.230402 [229 kB]
Get:140 http://archive.ubuntu.com/ubuntu jammy/main amd64 librtmp1 amd64 2.4+20151223.gitfa8646d.1-2build4 [58.2 kB]
Get:141 http://archive.ubuntu.com/ubuntu jammy/main amd64 libssh-4 amd64 0.9.6-2build1 [184 kB]
Get:142 http://archive.ubuntu.com/ubuntu jammy-updates/main amd64 libcurl4 amd64 7.81.0-1ubuntu1.7 [289 kB]
Get:143 http://archive.ubuntu.com/ubuntu jammy/main amd64 libjsoncpp25 amd64 1.9.5-3 [80.0 kB]
Get:144 http://archive.ubuntu.com/ubuntu jammy/main amd64 librhash0 amd64 1.4.2-1ubuntu1 [125 kB]
Get:145 http://archive.ubuntu.com/ubuntu jammy/main amd64 dh-elpa-helper all 2.0.9ubuntu1 [7610 B]
Get:146 http://archive.ubuntu.com/ubuntu jammy/main amd64 emacsen-common all 3.0.4 [14.9 kB]
Get:147 http://archive.ubuntu.com/ubuntu jammy-updates/main amd64 cmake-data all 3.22.1-1ubuntu1.22.04.1 [1913 kB]
Get:148 http://archive.ubuntu.com/ubuntu jammy-updates/main amd64 cmake amd64 3.22.1-1ubuntu1.22.04.1 [5013 kB]
Get:149 http://packages.ros.org/ros2/ubuntu jammy/main amd64 ros-rolling-controller-interface amd64 3.5.0-1jammy.20221229.231323 [31.5 kB]
Get:150 http://packages.ros.org/ros2/ubuntu jammy/main amd64 ros-rolling-controller-manager-msgs amd64 3.5.0-1jammy.20221206.185902 [201 kB]
Get:151 http://packages.ros.org/ros2/ubuntu jammy/main amd64 ros-rolling-osrf-pycommon amd64 2.1.0-1jammy.20221102.202040 [40.5 kB]
Get:152 http://packages.ros.org/ros2/ubuntu jammy/main amd64 ros-rolling-launch amd64 1.3.0-1jammy.20221102.202147 [155 kB]
Get:153 http://packages.ros.org/ros2/ubuntu jammy/main amd64 ros-rolling-rcl-action amd64 5.6.0-1jammy.20221206.195219 [47.9 kB]
Get:154 http://packages.ros.org/ros2/ubuntu jammy/main amd64 ros-rolling-rclpy amd64 3.7.1-1jammy.20221207.004451 [361 kB]
Get:155 http://archive.ubuntu.com/ubuntu jammy/main amd64 libdebhelper-perl all 13.6ubuntu1 [67.2 kB]
Get:156 http://archive.ubuntu.com/ubuntu jammy/main amd64 libtool all 2.4.6-15build2 [164 kB]
Get:157 http://archive.ubuntu.com/ubuntu jammy/main amd64 dh-autoreconf all 20 [16.1 kB]
Get:158 http://archive.ubuntu.com/ubuntu jammy/main amd64 libarchive-zip-perl all 1.68-1 [90.2 kB]
Get:159 http://archive.ubuntu.com/ubuntu jammy/main amd64 libsub-override-perl all 0.09-2 [9532 B]
Get:160 http://archive.ubuntu.com/ubuntu jammy/main amd64 libfile-stripnondeterminism-perl all 1.13.0-1 [18.1 kB]
Get:161 http://archive.ubuntu.com/ubuntu jammy/main amd64 dh-strip-nondeterminism all 1.13.0-1 [5344 B]
Get:162 http://archive.ubuntu.com/ubuntu jammy/main amd64 libdw1 amd64 0.186-1build1 [250 kB]
Get:163 http://archive.ubuntu.com/ubuntu jammy/main amd64 debugedit amd64 1:5.0-4build1 [47.2 kB]
Get:164 http://packages.ros.org/ros2/ubuntu jammy/main amd64 ros-rolling-launch-ros amd64 0.22.0-1jammy.20221207.005138 [67.4 kB]
Get:165 http://packages.ros.org/ros2/ubuntu jammy/main amd64 ros-rolling-rclcpp-action amd64 18.0.0-1jammy.20221229.223933 [65.6 kB]
Get:166 http://archive.ubuntu.com/ubuntu jammy/main amd64 dwz amd64 0.14-1build2 [105 kB]
Get:167 http://packages.ros.org/ros2/ubuntu jammy/main amd64 ros-rolling-realtime-tools amd64 2.4.0-1jammy.20221229.224548 [24.3 kB]
Get:168 http://packages.ros.org/ros2/ubuntu jammy/main amd64 ros-rolling-ros2-control-test-assets amd64 3.5.0-1jammy.20221206.185950 [11.5 kB]
Get:169 http://packages.ros.org/ros2/ubuntu jammy/main amd64 ros-rolling-ros2cli amd64 0.21.0-1jammy.20221207.005234 [40.9 kB]
Get:170 http://packages.ros.org/ros2/ubuntu jammy/main amd64 ros-rolling-ros2node amd64 0.21.0-1jammy.20221207.005509 [13.8 kB]
Get:171 http://packages.ros.org/ros2/ubuntu jammy/main amd64 ros-rolling-rosidl-runtime-py amd64 0.11.0-1jammy.20221102.224254 [16.8 kB]
Get:172 http://packages.ros.org/ros2/ubuntu jammy/main amd64 ros-rolling-ros2service amd64 0.21.0-1jammy.20221207.005515 [15.2 kB]
Get:173 http://packages.ros.org/ros2/ubuntu jammy/main amd64 ros-rolling-ros2param amd64 0.21.0-1jammy.20221207.010633 [19.8 kB]
Get:174 http://packages.ros.org/ros2/ubuntu jammy/main amd64 ros-rolling-ros2pkg amd64 0.21.0-1jammy.20221207.011005 [25.6 kB]
Get:175 http://packages.ros.org/ros2/ubuntu jammy/main amd64 ros-rolling-ros2run amd64 0.21.0-1jammy.20221207.011854 [9286 B]
Get:176 http://archive.ubuntu.com/ubuntu jammy/main amd64 gettext amd64 0.21-4ubuntu4 [868 kB]
Get:177 http://archive.ubuntu.com/ubuntu jammy/main amd64 intltool-debian all 0.35.0+20060710.5 [24.9 kB]
Get:178 http://archive.ubuntu.com/ubuntu jammy/main amd64 po-debconf all 1.0.21+nmu1 [233 kB]
Get:179 http://archive.ubuntu.com/ubuntu jammy/main amd64 debhelper all 13.6ubuntu1 [923 kB]
Get:180 http://archive.ubuntu.com/ubuntu jammy/main amd64 xml-core all 0.18+nmu1 [21.6 kB]
Get:181 http://archive.ubuntu.com/ubuntu jammy/main amd64 docutils-common all 0.17.1+dfsg-2 [117 kB]
Get:182 http://archive.ubuntu.com/ubuntu jammy/main amd64 libfakeroot amd64 1.28-1ubuntu1 [31.5 kB]
Get:183 http://archive.ubuntu.com/ubuntu jammy/main amd64 fakeroot amd64 1.28-1ubuntu1 [60.4 kB]
Get:184 http://archive.ubuntu.com/ubuntu jammy/universe amd64 googletest all 1.11.0-3 [541 kB]
Get:185 http://archive.ubuntu.com/ubuntu jammy/universe amd64 google-mock amd64 1.11.0-3 [3838 B]
Get:186 http://archive.ubuntu.com/ubuntu jammy/main amd64 libblas3 amd64 3.10.0-2ubuntu1 [228 kB]
Get:187 http://archive.ubuntu.com/ubuntu jammy/universe amd64 libconsole-bridge1.0 amd64 1.0.1+dfsg2-3 [11.9 kB]
Get:188 http://archive.ubuntu.com/ubuntu jammy-updates/main amd64 libexpat1-dev amd64 2.4.7-1ubuntu0.2 [147 kB]
Get:189 http://archive.ubuntu.com/ubuntu jammy/universe amd64 libfmt8 amd64 8.1.1+ds1-2 [60.2 kB]
Get:190 http://archive.ubuntu.com/ubuntu jammy-updates/main amd64 libgfortran5 amd64 12.1.0-2ubuntu1~22.04 [882 kB]
Get:191 http://archive.ubuntu.com/ubuntu jammy/universe amd64 libgtest-dev amd64 1.11.0-3 [250 kB]
Get:192 http://archive.ubuntu.com/ubuntu jammy/main amd64 libjs-jquery all 3.6.0+dfsg+~3.5.13-1 [321 kB]
Get:193 http://archive.ubuntu.com/ubuntu jammy/main amd64 libjs-underscore all 1.13.2~dfsg-2 [118 kB]
Get:194 http://archive.ubuntu.com/ubuntu jammy/main amd64 libjs-sphinxdoc all 4.3.2-1 [139 kB]
Get:195 http://archive.ubuntu.com/ubuntu jammy/main amd64 liblapack3 amd64 3.10.0-2ubuntu1 [2504 kB]
Get:196 http://archive.ubuntu.com/ubuntu jammy-updates/main amd64 libpython3.10 amd64 3.10.6-1~22.04.2 [1955 kB]
Get:197 http://archive.ubuntu.com/ubuntu jammy-updates/main amd64 zlib1g-dev amd64 1:1.2.11.dfsg-2ubuntu9.2 [164 kB]
Get:198 http://archive.ubuntu.com/ubuntu jammy-updates/main amd64 libpython3.10-dev amd64 3.10.6-1~22.04.2 [4755 kB]
Get:199 http://archive.ubuntu.com/ubuntu jammy-updates/main amd64 libpython3-dev amd64 3.10.6-1~22.04 [7166 B]
Get:200 http://archive.ubuntu.com/ubuntu jammy/universe amd64 libspdlog1 amd64 1:1.9.2+ds-0.2 [126 kB]
Get:201 http://archive.ubuntu.com/ubuntu jammy/universe amd64 libfmt-dev amd64 8.1.1+ds1-2 [118 kB]
Get:202 http://archive.ubuntu.com/ubuntu jammy/universe amd64 libspdlog-dev amd64 1:1.9.2+ds-0.2 [181 kB]
Get:203 http://archive.ubuntu.com/ubuntu jammy-updates/main amd64 libssl-dev amd64 3.0.2-0ubuntu1.7 [2372 kB]
Get:204 http://archive.ubuntu.com/ubuntu jammy/universe amd64 libtinyxml2-9 amd64 9.0.0+dfsg-3 [32.5 kB]
Get:205 http://archive.ubuntu.com/ubuntu jammy/main amd64 pkg-config amd64 0.29.2-1ubuntu3 [48.2 kB]
Get:206 http://archive.ubuntu.com/ubuntu jammy/universe amd64 python3-argcomplete all 1.8.1-1.5 [27.2 kB]
Get:207 http://archive.ubuntu.com/ubuntu jammy/main amd64 python3-attr all 21.2.0-1 [44.0 kB]
Get:208 http://archive.ubuntu.com/ubuntu jammy/main amd64 python3-six all 1.16.0-3ubuntu1 [12.6 kB]
Get:209 http://archive.ubuntu.com/ubuntu jammy/main amd64 python3-dateutil all 2.8.1-6 [78.4 kB]
Get:210 http://archive.ubuntu.com/ubuntu jammy/main amd64 python3-roman all 3.3-1 [10.6 kB]
Get:211 http://archive.ubuntu.com/ubuntu jammy/main amd64 python3-docutils all 0.17.1+dfsg-2 [387 kB]
Get:212 http://archive.ubuntu.com/ubuntu jammy/main amd64 python3-pyparsing all 2.4.7-1 [61.4 kB]
Get:213 http://archive.ubuntu.com/ubuntu jammy-updates/main amd64 python3.10-dev amd64 3.10.6-1~22.04.2 [507 kB]
Get:214 http://archive.ubuntu.com/ubuntu jammy-updates/main amd64 python3-lib2to3 all 3.10.6-1~22.04 [77.6 kB]
Get:215 http://archive.ubuntu.com/ubuntu jammy-updates/main amd64 python3-distutils all 3.10.6-1~22.04 [139 kB]
Get:216 http://archive.ubuntu.com/ubuntu jammy-updates/main amd64 python3-dev amd64 3.10.6-1~22.04 [26.0 kB]
Get:217 http://archive.ubuntu.com/ubuntu jammy/universe amd64 python3-empy all 3.3.4-2 [65.7 kB]
Get:218 http://archive.ubuntu.com/ubuntu jammy/main amd64 python3-more-itertools all 8.10.0-2 [47.9 kB]
Get:219 http://archive.ubuntu.com/ubuntu jammy/main amd64 python3-zipp all 1.0.0-3 [5440 B]
Get:220 http://archive.ubuntu.com/ubuntu jammy/main amd64 python3-importlib-metadata all 4.6.4-1 [16.2 kB]
Get:221 http://archive.ubuntu.com/ubuntu jammy/universe amd64 python3-iniconfig all 1.1.1-2 [6024 B]
Get:222 http://archive.ubuntu.com/ubuntu jammy/universe amd64 python3-lark all 1.1.1-1 [123 kB]
Get:223 http://archive.ubuntu.com/ubuntu jammy-updates/main amd64 python3-numpy amd64 1:1.21.5-1ubuntu22.04.1 [3467 kB]
Get:224 http://archive.ubuntu.com/ubuntu jammy/main amd64 python3-packaging all 21.3-1 [30.7 kB]
Get:225 http://archive.ubuntu.com/ubuntu jammy/universe amd64 python3-pluggy all 0.13.0-7.1 [19.0 kB]
Get:226 http://archive.ubuntu.com/ubuntu jammy/universe amd64 python3-py all 1.10.0-1 [71.9 kB]
Get:227 http://archive.ubuntu.com/ubuntu jammy/universe amd64 python3-toml all 0.10.2-1 [16.5 kB]
Get:228 http://archive.ubuntu.com/ubuntu jammy/universe amd64 python3-pytest all 6.2.5-1ubuntu2 [214 kB]
Get:229 http://archive.ubuntu.com/ubuntu jammy/main amd64 python3-setuptools all 59.6.0-1.2 [339 kB]
Get:230 http://archive.ubuntu.com/ubuntu jammy/universe amd64 libconsole-bridge-dev amd64 1.0.1+dfsg2-3 [6700 B]
Get:231 http://archive.ubuntu.com/ubuntu jammy/universe amd64 libtinyxml2-dev amd64 9.0.0+dfsg-3 [18.6 kB]
Get:232 http://archive.ubuntu.com/ubuntu jammy/main amd64 libyaml-dev amd64 0.2.2-1build2 [62.8 kB]
debconf: delaying package configuration, since apt-utils is not installed
Fetched 67.1 MB in 4s (15.0 MB/s)
Selecting previously unselected package libpython3.10-minimal:amd64.
(Reading database ... 10066 files and directories currently installed.)
Preparing to unpack .../libpython3.10-minimal_3.10.6-1~22.04.2_amd64.deb ...
Unpacking libpython3.10-minimal:amd64 (3.10.6-1~22.04.2) ...
Selecting previously unselected package libexpat1:amd64.
Preparing to unpack .../libexpat1_2.4.7-1ubuntu0.2_amd64.deb ...
Unpacking libexpat1:amd64 (2.4.7-1ubuntu0.2) ...
Selecting previously unselected package python3.10-minimal.
Preparing to unpack .../python3.10-minimal_3.10.6-1~22.04.2_amd64.deb ...
Unpacking python3.10-minimal (3.10.6-1~22.04.2) ...
Setting up libpython3.10-minimal:amd64 (3.10.6-1~22.04.2) ...
Setting up libexpat1:amd64 (2.4.7-1ubuntu0.2) ...
Setting up python3.10-minimal (3.10.6-1~22.04.2) ...
Selecting previously unselected package python3-minimal.
(Reading database ... 10368 files and directories currently installed.)
Preparing to unpack .../0-python3-minimal_3.10.6-1~22.04_amd64.deb ...
Unpacking python3-minimal (3.10.6-1~22.04) ...
Selecting previously unselected package media-types.
Preparing to unpack .../1-media-types_7.0.0_all.deb ...
Unpacking media-types (7.0.0) ...
Selecting previously unselected package libmpdec3:amd64.
Preparing to unpack .../2-libmpdec3_2.5.1-2build2_amd64.deb ...
Unpacking libmpdec3:amd64 (2.5.1-2build2) ...
Selecting previously unselected package readline-common.
Preparing to unpack .../3-readline-common_8.1.2-1_all.deb ...
Unpacking readline-common (8.1.2-1) ...
Selecting previously unselected package libreadline8:amd64.
Preparing to unpack .../4-libreadline8_8.1.2-1_amd64.deb ...
Unpacking libreadline8:amd64 (8.1.2-1) ...
Selecting previously unselected package libsqlite3-0:amd64.
Preparing to unpack .../5-libsqlite3-0_3.37.2-2ubuntu0.1_amd64.deb ...
Unpacking libsqlite3-0:amd64 (3.37.2-2ubuntu0.1) ...
Selecting previously unselected package libpython3.10-stdlib:amd64.
Preparing to unpack .../6-libpython3.10-stdlib_3.10.6-1~22.04.2_amd64.deb ...
Unpacking libpython3.10-stdlib:amd64 (3.10.6-1~22.04.2) ...
Selecting previously unselected package python3.10.
Preparing to unpack .../7-python3.10_3.10.6-1~22.04.2_amd64.deb ...
Unpacking python3.10 (3.10.6-1~22.04.2) ...
Selecting previously unselected package libpython3-stdlib:amd64.
Preparing to unpack .../8-libpython3-stdlib_3.10.6-1~22.04_amd64.deb ...
Unpacking libpython3-stdlib:amd64 (3.10.6-1~22.04) ...
Setting up python3-minimal (3.10.6-1~22.04) ...
Selecting previously unselected package python3.
(Reading database ... 10797 files and directories currently installed.)
Preparing to unpack .../000-python3_3.10.6-1~22.04_amd64.deb ...
Unpacking python3 (3.10.6-1~22.04) ...
Selecting previously unselected package sgml-base.
Preparing to unpack .../001-sgml-base_1.30_all.deb ...
Unpacking sgml-base (1.30) ...
Selecting previously unselected package libelf1:amd64.
Preparing to unpack .../002-libelf1_0.186-1build1_amd64.deb ...
Unpacking libelf1:amd64 (0.186-1build1) ...
Selecting previously unselected package libglib2.0-0:amd64.
Preparing to unpack .../003-libglib2.0-0_2.72.4-0ubuntu1_amd64.deb ...
Unpacking libglib2.0-0:amd64 (2.72.4-0ubuntu1) ...
Selecting previously unselected package libicu70:amd64.
Preparing to unpack .../004-libicu70_70.1-2_amd64.deb ...
Unpacking libicu70:amd64 (70.1-2) ...
Selecting previously unselected package libxml2:amd64.
Preparing to unpack .../005-libxml2_2.9.13+dfsg-1ubuntu0.2_amd64.deb ...
Unpacking libxml2:amd64 (2.9.13+dfsg-1ubuntu0.2) ...
Selecting previously unselected package libyaml-0-2:amd64.
Preparing to unpack .../006-libyaml-0-2_0.2.2-1build2_amd64.deb ...
Unpacking libyaml-0-2:amd64 (0.2.2-1build2) ...
Selecting previously unselected package python3-netifaces:amd64.
Preparing to unpack .../007-python3-netifaces_0.11.0-1build2_amd64.deb ...
Unpacking python3-netifaces:amd64 (0.11.0-1build2) ...
Selecting previously unselected package python3-pkg-resources.
Preparing to unpack .../008-python3-pkg-resources_59.6.0-1.2_all.deb ...
Unpacking python3-pkg-resources (59.6.0-1.2) ...
Selecting previously unselected package python3-yaml.
Preparing to unpack .../009-python3-yaml_5.4.1-1ubuntu1_amd64.deb ...
Unpacking python3-yaml (5.4.1-1ubuntu1) ...
Selecting previously unselected package tzdata.
Preparing to unpack .../010-tzdata_2022g-0ubuntu0.22.04.1_all.deb ...
Unpacking tzdata (2022g-0ubuntu0.22.04.1) ...
Selecting previously unselected package bsdextrautils.
Preparing to unpack .../011-bsdextrautils_2.37.2-4ubuntu3_amd64.deb ...
Unpacking bsdextrautils (2.37.2-4ubuntu3) ...
Selecting previously unselected package libmagic-mgc.
Preparing to unpack .../012-libmagic-mgc_1%3a5.41-3_amd64.deb ...
Unpacking libmagic-mgc (1:5.41-3) ...
Selecting previously unselected package libmagic1:amd64.
Preparing to unpack .../013-libmagic1_1%3a5.41-3_amd64.deb ...
Unpacking libmagic1:amd64 (1:5.41-3) ...
Selecting previously unselected package file.
Preparing to unpack .../014-file_1%3a5.41-3_amd64.deb ...
Unpacking file (1:5.41-3) ...
Selecting previously unselected package gettext-base.
Preparing to unpack .../015-gettext-base_0.21-4ubuntu4_amd64.deb ...
Unpacking gettext-base (0.21-4ubuntu4) ...
Selecting previously unselected package libuchardet0:amd64.
Preparing to unpack .../016-libuchardet0_0.0.7-1build2_amd64.deb ...
Unpacking libuchardet0:amd64 (0.0.7-1build2) ...
Selecting previously unselected package groff-base.
Preparing to unpack .../017-groff-base_1.22.4-8build1_amd64.deb ...
Unpacking groff-base (1.22.4-8build1) ...
Selecting previously unselected package libnghttp2-14:amd64.
Preparing to unpack .../018-libnghttp2-14_1.43.0-1build3_amd64.deb ...
Unpacking libnghttp2-14:amd64 (1.43.0-1build3) ...
Selecting previously unselected package libpipeline1:amd64.
Preparing to unpack .../019-libpipeline1_1.5.5-1_amd64.deb ...
Unpacking libpipeline1:amd64 (1.5.5-1) ...
Selecting previously unselected package libpsl5:amd64.
Preparing to unpack .../020-libpsl5_0.21.0-1.2build2_amd64.deb ...
Unpacking libpsl5:amd64 (0.21.0-1.2build2) ...
Selecting previously unselected package libuv1:amd64.
Preparing to unpack .../021-libuv1_1.43.0-1_amd64.deb ...
Unpacking libuv1:amd64 (1.43.0-1) ...
Selecting previously unselected package man-db.
Preparing to unpack .../022-man-db_2.10.2-1_amd64.deb ...
Unpacking man-db (2.10.2-1) ...
Selecting previously unselected package libsigsegv2:amd64.
Preparing to unpack .../023-libsigsegv2_2.13-1ubuntu3_amd64.deb ...
Unpacking libsigsegv2:amd64 (2.13-1ubuntu3) ...
Selecting previously unselected package m4.
Preparing to unpack .../024-m4_1.4.18-5ubuntu2_amd64.deb ...
Unpacking m4 (1.4.18-5ubuntu2) ...
Selecting previously unselected package autoconf.
Preparing to unpack .../025-autoconf_2.71-2_all.deb ...
Unpacking autoconf (2.71-2) ...
Selecting previously unselected package autotools-dev.
Preparing to unpack .../026-autotools-dev_20220109.1_all.deb ...
Unpacking autotools-dev (20220109.1) ...
Selecting previously unselected package automake.
Preparing to unpack .../027-automake_1%3a1.16.5-1.3_all.deb ...
Unpacking automake (1:1.16.5-1.3) ...
Selecting previously unselected package autopoint.
Preparing to unpack .../028-autopoint_0.21-4ubuntu4_all.deb ...
Unpacking autopoint (0.21-4ubuntu4) ...
Selecting previously unselected package catch2.
Preparing to unpack .../029-catch2_2.13.8-1_amd64.deb ...
Unpacking catch2 (2.13.8-1) ...
Selecting previously unselected package libarchive13:amd64.
Preparing to unpack .../030-libarchive13_3.6.0-1ubuntu1_amd64.deb ...
Unpacking libarchive13:amd64 (3.6.0-1ubuntu1) ...
Selecting previously unselected package libbrotli1:amd64.
Preparing to unpack .../031-libbrotli1_1.0.9-2build6_amd64.deb ...
Unpacking libbrotli1:amd64 (1.0.9-2build6) ...
Selecting previously unselected package libsasl2-modules-db:amd64.
Preparing to unpack .../032-libsasl2-modules-db_2.1.27+dfsg2-3ubuntu1.1_amd64.deb ...
Unpacking libsasl2-modules-db:amd64 (2.1.27+dfsg2-3ubuntu1.1) ...
Selecting previously unselected package libsasl2-2:amd64.
Preparing to unpack .../033-libsasl2-2_2.1.27+dfsg2-3ubuntu1.1_amd64.deb ...
Unpacking libsasl2-2:amd64 (2.1.27+dfsg2-3ubuntu1.1) ...
Selecting previously unselected package libldap-2.5-0:amd64.
Preparing to unpack .../034-libldap-2.5-0_2.5.13+dfsg-0ubuntu0.22.04.1_amd64.deb ...
Unpacking libldap-2.5-0:amd64 (2.5.13+dfsg-0ubuntu0.22.04.1) ...
Selecting previously unselected package librtmp1:amd64.
Preparing to unpack .../035-librtmp1_2.4+20151223.gitfa8646d.1-2build4_amd64.deb ...
Unpacking librtmp1:amd64 (2.4+20151223.gitfa8646d.1-2build4) ...
Selecting previously unselected package libssh-4:amd64.
Preparing to unpack .../036-libssh-4_0.9.6-2build1_amd64.deb ...
Unpacking libssh-4:amd64 (0.9.6-2build1) ...
Selecting previously unselected package libcurl4:amd64.
Preparing to unpack .../037-libcurl4_7.81.0-1ubuntu1.7_amd64.deb ...
Unpacking libcurl4:amd64 (7.81.0-1ubuntu1.7) ...
Selecting previously unselected package libjsoncpp25:amd64.
Preparing to unpack .../038-libjsoncpp25_1.9.5-3_amd64.deb ...
Unpacking libjsoncpp25:amd64 (1.9.5-3) ...
Selecting previously unselected package librhash0:amd64.
Preparing to unpack .../039-librhash0_1.4.2-1ubuntu1_amd64.deb ...
Unpacking librhash0:amd64 (1.4.2-1ubuntu1) ...
Selecting previously unselected package dh-elpa-helper.
Preparing to unpack .../040-dh-elpa-helper_2.0.9ubuntu1_all.deb ...
Unpacking dh-elpa-helper (2.0.9ubuntu1) ...
Selecting previously unselected package emacsen-common.
Preparing to unpack .../041-emacsen-common_3.0.4_all.deb ...
Unpacking emacsen-common (3.0.4) ...
Selecting previously unselected package cmake-data.
Preparing to unpack .../042-cmake-data_3.22.1-1ubuntu1.22.04.1_all.deb ...
Unpacking cmake-data (3.22.1-1ubuntu1.22.04.1) ...
Selecting previously unselected package cmake.
Preparing to unpack .../043-cmake_3.22.1-1ubuntu1.22.04.1_amd64.deb ...
Unpacking cmake (3.22.1-1ubuntu1.22.04.1) ...
Selecting previously unselected package libdebhelper-perl.
Preparing to unpack .../044-libdebhelper-perl_13.6ubuntu1_all.deb ...
Unpacking libdebhelper-perl (13.6ubuntu1) ...
Selecting previously unselected package libtool.
Preparing to unpack .../045-libtool_2.4.6-15build2_all.deb ...
Unpacking libtool (2.4.6-15build2) ...
Selecting previously unselected package dh-autoreconf.
Preparing to unpack .../046-dh-autoreconf_20_all.deb ...
Unpacking dh-autoreconf (20) ...
Selecting previously unselected package libarchive-zip-perl.
Preparing to unpack .../047-libarchive-zip-perl_1.68-1_all.deb ...
Unpacking libarchive-zip-perl (1.68-1) ...
Selecting previously unselected package libsub-override-perl.
Preparing to unpack .../048-libsub-override-perl_0.09-2_all.deb ...
Unpacking libsub-override-perl (0.09-2) ...
Selecting previously unselected package libfile-stripnondeterminism-perl.
Preparing to unpack .../049-libfile-stripnondeterminism-perl_1.13.0-1_all.deb ...
Unpacking libfile-stripnondeterminism-perl (1.13.0-1) ...
Selecting previously unselected package dh-strip-nondeterminism.
Preparing to unpack .../050-dh-strip-nondeterminism_1.13.0-1_all.deb ...
Unpacking dh-strip-nondeterminism (1.13.0-1) ...
Selecting previously unselected package libdw1:amd64.
Preparing to unpack .../051-libdw1_0.186-1build1_amd64.deb ...
Unpacking libdw1:amd64 (0.186-1build1) ...
Selecting previously unselected package debugedit.
Preparing to unpack .../052-debugedit_1%3a5.0-4build1_amd64.deb ...
Unpacking debugedit (1:5.0-4build1) ...
Selecting previously unselected package dwz.
Preparing to unpack .../053-dwz_0.14-1build2_amd64.deb ...
Unpacking dwz (0.14-1build2) ...
Selecting previously unselected package gettext.
Preparing to unpack .../054-gettext_0.21-4ubuntu4_amd64.deb ...
Unpacking gettext (0.21-4ubuntu4) ...
Selecting previously unselected package intltool-debian.
Preparing to unpack .../055-intltool-debian_0.35.0+20060710.5_all.deb ...
Unpacking intltool-debian (0.35.0+20060710.5) ...
Selecting previously unselected package po-debconf.
Preparing to unpack .../056-po-debconf_1.0.21+nmu1_all.deb ...
Unpacking po-debconf (1.0.21+nmu1) ...
Selecting previously unselected package debhelper.
Preparing to unpack .../057-debhelper_13.6ubuntu1_all.deb ...
Unpacking debhelper (13.6ubuntu1) ...
Selecting previously unselected package xml-core.
Preparing to unpack .../058-xml-core_0.18+nmu1_all.deb ...
Unpacking xml-core (0.18+nmu1) ...
Selecting previously unselected package docutils-common.
Preparing to unpack .../059-docutils-common_0.17.1+dfsg-2_all.deb ...
Unpacking docutils-common (0.17.1+dfsg-2) ...
Selecting previously unselected package libfakeroot:amd64.
Preparing to unpack .../060-libfakeroot_1.28-1ubuntu1_amd64.deb ...
Unpacking libfakeroot:amd64 (1.28-1ubuntu1) ...
Selecting previously unselected package fakeroot.
Preparing to unpack .../061-fakeroot_1.28-1ubuntu1_amd64.deb ...
Unpacking fakeroot (1.28-1ubuntu1) ...
Selecting previously unselected package googletest.
Preparing to unpack .../062-googletest_1.11.0-3_all.deb ...
Unpacking googletest (1.11.0-3) ...
Selecting previously unselected package google-mock:amd64.
Preparing to unpack .../063-google-mock_1.11.0-3_amd64.deb ...
Unpacking google-mock:amd64 (1.11.0-3) ...
Selecting previously unselected package libblas3:amd64.
Preparing to unpack .../064-libblas3_3.10.0-2ubuntu1_amd64.deb ...
Unpacking libblas3:amd64 (3.10.0-2ubuntu1) ...
Selecting previously unselected package libconsole-bridge1.0:amd64.
Preparing to unpack .../065-libconsole-bridge1.0_1.0.1+dfsg2-3_amd64.deb ...
Unpacking libconsole-bridge1.0:amd64 (1.0.1+dfsg2-3) ...
Selecting previously unselected package libexpat1-dev:amd64.
Preparing to unpack .../066-libexpat1-dev_2.4.7-1ubuntu0.2_amd64.deb ...
Unpacking libexpat1-dev:amd64 (2.4.7-1ubuntu0.2) ...
Selecting previously unselected package libfmt8:amd64.
Preparing to unpack .../067-libfmt8_8.1.1+ds1-2_amd64.deb ...
Unpacking libfmt8:amd64 (8.1.1+ds1-2) ...
Selecting previously unselected package libgfortran5:amd64.
Preparing to unpack .../068-libgfortran5_12.1.0-2ubuntu1~22.04_amd64.deb ...
Unpacking libgfortran5:amd64 (12.1.0-2ubuntu1~22.04) ...
Selecting previously unselected package libgtest-dev:amd64.
Preparing to unpack .../069-libgtest-dev_1.11.0-3_amd64.deb ...
Unpacking libgtest-dev:amd64 (1.11.0-3) ...
Selecting previously unselected package libjs-jquery.
Preparing to unpack .../070-libjs-jquery_3.6.0+dfsg+~3.5.13-1_all.deb ...
Unpacking libjs-jquery (3.6.0+dfsg+~3.5.13-1) ...
Selecting previously unselected package libjs-underscore.
Preparing to unpack .../071-libjs-underscore_1.13.2~dfsg-2_all.deb ...
Unpacking libjs-underscore (1.13.2~dfsg-2) ...
Selecting previously unselected package libjs-sphinxdoc.
Preparing to unpack .../072-libjs-sphinxdoc_4.3.2-1_all.deb ...
Unpacking libjs-sphinxdoc (4.3.2-1) ...
Selecting previously unselected package liblapack3:amd64.
Preparing to unpack .../073-liblapack3_3.10.0-2ubuntu1_amd64.deb ...
Unpacking liblapack3:amd64 (3.10.0-2ubuntu1) ...
Selecting previously unselected package libpython3.10:amd64.
Preparing to unpack .../074-libpython3.10_3.10.6-1~22.04.2_amd64.deb ...
Unpacking libpython3.10:amd64 (3.10.6-1~22.04.2) ...
Selecting previously unselected package zlib1g-dev:amd64.
Preparing to unpack .../075-zlib1g-dev_1%3a1.2.11.dfsg-2ubuntu9.2_amd64.deb ...
Unpacking zlib1g-dev:amd64 (1:1.2.11.dfsg-2ubuntu9.2) ...
Selecting previously unselected package libpython3.10-dev:amd64.
Preparing to unpack .../076-libpython3.10-dev_3.10.6-1~22.04.2_amd64.deb ...
Unpacking libpython3.10-dev:amd64 (3.10.6-1~22.04.2) ...
Selecting previously unselected package libpython3-dev:amd64.
Preparing to unpack .../077-libpython3-dev_3.10.6-1~22.04_amd64.deb ...
Unpacking libpython3-dev:amd64 (3.10.6-1~22.04) ...
Selecting previously unselected package libspdlog1:amd64.
Preparing to unpack .../078-libspdlog1_1%3a1.9.2+ds-0.2_amd64.deb ...
Unpacking libspdlog1:amd64 (1:1.9.2+ds-0.2) ...
Selecting previously unselected package libfmt-dev:amd64.
Preparing to unpack .../079-libfmt-dev_8.1.1+ds1-2_amd64.deb ...
Unpacking libfmt-dev:amd64 (8.1.1+ds1-2) ...
Selecting previously unselected package libspdlog-dev:amd64.
Preparing to unpack .../080-libspdlog-dev_1%3a1.9.2+ds-0.2_amd64.deb ...
Unpacking libspdlog-dev:amd64 (1:1.9.2+ds-0.2) ...
Selecting previously unselected package libssl-dev:amd64.
Preparing to unpack .../081-libssl-dev_3.0.2-0ubuntu1.7_amd64.deb ...
Unpacking libssl-dev:amd64 (3.0.2-0ubuntu1.7) ...
Selecting previously unselected package libtinyxml2-9:amd64.
Preparing to unpack .../082-libtinyxml2-9_9.0.0+dfsg-3_amd64.deb ...
Unpacking libtinyxml2-9:amd64 (9.0.0+dfsg-3) ...
Selecting previously unselected package pkg-config.
Preparing to unpack .../083-pkg-config_0.29.2-1ubuntu3_amd64.deb ...
Unpacking pkg-config (0.29.2-1ubuntu3) ...
Selecting previously unselected package python3-argcomplete.
Preparing to unpack .../084-python3-argcomplete_1.8.1-1.5_all.deb ...
Unpacking python3-argcomplete (1.8.1-1.5) ...
Selecting previously unselected package python3-attr.
Preparing to unpack .../085-python3-attr_21.2.0-1_all.deb ...
Unpacking python3-attr (21.2.0-1) ...
Selecting previously unselected package python3-six.
Preparing to unpack .../086-python3-six_1.16.0-3ubuntu1_all.deb ...
Unpacking python3-six (1.16.0-3ubuntu1) ...
Selecting previously unselected package python3-dateutil.
Preparing to unpack .../087-python3-dateutil_2.8.1-6_all.deb ...
Unpacking python3-dateutil (2.8.1-6) ...
Selecting previously unselected package python3-roman.
Preparing to unpack .../088-python3-roman_3.3-1_all.deb ...
Unpacking python3-roman (3.3-1) ...
Selecting previously unselected package python3-docutils.
Preparing to unpack .../089-python3-docutils_0.17.1+dfsg-2_all.deb ...
Unpacking python3-docutils (0.17.1+dfsg-2) ...
Selecting previously unselected package python3-pyparsing.
Preparing to unpack .../090-python3-pyparsing_2.4.7-1_all.deb ...
Unpacking python3-pyparsing (2.4.7-1) ...
Selecting previously unselected package python3-catkin-pkg-modules.
Preparing to unpack .../091-python3-catkin-pkg-modules_0.5.2-1_all.deb ...
Unpacking python3-catkin-pkg-modules (0.5.2-1) ...
Selecting previously unselected package python3.10-dev.
Preparing to unpack .../092-python3.10-dev_3.10.6-1~22.04.2_amd64.deb ...
Unpacking python3.10-dev (3.10.6-1~22.04.2) ...
Selecting previously unselected package python3-lib2to3.
Preparing to unpack .../093-python3-lib2to3_3.10.6-1~22.04_all.deb ...
Unpacking python3-lib2to3 (3.10.6-1~22.04) ...
Selecting previously unselected package python3-distutils.
Preparing to unpack .../094-python3-distutils_3.10.6-1~22.04_all.deb ...
Unpacking python3-distutils (3.10.6-1~22.04) ...
Selecting previously unselected package python3-dev.
Preparing to unpack .../095-python3-dev_3.10.6-1~22.04_amd64.deb ...
Unpacking python3-dev (3.10.6-1~22.04) ...
Selecting previously unselected package python3-empy.
Preparing to unpack .../096-python3-empy_3.3.4-2_all.deb ...
Unpacking python3-empy (3.3.4-2) ...
Selecting previously unselected package python3-more-itertools.
Preparing to unpack .../097-python3-more-itertools_8.10.0-2_all.deb ...
Unpacking python3-more-itertools (8.10.0-2) ...
Selecting previously unselected package python3-zipp.
Preparing to unpack .../098-python3-zipp_1.0.0-3_all.deb ...
Unpacking python3-zipp (1.0.0-3) ...
Selecting previously unselected package python3-importlib-metadata.
Preparing to unpack .../099-python3-importlib-metadata_4.6.4-1_all.deb ...
Unpacking python3-importlib-metadata (4.6.4-1) ...
Selecting previously unselected package python3-iniconfig.
Preparing to unpack .../100-python3-iniconfig_1.1.1-2_all.deb ...
Unpacking python3-iniconfig (1.1.1-2) ...
Selecting previously unselected package python3-lark.
Preparing to unpack .../101-python3-lark_1.1.1-1_all.deb ...
Unpacking python3-lark (1.1.1-1) ...
Selecting previously unselected package python3-numpy.
Preparing to unpack .../102-python3-numpy_1%3a1.21.5-1ubuntu22.04.1_amd64.deb ...
Unpacking python3-numpy (1:1.21.5-1ubuntu22.04.1) ...
Selecting previously unselected package python3-packaging.
Preparing to unpack .../103-python3-packaging_21.3-1_all.deb ...
Unpacking python3-packaging (21.3-1) ...
Selecting previously unselected package python3-pluggy.
Preparing to unpack .../104-python3-pluggy_0.13.0-7.1_all.deb ...
Unpacking python3-pluggy (0.13.0-7.1) ...
Selecting previously unselected package python3-py.
Preparing to unpack .../105-python3-py_1.10.0-1_all.deb ...
Unpacking python3-py (1.10.0-1) ...
Selecting previously unselected package python3-toml.
Preparing to unpack .../106-python3-toml_0.10.2-1_all.deb ...
Unpacking python3-toml (0.10.2-1) ...
Selecting previously unselected package python3-pytest.
Preparing to unpack .../107-python3-pytest_6.2.5-1ubuntu2_all.deb ...
Unpacking python3-pytest (6.2.5-1ubuntu2) ...
Selecting previously unselected package python3-setuptools.
Preparing to unpack .../108-python3-setuptools_59.6.0-1.2_all.deb ...
Unpacking python3-setuptools (59.6.0-1.2) ...
Selecting previously unselected package ros-rolling-ros-workspace.
Preparing to unpack .../109-ros-rolling-ros-workspace_1.0.2-5jammy.20221102.192419_amd64.deb ...
Unpacking ros-rolling-ros-workspace (1.0.2-5jammy.20221102.192419) ...
Selecting previously unselected package ros-rolling-fastcdr.
Preparing to unpack .../110-ros-rolling-fastcdr_1.0.24-2jammy.20221102.193642_amd64.deb ...
Unpacking ros-rolling-fastcdr (1.0.24-2jammy.20221102.193642) ...
Selecting previously unselected package ros-rolling-ament-package.
Preparing to unpack .../111-ros-rolling-ament-package_0.15.1-1jammy.20220914.010527_amd64.deb ...
Unpacking ros-rolling-ament-package (0.15.1-1jammy.20220914.010527) ...
Selecting previously unselected package ros-rolling-ament-cmake-core.
Preparing to unpack .../112-ros-rolling-ament-cmake-core_1.5.2-1jammy.20221102.192246_amd64.deb ...
Unpacking ros-rolling-ament-cmake-core (1.5.2-1jammy.20221102.192246) ...
Selecting previously unselected package ros-rolling-ament-cmake-export-definitions.
Preparing to unpack .../113-ros-rolling-ament-cmake-export-definitions_1.5.2-1jammy.20221102.192705_amd64.deb ...
Unpacking ros-rolling-ament-cmake-export-definitions (1.5.2-1jammy.20221102.192705) ...
Selecting previously unselected package ros-rolling-ament-cmake-libraries.
Preparing to unpack .../114-ros-rolling-ament-cmake-libraries_1.5.2-1jammy.20221102.192835_amd64.deb ...
Unpacking ros-rolling-ament-cmake-libraries (1.5.2-1jammy.20221102.192835) ...
Selecting previously unselected package ros-rolling-ament-cmake-export-dependencies.
Preparing to unpack .../115-ros-rolling-ament-cmake-export-dependencies_1.5.2-1jammy.20221102.193026_amd64.deb ...
Unpacking ros-rolling-ament-cmake-export-dependencies (1.5.2-1jammy.20221102.193026) ...
Selecting previously unselected package ros-rolling-ament-cmake-export-include-directories.
Preparing to unpack .../116-ros-rolling-ament-cmake-export-include-directories_1.5.2-1jammy.20221102.192721_amd64.deb ...
Unpacking ros-rolling-ament-cmake-export-include-directories (1.5.2-1jammy.20221102.192721) ...
Selecting previously unselected package ros-rolling-ament-cmake-export-libraries.
Preparing to unpack .../117-ros-rolling-ament-cmake-export-libraries_1.5.2-1jammy.20221102.192706_amd64.deb ...
Unpacking ros-rolling-ament-cmake-export-libraries (1.5.2-1jammy.20221102.192706) ...
Selecting previously unselected package ros-rolling-ament-cmake-export-interfaces.
Preparing to unpack .../118-ros-rolling-ament-cmake-export-interfaces_1.5.2-1jammy.20221102.192746_amd64.deb ...
Unpacking ros-rolling-ament-cmake-export-interfaces (1.5.2-1jammy.20221102.192746) ...
Selecting previously unselected package ros-rolling-ament-cmake-export-link-flags.
Preparing to unpack .../119-ros-rolling-ament-cmake-export-link-flags_1.5.2-1jammy.20221102.192717_amd64.deb ...
Unpacking ros-rolling-ament-cmake-export-link-flags (1.5.2-1jammy.20221102.192717) ...
Selecting previously unselected package ros-rolling-ament-cmake-export-targets.
Preparing to unpack .../120-ros-rolling-ament-cmake-export-targets_1.5.2-1jammy.20221102.192735_amd64.deb ...
Unpacking ros-rolling-ament-cmake-export-targets (1.5.2-1jammy.20221102.192735) ...
Selecting previously unselected package ros-rolling-ament-cmake-gen-version-h.
Preparing to unpack .../121-ros-rolling-ament-cmake-gen-version-h_1.5.2-1jammy.20221102.193628_amd64.deb ...
Unpacking ros-rolling-ament-cmake-gen-version-h (1.5.2-1jammy.20221102.193628) ...
Selecting previously unselected package ros-rolling-ament-cmake-python.
Preparing to unpack .../122-ros-rolling-ament-cmake-python_1.5.2-1jammy.20221102.192703_amd64.deb ...
Unpacking ros-rolling-ament-cmake-python (1.5.2-1jammy.20221102.192703) ...
Selecting previously unselected package ros-rolling-ament-cmake-include-directories.
Preparing to unpack .../123-ros-rolling-ament-cmake-include-directories_1.5.2-1jammy.20221102.192841_amd64.deb ...
Unpacking ros-rolling-ament-cmake-include-directories (1.5.2-1jammy.20221102.192841) ...
Selecting previously unselected package ros-rolling-ament-cmake-target-dependencies.
Preparing to unpack .../124-ros-rolling-ament-cmake-target-dependencies_1.5.2-1jammy.20221102.193033_amd64.deb ...
Unpacking ros-rolling-ament-cmake-target-dependencies (1.5.2-1jammy.20221102.193033) ...
Selecting previously unselected package ros-rolling-ament-cmake-test.
Preparing to unpack .../125-ros-rolling-ament-cmake-test_1.5.2-1jammy.20221102.192731_amd64.deb ...
Unpacking ros-rolling-ament-cmake-test (1.5.2-1jammy.20221102.192731) ...
Selecting previously unselected package ros-rolling-ament-cmake-version.
Preparing to unpack .../126-ros-rolling-ament-cmake-version_1.5.2-1jammy.20221102.192703_amd64.deb ...
Unpacking ros-rolling-ament-cmake-version (1.5.2-1jammy.20221102.192703) ...
Selecting previously unselected package ros-rolling-ament-cmake.
Preparing to unpack .../127-ros-rolling-ament-cmake_1.5.2-1jammy.20221102.193827_amd64.deb ...
Unpacking ros-rolling-ament-cmake (1.5.2-1jammy.20221102.193827) ...
Selecting previously unselected package ros-rolling-ament-index-python.
Preparing to unpack .../128-ros-rolling-ament-index-python_1.5.1-1jammy.20221102.194954_amd64.deb ...
Unpacking ros-rolling-ament-index-python (1.5.1-1jammy.20221102.194954) ...
Selecting previously unselected package ros-rolling-python-cmake-module.
Preparing to unpack .../129-ros-rolling-python-cmake-module_0.10.1-1jammy.20221102.201330_amd64.deb ...
Unpacking ros-rolling-python-cmake-module (0.10.1-1jammy.20221102.201330) ...
Selecting previously unselected package ros-rolling-rcutils.
Preparing to unpack .../130-ros-rolling-rcutils_6.0.1-1jammy.20221102.202700_amd64.deb ...
Unpacking ros-rolling-rcutils (6.0.1-1jammy.20221102.202700) ...
Selecting previously unselected package ros-rolling-rosidl-typesupport-interface.
Preparing to unpack .../131-ros-rolling-rosidl-typesupport-interface_3.3.1-1jammy.20221102.195920_amd64.deb ...
Unpacking ros-rolling-rosidl-typesupport-interface (3.3.1-1jammy.20221102.195920) ...
Selecting previously unselected package ros-rolling-rosidl-runtime-c.
Preparing to unpack .../132-ros-rolling-rosidl-runtime-c_3.3.1-1jammy.20221102.212508_amd64.deb ...
Unpacking ros-rolling-rosidl-runtime-c (3.3.1-1jammy.20221102.212508) ...
Selecting previously unselected package ros-rolling-rmw.
Preparing to unpack .../133-ros-rolling-rmw_6.4.0-1jammy.20221102.212809_amd64.deb ...
Unpacking ros-rolling-rmw (6.4.0-1jammy.20221102.212809) ...
Selecting previously unselected package ros-rolling-rosidl-cli.
Preparing to unpack .../134-ros-rolling-rosidl-cli_3.3.1-1jammy.20221102.195206_amd64.deb ...
Unpacking ros-rolling-rosidl-cli (3.3.1-1jammy.20221102.195206) ...
Selecting previously unselected package ros-rolling-rosidl-adapter.
Preparing to unpack .../135-ros-rolling-rosidl-adapter_3.3.1-1jammy.20221102.195836_amd64.deb ...
Unpacking ros-rolling-rosidl-adapter (3.3.1-1jammy.20221102.195836) ...
Selecting previously unselected package ros-rolling-rosidl-parser.
Preparing to unpack .../136-ros-rolling-rosidl-parser_3.3.1-1jammy.20221102.200016_amd64.deb ...
Unpacking ros-rolling-rosidl-parser (3.3.1-1jammy.20221102.200016) ...
Selecting previously unselected package ros-rolling-rosidl-pycommon.
Preparing to unpack .../137-ros-rolling-rosidl-pycommon_3.3.1-1jammy.20221102.200148_amd64.deb ...
Unpacking ros-rolling-rosidl-pycommon (3.3.1-1jammy.20221102.200148) ...
Selecting previously unselected package ros-rolling-rosidl-generator-c.
Preparing to unpack .../138-ros-rolling-rosidl-generator-c_3.3.1-1jammy.20221102.212430_amd64.deb ...
Unpacking ros-rolling-rosidl-generator-c (3.3.1-1jammy.20221102.212430) ...
Selecting previously unselected package ros-rolling-rcpputils.
Preparing to unpack .../139-ros-rolling-rcpputils_2.6.0-1jammy.20221102.203407_amd64.deb ...
Unpacking ros-rolling-rcpputils (2.6.0-1jammy.20221102.203407) ...
Selecting previously unselected package ros-rolling-rosidl-typesupport-c.
Preparing to unpack .../140-ros-rolling-rosidl-typesupport-c_2.2.0-1jammy.20221102.213026_amd64.deb ...
Unpacking ros-rolling-rosidl-typesupport-c (2.2.0-1jammy.20221102.213026) ...
Selecting previously unselected package ros-rolling-rpyutils.
Preparing to unpack .../141-ros-rolling-rpyutils_0.3.1-1jammy.20221102.195223_amd64.deb ...
Unpacking ros-rolling-rpyutils (0.3.1-1jammy.20221102.195223) ...
Selecting previously unselected package ros-rolling-rosidl-generator-py.
Preparing to unpack .../142-ros-rolling-rosidl-generator-py_0.16.1-1jammy.20221102.213950_amd64.deb ...
Unpacking ros-rolling-rosidl-generator-py (0.16.1-1jammy.20221102.213950) ...
Selecting previously unselected package ros-rolling-rosidl-runtime-cpp.
Preparing to unpack .../143-ros-rolling-rosidl-runtime-cpp_3.3.1-1jammy.20221102.212839_amd64.deb ...
Unpacking ros-rolling-rosidl-runtime-cpp (3.3.1-1jammy.20221102.212839) ...
Selecting previously unselected package ros-rolling-rosidl-typesupport-cpp.
Preparing to unpack .../144-ros-rolling-rosidl-typesupport-cpp_2.2.0-1jammy.20221102.213316_amd64.deb ...
Unpacking ros-rolling-rosidl-typesupport-cpp (2.2.0-1jammy.20221102.213316) ...
Selecting previously unselected package ros-rolling-gtest-vendor.
Preparing to unpack .../145-ros-rolling-gtest-vendor_1.10.9004-3jammy.20221102.193517_amd64.deb ...
Unpacking ros-rolling-gtest-vendor (1.10.9004-3jammy.20221102.193517) ...
Selecting previously unselected package ros-rolling-ament-cmake-gtest.
Preparing to unpack .../146-ros-rolling-ament-cmake-gtest_1.5.2-1jammy.20221102.193555_amd64.deb ...
Unpacking ros-rolling-ament-cmake-gtest (1.5.2-1jammy.20221102.193555) ...
Selecting previously unselected package ros-rolling-gmock-vendor.
Preparing to unpack .../147-ros-rolling-gmock-vendor_1.10.9004-3jammy.20221102.193605_amd64.deb ...
Unpacking ros-rolling-gmock-vendor (1.10.9004-3jammy.20221102.193605) ...
Selecting previously unselected package ros-rolling-ament-cmake-gmock.
Preparing to unpack .../148-ros-rolling-ament-cmake-gmock_1.5.2-1jammy.20221102.193700_amd64.deb ...
Unpacking ros-rolling-ament-cmake-gmock (1.5.2-1jammy.20221102.193700) ...
Selecting previously unselected package ros-rolling-ament-cmake-pytest.
Preparing to unpack .../149-ros-rolling-ament-cmake-pytest_1.5.2-1jammy.20221102.192858_amd64.deb ...
Unpacking ros-rolling-ament-cmake-pytest (1.5.2-1jammy.20221102.192858) ...
Selecting previously unselected package ros-rolling-domain-coordinator.
Preparing to unpack .../150-ros-rolling-domain-coordinator_0.11.1-1jammy.20221102.195107_amd64.deb ...
Unpacking ros-rolling-domain-coordinator (0.11.1-1jammy.20221102.195107) ...
Selecting previously unselected package ros-rolling-ament-cmake-ros.
Preparing to unpack .../151-ros-rolling-ament-cmake-ros_0.11.1-1jammy.20221102.200233_amd64.deb ...
Unpacking ros-rolling-ament-cmake-ros (0.11.1-1jammy.20221102.200233) ...
Selecting previously unselected package ros-rolling-fastrtps-cmake-module.
Preparing to unpack .../152-ros-rolling-fastrtps-cmake-module_2.4.0-1jammy.20221102.201001_amd64.deb ...
Unpacking ros-rolling-fastrtps-cmake-module (2.4.0-1jammy.20221102.201001) ...
Selecting previously unselected package ros-rolling-rosidl-generator-cpp.
Preparing to unpack .../153-ros-rolling-rosidl-generator-cpp_3.3.1-1jammy.20221102.213031_amd64.deb ...
Unpacking ros-rolling-rosidl-generator-cpp (3.3.1-1jammy.20221102.213031) ...
Selecting previously unselected package ros-rolling-rosidl-typesupport-fastrtps-cpp.
Preparing to unpack .../154-ros-rolling-rosidl-typesupport-fastrtps-cpp_2.4.0-1jammy.20221102.213449_amd64.deb ...
Unpacking ros-rolling-rosidl-typesupport-fastrtps-cpp (2.4.0-1jammy.20221102.213449) ...
Selecting previously unselected package ros-rolling-rosidl-typesupport-fastrtps-c.
Preparing to unpack .../155-ros-rolling-rosidl-typesupport-fastrtps-c_2.4.0-1jammy.20221102.213700_amd64.deb ...
Unpacking ros-rolling-rosidl-typesupport-fastrtps-c (2.4.0-1jammy.20221102.213700) ...
Selecting previously unselected package ros-rolling-rosidl-typesupport-introspection-c.
Preparing to unpack .../156-ros-rolling-rosidl-typesupport-introspection-c_3.3.1-1jammy.20221102.212841_amd64.deb ...
Unpacking ros-rolling-rosidl-typesupport-introspection-c (3.3.1-1jammy.20221102.212841) ...
Selecting previously unselected package ros-rolling-rosidl-typesupport-introspection-cpp.
Preparing to unpack .../157-ros-rolling-rosidl-typesupport-introspection-cpp_3.3.1-1jammy.20221102.213132_amd64.deb ...
Unpacking ros-rolling-rosidl-typesupport-introspection-cpp (3.3.1-1jammy.20221102.213132) ...
Selecting previously unselected package ros-rolling-rosidl-core-runtime.
Preparing to unpack .../158-ros-rolling-rosidl-core-runtime_0.1.0-1jammy.20221102.214436_amd64.deb ...
Unpacking ros-rolling-rosidl-core-runtime (0.1.0-1jammy.20221102.214436) ...
Selecting previously unselected package ros-rolling-builtin-interfaces.
Preparing to unpack .../159-ros-rolling-builtin-interfaces_1.3.1-1jammy.20221102.214752_amd64.deb ...
Unpacking ros-rolling-builtin-interfaces (1.3.1-1jammy.20221102.214752) ...
Selecting previously unselected package ros-rolling-unique-identifier-msgs.
Preparing to unpack .../160-ros-rolling-unique-identifier-msgs_2.3.1-1jammy.20221102.214512_amd64.deb ...
Unpacking ros-rolling-unique-identifier-msgs (2.3.1-1jammy.20221102.214512) ...
Selecting previously unselected package ros-rolling-action-msgs.
Preparing to unpack .../161-ros-rolling-action-msgs_1.3.1-1jammy.20221102.215258_amd64.deb ...
Unpacking ros-rolling-action-msgs (1.3.1-1jammy.20221102.215258) ...
Selecting previously unselected package ros-rolling-ament-lint.
Preparing to unpack .../162-ros-rolling-ament-lint_0.13.2-1jammy.20221102.193317_amd64.deb ...
Unpacking ros-rolling-ament-lint (0.13.2-1jammy.20221102.193317) ...
Selecting previously unselected package ros-rolling-ament-copyright.
Preparing to unpack .../163-ros-rolling-ament-copyright_0.13.2-1jammy.20221102.193742_amd64.deb ...
Unpacking ros-rolling-ament-copyright (0.13.2-1jammy.20221102.193742) ...
Selecting previously unselected package ros-rolling-ament-index-cpp.
Preparing to unpack .../164-ros-rolling-ament-index-cpp_1.5.1-1jammy.20221102.200233_amd64.deb ...
Unpacking ros-rolling-ament-index-cpp (1.5.1-1jammy.20221102.200233) ...
Selecting previously unselected package libconsole-bridge-dev:amd64.
Preparing to unpack .../165-libconsole-bridge-dev_1.0.1+dfsg2-3_amd64.deb ...
Unpacking libconsole-bridge-dev:amd64 (1.0.1+dfsg2-3) ...
Selecting previously unselected package ros-rolling-console-bridge-vendor.
Preparing to unpack .../166-ros-rolling-console-bridge-vendor_1.5.2-1jammy.20221102.200622_amd64.deb ...
Unpacking ros-rolling-console-bridge-vendor (1.5.2-1jammy.20221102.200622) ...
Selecting previously unselected package ros-rolling-class-loader.
Preparing to unpack .../167-ros-rolling-class-loader_2.4.0-1jammy.20221102.203831_amd64.deb ...
Unpacking ros-rolling-class-loader (2.4.0-1jammy.20221102.203831) ...
Selecting previously unselected package ros-rolling-rosidl-default-runtime.
Preparing to unpack .../168-ros-rolling-rosidl-default-runtime_1.4.0-1jammy.20221102.220256_amd64.deb ...
Unpacking ros-rolling-rosidl-default-runtime (1.4.0-1jammy.20221102.220256) ...
Selecting previously unselected package ros-rolling-rcl-interfaces.
Preparing to unpack .../169-ros-rolling-rcl-interfaces_1.3.1-1jammy.20221102.220627_amd64.deb ...
Unpacking ros-rolling-rcl-interfaces (1.3.1-1jammy.20221102.220627) ...
Selecting previously unselected package ros-rolling-composition-interfaces.
Preparing to unpack .../170-ros-rolling-composition-interfaces_1.3.1-1jammy.20221102.222035_amd64.deb ...
Unpacking ros-rolling-composition-interfaces (1.3.1-1jammy.20221102.222035) ...
Selecting previously unselected package ros-rolling-std-msgs.
Preparing to unpack .../171-ros-rolling-std-msgs_4.6.1-1jammy.20221102.222450_amd64.deb ...
Unpacking ros-rolling-std-msgs (4.6.1-1jammy.20221102.222450) ...
Selecting previously unselected package ros-rolling-geometry-msgs.
Preparing to unpack .../172-ros-rolling-geometry-msgs_4.6.1-1jammy.20221102.224639_amd64.deb ...
Unpacking ros-rolling-geometry-msgs (4.6.1-1jammy.20221102.224639) ...
Selecting previously unselected package ros-rolling-sensor-msgs.
Preparing to unpack .../173-ros-rolling-sensor-msgs_4.6.1-1jammy.20221102.230605_amd64.deb ...
Unpacking ros-rolling-sensor-msgs (4.6.1-1jammy.20221102.230605) ...
Selecting previously unselected package ros-rolling-trajectory-msgs.
Preparing to unpack .../174-ros-rolling-trajectory-msgs_4.6.1-1jammy.20221102.225353_amd64.deb ...
Unpacking ros-rolling-trajectory-msgs (4.6.1-1jammy.20221102.225353) ...
Selecting previously unselected package ros-rolling-control-msgs.
Preparing to unpack .../175-ros-rolling-control-msgs_4.1.0-1jammy.20221102.232050_amd64.deb ...
Unpacking ros-rolling-control-msgs (4.1.0-1jammy.20221102.232050) ...
Selecting previously unselected package ros-rolling-lifecycle-msgs.
Preparing to unpack .../176-ros-rolling-lifecycle-msgs_1.3.1-1jammy.20221102.220600_amd64.deb ...
Unpacking ros-rolling-lifecycle-msgs (1.3.1-1jammy.20221102.220600) ...
Selecting previously unselected package libtinyxml2-dev:amd64.
Preparing to unpack .../177-libtinyxml2-dev_9.0.0+dfsg-3_amd64.deb ...
Unpacking libtinyxml2-dev:amd64 (9.0.0+dfsg-3) ...
Selecting previously unselected package ros-rolling-tinyxml2-vendor.
Preparing to unpack .../178-ros-rolling-tinyxml2-vendor_0.8.1-1jammy.20221102.194745_amd64.deb ...
Unpacking ros-rolling-tinyxml2-vendor (0.8.1-1jammy.20221102.194745) ...
Selecting previously unselected package ros-rolling-pluginlib.
Preparing to unpack .../179-ros-rolling-pluginlib_5.2.1-1jammy.20221102.204543_amd64.deb ...
Unpacking ros-rolling-pluginlib (5.2.1-1jammy.20221102.204543) ...
Selecting previously unselected package ros-rolling-rcl-logging-interface.
Preparing to unpack .../180-ros-rolling-rcl-logging-interface_2.4.3-1jammy.20221119.003834_amd64.deb ...
Unpacking ros-rolling-rcl-logging-interface (2.4.3-1jammy.20221119.003834) ...
Selecting previously unselected package ros-rolling-spdlog-vendor.
Preparing to unpack .../181-ros-rolling-spdlog-vendor_1.4.2-1jammy.20221102.195832_amd64.deb ...
Unpacking ros-rolling-spdlog-vendor (1.4.2-1jammy.20221102.195832) ...
Selecting previously unselected package ros-rolling-rcl-logging-spdlog.
Preparing to unpack .../182-ros-rolling-rcl-logging-spdlog_2.4.3-1jammy.20221119.004027_amd64.deb ...
Unpacking ros-rolling-rcl-logging-spdlog (2.4.3-1jammy.20221119.004027) ...
Selecting previously unselected package libyaml-dev:amd64.
Preparing to unpack .../183-libyaml-dev_0.2.2-1build2_amd64.deb ...
Unpacking libyaml-dev:amd64 (0.2.2-1build2) ...
Selecting previously unselected package ros-rolling-libyaml-vendor.
Preparing to unpack .../184-ros-rolling-libyaml-vendor_1.4.2-1jammy.20221102.212357_amd64.deb ...
Unpacking ros-rolling-libyaml-vendor (1.4.2-1jammy.20221102.212357) ...
Selecting previously unselected package ros-rolling-rcl-yaml-param-parser.
Preparing to unpack .../185-ros-rolling-rcl-yaml-param-parser_5.6.0-1jammy.20221206.193137_amd64.deb ...
Unpacking ros-rolling-rcl-yaml-param-parser (5.6.0-1jammy.20221206.193137) ...
Selecting previously unselected package ros-rolling-rmw-implementation-cmake.
Preparing to unpack .../186-ros-rolling-rmw-implementation-cmake_6.4.0-1jammy.20221102.195833_amd64.deb ...
Unpacking ros-rolling-rmw-implementation-cmake (6.4.0-1jammy.20221102.195833) ...
Selecting previously unselected package ros-rolling-foonathan-memory-vendor.
Preparing to unpack .../187-ros-rolling-foonathan-memory-vendor_1.2.0-2jammy.20221102.201707_amd64.deb ...
Unpacking ros-rolling-foonathan-memory-vendor (1.2.0-2jammy.20221102.201707) ...
Selecting previously unselected package ros-rolling-fastrtps.
Preparing to unpack .../188-ros-rolling-fastrtps_2.8.1-1jammy.20221128.182906_amd64.deb ...
Unpacking ros-rolling-fastrtps (2.8.1-1jammy.20221128.182906) ...
Selecting previously unselected package ros-rolling-rmw-dds-common.
Preparing to unpack .../189-ros-rolling-rmw-dds-common_1.7.1-1jammy.20221102.222428_amd64.deb ...
Unpacking ros-rolling-rmw-dds-common (1.7.1-1jammy.20221102.222428) ...
Selecting previously unselected package ros-rolling-tracetools.
Preparing to unpack .../190-ros-rolling-tracetools_4.1.0-1jammy.20221102.200534_amd64.deb ...
Unpacking ros-rolling-tracetools (4.1.0-1jammy.20221102.200534) ...
Selecting previously unselected package ros-rolling-rmw-fastrtps-shared-cpp.
Preparing to unpack .../191-ros-rolling-rmw-fastrtps-shared-cpp_6.5.0-1jammy.20221128.193049_amd64.deb ...
Unpacking ros-rolling-rmw-fastrtps-shared-cpp (6.5.0-1jammy.20221128.193049) ...
Selecting previously unselected package ros-rolling-rmw-fastrtps-cpp.
Preparing to unpack .../192-ros-rolling-rmw-fastrtps-cpp_6.5.0-1jammy.20221128.193704_amd64.deb ...
Unpacking ros-rolling-rmw-fastrtps-cpp (6.5.0-1jammy.20221128.193704) ...
Selecting previously unselected package ros-rolling-rmw-implementation.
Preparing to unpack .../193-ros-rolling-rmw-implementation_2.10.0-1jammy.20221128.194644_amd64.deb ...
Unpacking ros-rolling-rmw-implementation (2.10.0-1jammy.20221128.194644) ...
Selecting previously unselected package ros-rolling-rcl.
Preparing to unpack .../194-ros-rolling-rcl_5.6.0-1jammy.20221206.194437_amd64.deb ...
Unpacking ros-rolling-rcl (5.6.0-1jammy.20221206.194437) ...
Selecting previously unselected package ros-rolling-rcl-lifecycle.
Preparing to unpack .../195-ros-rolling-rcl-lifecycle_5.6.0-1jammy.20221206.195218_amd64.deb ...
Unpacking ros-rolling-rcl-lifecycle (5.6.0-1jammy.20221206.195218) ...
Selecting previously unselected package ros-rolling-statistics-msgs.
Preparing to unpack .../196-ros-rolling-statistics-msgs_1.3.1-1jammy.20221102.222247_amd64.deb ...
Unpacking ros-rolling-statistics-msgs (1.3.1-1jammy.20221102.222247) ...
Selecting previously unselected package ros-rolling-libstatistics-collector.
Preparing to unpack .../197-ros-rolling-libstatistics-collector_1.4.0-1jammy.20221206.195210_amd64.deb ...
Unpacking ros-rolling-libstatistics-collector (1.4.0-1jammy.20221206.195210) ...
Selecting previously unselected package ros-rolling-rosgraph-msgs.
Preparing to unpack .../198-ros-rolling-rosgraph-msgs_1.3.1-1jammy.20221102.222240_amd64.deb ...
Unpacking ros-rolling-rosgraph-msgs (1.3.1-1jammy.20221102.222240) ...
Selecting previously unselected package ros-rolling-rclcpp.
Preparing to unpack .../199-ros-rolling-rclcpp_18.0.0-1jammy.20221229.215851_amd64.deb ...
Unpacking ros-rolling-rclcpp (18.0.0-1jammy.20221229.215851) ...
Selecting previously unselected package ros-rolling-rclcpp-lifecycle.
Preparing to unpack .../200-ros-rolling-rclcpp-lifecycle_18.0.0-1jammy.20221229.224121_amd64.deb ...
Unpacking ros-rolling-rclcpp-lifecycle (18.0.0-1jammy.20221229.224121) ...
Selecting previously unselected package ros-rolling-hardware-interface.
Preparing to unpack .../201-ros-rolling-hardware-interface_3.5.0-1jammy.20221229.230402_amd64.deb ...
Unpacking ros-rolling-hardware-interface (3.5.0-1jammy.20221229.230402) ...
Selecting previously unselected package ros-rolling-controller-interface.
Preparing to unpack .../202-ros-rolling-controller-interface_3.5.0-1jammy.20221229.231323_amd64.deb ...
Unpacking ros-rolling-controller-interface (3.5.0-1jammy.20221229.231323) ...
Selecting previously unselected package ros-rolling-controller-manager-msgs.
Preparing to unpack .../203-ros-rolling-controller-manager-msgs_3.5.0-1jammy.20221206.185902_amd64.deb ...
Unpacking ros-rolling-controller-manager-msgs (3.5.0-1jammy.20221206.185902) ...
Selecting previously unselected package ros-rolling-osrf-pycommon.
Preparing to unpack .../204-ros-rolling-osrf-pycommon_2.1.0-1jammy.20221102.202040_amd64.deb ...
Unpacking ros-rolling-osrf-pycommon (2.1.0-1jammy.20221102.202040) ...
Selecting previously unselected package ros-rolling-launch.
Preparing to unpack .../205-ros-rolling-launch_1.3.0-1jammy.20221102.202147_amd64.deb ...
Unpacking ros-rolling-launch (1.3.0-1jammy.20221102.202147) ...
Selecting previously unselected package ros-rolling-rcl-action.
Preparing to unpack .../206-ros-rolling-rcl-action_5.6.0-1jammy.20221206.195219_amd64.deb ...
Unpacking ros-rolling-rcl-action (5.6.0-1jammy.20221206.195219) ...
Selecting previously unselected package ros-rolling-rclpy.
Preparing to unpack .../207-ros-rolling-rclpy_3.7.1-1jammy.20221207.004451_amd64.deb ...
Unpacking ros-rolling-rclpy (3.7.1-1jammy.20221207.004451) ...
Selecting previously unselected package ros-rolling-launch-ros.
Preparing to unpack .../208-ros-rolling-launch-ros_0.22.0-1jammy.20221207.005138_amd64.deb ...
Unpacking ros-rolling-launch-ros (0.22.0-1jammy.20221207.005138) ...
Selecting previously unselected package ros-rolling-rclcpp-action.
Preparing to unpack .../209-ros-rolling-rclcpp-action_18.0.0-1jammy.20221229.223933_amd64.deb ...
Unpacking ros-rolling-rclcpp-action (18.0.0-1jammy.20221229.223933) ...
Selecting previously unselected package ros-rolling-realtime-tools.
Preparing to unpack .../210-ros-rolling-realtime-tools_2.4.0-1jammy.20221229.224548_amd64.deb ...
Unpacking ros-rolling-realtime-tools (2.4.0-1jammy.20221229.224548) ...
Selecting previously unselected package ros-rolling-ros2-control-test-assets.
Preparing to unpack .../211-ros-rolling-ros2-control-test-assets_3.5.0-1jammy.20221206.185950_amd64.deb ...
Unpacking ros-rolling-ros2-control-test-assets (3.5.0-1jammy.20221206.185950) ...
Selecting previously unselected package ros-rolling-ros2cli.
Preparing to unpack .../212-ros-rolling-ros2cli_0.21.0-1jammy.20221207.005234_amd64.deb ...
Unpacking ros-rolling-ros2cli (0.21.0-1jammy.20221207.005234) ...
Selecting previously unselected package ros-rolling-ros2node.
Preparing to unpack .../213-ros-rolling-ros2node_0.21.0-1jammy.20221207.005509_amd64.deb ...
Unpacking ros-rolling-ros2node (0.21.0-1jammy.20221207.005509) ...
Selecting previously unselected package ros-rolling-rosidl-runtime-py.
Preparing to unpack .../214-ros-rolling-rosidl-runtime-py_0.11.0-1jammy.20221102.224254_amd64.deb ...
Unpacking ros-rolling-rosidl-runtime-py (0.11.0-1jammy.20221102.224254) ...
Selecting previously unselected package ros-rolling-ros2service.
Preparing to unpack .../215-ros-rolling-ros2service_0.21.0-1jammy.20221207.005515_amd64.deb ...
Unpacking ros-rolling-ros2service (0.21.0-1jammy.20221207.005515) ...
Selecting previously unselected package ros-rolling-ros2param.
Preparing to unpack .../216-ros-rolling-ros2param_0.21.0-1jammy.20221207.010633_amd64.deb ...
Unpacking ros-rolling-ros2param (0.21.0-1jammy.20221207.010633) ...
Selecting previously unselected package ros-rolling-ros2pkg.
Preparing to unpack .../217-ros-rolling-ros2pkg_0.21.0-1jammy.20221207.011005_amd64.deb ...
Unpacking ros-rolling-ros2pkg (0.21.0-1jammy.20221207.011005) ...
Selecting previously unselected package ros-rolling-ros2run.
Preparing to unpack .../218-ros-rolling-ros2run_0.21.0-1jammy.20221207.011854_amd64.deb ...
Unpacking ros-rolling-ros2run (0.21.0-1jammy.20221207.011854) ...
Selecting previously unselected package sbuild-build-depends-main-dummy.
Preparing to unpack .../219-sbuild-build-depends-main-dummy_0.invalid.0_amd64.deb ...
Unpacking sbuild-build-depends-main-dummy (0.invalid.0) ...
Setting up media-types (7.0.0) ...
Setting up libpipeline1:amd64 (1.5.5-1) ...
Setting up catch2 (2.13.8-1) ...
Setting up libpsl5:amd64 (0.21.0-1.2build2) ...
Setting up bsdextrautils (2.37.2-4ubuntu3) ...
update-alternatives: using /usr/bin/write.ul to provide /usr/bin/write (write) in auto mode
Setting up ros-rolling-ros-workspace (1.0.2-5jammy.20221102.192419) ...
Setting up libmagic-mgc (1:5.41-3) ...
Setting up libarchive-zip-perl (1.68-1) ...
Setting up libyaml-0-2:amd64 (0.2.2-1build2) ...
Setting up libglib2.0-0:amd64 (2.72.4-0ubuntu1) ...
No schema files found: doing nothing.
Setting up libdebhelper-perl (13.6ubuntu1) ...
Setting up libbrotli1:amd64 (1.0.9-2build6) ...
Setting up libsqlite3-0:amd64 (3.37.2-2ubuntu0.1) ...
Setting up ros-rolling-rcutils (6.0.1-1jammy.20221102.202700) ...
Setting up libnghttp2-14:amd64 (1.43.0-1build3) ...
Setting up libmagic1:amd64 (1:5.41-3) ...
Setting up gettext-base (0.21-4ubuntu4) ...
Setting up ros-rolling-ament-lint (0.13.2-1jammy.20221102.193317) ...
Setting up file (1:5.41-3) ...
Setting up googletest (1.11.0-3) ...
Setting up ros-rolling-tracetools (4.1.0-1jammy.20221102.200534) ...
Setting up libfakeroot:amd64 (1.28-1ubuntu1) ...
Setting up libsasl2-modules-db:amd64 (2.1.27+dfsg2-3ubuntu1.1) ...
Setting up tzdata (2022g-0ubuntu0.22.04.1) ...

Current default time zone: 'Etc/UTC'
Local time is now:      Tue Jan 17 12:47:58 UTC 2023.
Universal Time is now:  Tue Jan 17 12:47:58 UTC 2023.
Run 'dpkg-reconfigure tzdata' if you wish to change it.

Setting up fakeroot (1.28-1ubuntu1) ...
update-alternatives: using /usr/bin/fakeroot-sysv to provide /usr/bin/fakeroot (fakeroot) in auto mode
Setting up autotools-dev (20220109.1) ...
Setting up ros-rolling-gtest-vendor (1.10.9004-3jammy.20221102.193517) ...
Setting up ros-rolling-ament-index-cpp (1.5.1-1jammy.20221102.200233) ...
Setting up libblas3:amd64 (3.10.0-2ubuntu1) ...
update-alternatives: using /usr/lib/x86_64-linux-gnu/blas/libblas.so.3 to provide /usr/lib/x86_64-linux-gnu/libblas.so.3 (libblas.so.3-x86_64-linux-gnu) in auto mode
Setting up libuv1:amd64 (1.43.0-1) ...
Setting up libexpat1-dev:amd64 (2.4.7-1ubuntu0.2) ...
Setting up emacsen-common (3.0.4) ...
Setting up librtmp1:amd64 (2.4+20151223.gitfa8646d.1-2build4) ...
Setting up dh-elpa-helper (2.0.9ubuntu1) ...
Setting up libsigsegv2:amd64 (2.13-1ubuntu3) ...
Setting up libssl-dev:amd64 (3.0.2-0ubuntu1.7) ...
Setting up libtinyxml2-9:amd64 (9.0.0+dfsg-3) ...
Setting up autopoint (0.21-4ubuntu4) ...
Setting up libjsoncpp25:amd64 (1.9.5-3) ...
Setting up pkg-config (0.29.2-1ubuntu3) ...
Setting up libtinyxml2-dev:amd64 (9.0.0+dfsg-3) ...
Setting up libsasl2-2:amd64 (2.1.27+dfsg2-3ubuntu1.1) ...
Setting up libssh-4:amd64 (0.9.6-2build1) ...
Setting up libgfortran5:amd64 (12.1.0-2ubuntu1~22.04) ...
Setting up ros-rolling-gmock-vendor (1.10.9004-3jammy.20221102.193605) ...
Setting up ros-rolling-domain-coordinator (0.11.1-1jammy.20221102.195107) ...
Setting up zlib1g-dev:amd64 (1:1.2.11.dfsg-2ubuntu9.2) ...
Setting up google-mock:amd64 (1.11.0-3) ...
Setting up librhash0:amd64 (1.4.2-1ubuntu1) ...
Setting up libfmt8:amd64 (8.1.1+ds1-2) ...
Setting up libuchardet0:amd64 (0.0.7-1build2) ...
Setting up libmpdec3:amd64 (2.5.1-2build2) ...
Setting up libspdlog1:amd64 (1:1.9.2+ds-0.2) ...
Setting up libsub-override-perl (0.09-2) ...
Setting up sgml-base (1.30) ...
Setting up cmake-data (3.22.1-1ubuntu1.22.04.1) ...
Setting up ros-rolling-rpyutils (0.3.1-1jammy.20221102.195223) ...
Setting up libjs-jquery (3.6.0+dfsg+~3.5.13-1) ...
Setting up ros-rolling-rosidl-typesupport-interface (3.3.1-1jammy.20221102.195920) ...
Setting up libconsole-bridge1.0:amd64 (1.0.1+dfsg2-3) ...
Setting up ros-rolling-fastrtps-cmake-module (2.4.0-1jammy.20221102.201001) ...
Setting up ros-rolling-rcl-logging-interface (2.4.3-1jammy.20221119.003834) ...
Setting up libconsole-bridge-dev:amd64 (1.0.1+dfsg2-3) ...
Setting up libelf1:amd64 (0.186-1build1) ...
Setting up readline-common (8.1.2-1) ...
Setting up ros-rolling-tinyxml2-vendor (0.8.1-1jammy.20221102.194745) ...
Setting up ros-rolling-ros2-control-test-assets (3.5.0-1jammy.20221206.185950) ...
Setting up ros-rolling-ament-index-python (1.5.1-1jammy.20221102.194954) ...
Setting up libjs-underscore (1.13.2~dfsg-2) ...
Setting up libicu70:amd64 (70.1-2) ...
Setting up libfile-stripnondeterminism-perl (1.13.0-1) ...
Setting up libdw1:amd64 (0.186-1build1) ...
Setting up liblapack3:amd64 (3.10.0-2ubuntu1) ...
update-alternatives: using /usr/lib/x86_64-linux-gnu/lapack/liblapack.so.3 to provide /usr/lib/x86_64-linux-gnu/liblapack.so.3 (liblapack.so.3-x86_64-linux-gnu) in auto mode
Setting up libgtest-dev:amd64 (1.11.0-3) ...
Setting up ros-rolling-libyaml-vendor (1.4.2-1jammy.20221102.212357) ...
Setting up ros-rolling-fastcdr (1.0.24-2jammy.20221102.193642) ...
Setting up libyaml-dev:amd64 (0.2.2-1build2) ...
Setting up libtool (2.4.6-15build2) ...
Setting up libreadline8:amd64 (8.1.2-1) ...
Setting up ros-rolling-rcpputils (2.6.0-1jammy.20221102.203407) ...
Setting up m4 (1.4.18-5ubuntu2) ...
Setting up libldap-2.5-0:amd64 (2.5.13+dfsg-0ubuntu0.22.04.1) ...
Setting up ros-rolling-console-bridge-vendor (1.5.2-1jammy.20221102.200622) ...
Setting up libpython3.10-stdlib:amd64 (3.10.6-1~22.04.2) ...
Setting up libfmt-dev:amd64 (8.1.1+ds1-2) ...
Setting up libjs-sphinxdoc (4.3.2-1) ...
Setting up autoconf (2.71-2) ...
Setting up dh-strip-nondeterminism (1.13.0-1) ...
Setting up dwz (0.14-1build2) ...
Setting up groff-base (1.22.4-8build1) ...
Setting up xml-core (0.18+nmu1) ...
Setting up debugedit (1:5.0-4build1) ...
Setting up libcurl4:amd64 (7.81.0-1ubuntu1.7) ...
Setting up libxml2:amd64 (2.9.13+dfsg-1ubuntu0.2) ...
Setting up libpython3-stdlib:amd64 (3.10.6-1~22.04) ...
Setting up automake (1:1.16.5-1.3) ...
update-alternatives: using /usr/bin/automake-1.16 to provide /usr/bin/automake (automake) in auto mode
Setting up libpython3.10:amd64 (3.10.6-1~22.04.2) ...
Setting up gettext (0.21-4ubuntu4) ...
Setting up ros-rolling-class-loader (2.4.0-1jammy.20221102.203831) ...
Setting up python3.10 (3.10.6-1~22.04.2) ...
Setting up libarchive13:amd64 (3.6.0-1ubuntu1) ...
Setting up python3 (3.10.6-1~22.04) ...
Setting up python3-empy (3.3.4-2) ...
Setting up libspdlog-dev:amd64 (1:1.9.2+ds-0.2) ...
Setting up man-db (2.10.2-1) ...
Not building database; man-db/auto-update is not 'true'.
Setting up ros-rolling-spdlog-vendor (1.4.2-1jammy.20221102.195832) ...
Setting up ros-rolling-rcl-logging-spdlog (2.4.3-1jammy.20221119.004027) ...
Setting up intltool-debian (0.35.0+20060710.5) ...
Setting up python3-six (1.16.0-3ubuntu1) ...
Setting up dh-autoreconf (20) ...
Setting up python3-roman (3.3-1) ...
Setting up python3-pyparsing (2.4.7-1) ...
Setting up ros-rolling-pluginlib (5.2.1-1jammy.20221102.204543) ...
Setting up libpython3.10-dev:amd64 (3.10.6-1~22.04.2) ...
Setting up python3-toml (0.10.2-1) ...
Setting up python3-netifaces:amd64 (0.11.0-1build2) ...
Setting up python3.10-dev (3.10.6-1~22.04.2) ...
Setting up cmake (3.22.1-1ubuntu1.22.04.1) ...
Setting up python3-dateutil (2.8.1-6) ...
Setting up python3-argcomplete (1.8.1-1.5) ...
Setting up python3-lib2to3 (3.10.6-1~22.04) ...
Setting up ros-rolling-foonathan-memory-vendor (1.2.0-2jammy.20221102.201707) ...
Setting up python3-pkg-resources (59.6.0-1.2) ...
Setting up python3-distutils (3.10.6-1~22.04) ...
Setting up python3-more-itertools (8.10.0-2) ...
Setting up python3-iniconfig (1.1.1-2) ...
Setting up python3-attr (21.2.0-1) ...
Setting up python3-lark (1.1.1-1) ...
Setting up libpython3-dev:amd64 (3.10.6-1~22.04) ...
Setting up python3-setuptools (59.6.0-1.2) ...
Setting up python3-py (1.10.0-1) ...
Setting up po-debconf (1.0.21+nmu1) ...
Setting up python3-yaml (5.4.1-1ubuntu1) ...
Setting up debhelper (13.6ubuntu1) ...
Setting up python3-zipp (1.0.0-3) ...
Setting up python3-packaging (21.3-1) ...
Setting up python3-dev (3.10.6-1~22.04) ...
Setting up python3-numpy (1:1.21.5-1ubuntu22.04.1) ...
Setting up python3-importlib-metadata (4.6.4-1) ...
Setting up ros-rolling-rosidl-cli (3.3.1-1jammy.20221102.195206) ...
Setting up ros-rolling-python-cmake-module (0.10.1-1jammy.20221102.201330) ...
Setting up ros-rolling-fastrtps (2.8.1-1jammy.20221128.182906) ...
Setting up python3-pluggy (0.13.0-7.1) ...
Setting up ros-rolling-ament-copyright (0.13.2-1jammy.20221102.193742) ...
Setting up ros-rolling-ament-package (0.15.1-1jammy.20220914.010527) ...
Setting up ros-rolling-osrf-pycommon (2.1.0-1jammy.20221102.202040) ...
Setting up python3-pytest (6.2.5-1ubuntu2) ...
Setting up ros-rolling-launch (1.3.0-1jammy.20221102.202147) ...
Processing triggers for libc-bin (2.35-0ubuntu3.1) ...
Processing triggers for sgml-base (1.30) ...
Setting up docutils-common (0.17.1+dfsg-2) ...
Processing triggers for sgml-base (1.30) ...
Setting up python3-docutils (0.17.1+dfsg-2) ...
Setting up python3-catkin-pkg-modules (0.5.2-1) ...
Setting up ros-rolling-ament-cmake-core (1.5.2-1jammy.20221102.192246) ...
Setting up ros-rolling-ament-cmake-libraries (1.5.2-1jammy.20221102.192835) ...
Setting up ros-rolling-ament-cmake-export-definitions (1.5.2-1jammy.20221102.192705) ...
Setting up ros-rolling-ament-cmake-test (1.5.2-1jammy.20221102.192731) ...
Setting up ros-rolling-ament-cmake-python (1.5.2-1jammy.20221102.192703) ...
Setting up ros-rolling-ament-cmake-gen-version-h (1.5.2-1jammy.20221102.193628) ...
Setting up ros-rolling-ament-cmake-export-dependencies (1.5.2-1jammy.20221102.193026) ...
Setting up ros-rolling-ament-cmake-gtest (1.5.2-1jammy.20221102.193555) ...
Setting up ros-rolling-ament-cmake-include-directories (1.5.2-1jammy.20221102.192841) ...
Setting up ros-rolling-ament-cmake-version (1.5.2-1jammy.20221102.192703) ...
Setting up ros-rolling-ament-cmake-export-libraries (1.5.2-1jammy.20221102.192706) ...
Setting up ros-rolling-rosidl-adapter (3.3.1-1jammy.20221102.195836) ...
Setting up ros-rolling-ament-cmake-pytest (1.5.2-1jammy.20221102.192858) ...
Setting up ros-rolling-ament-cmake-export-targets (1.5.2-1jammy.20221102.192735) ...
Setting up ros-rolling-ament-cmake-gmock (1.5.2-1jammy.20221102.193700) ...
Setting up ros-rolling-ament-cmake-export-include-directories (1.5.2-1jammy.20221102.192721) ...
Setting up ros-rolling-ament-cmake-export-link-flags (1.5.2-1jammy.20221102.192717) ...
Setting up ros-rolling-ament-cmake-export-interfaces (1.5.2-1jammy.20221102.192746) ...
Setting up ros-rolling-ament-cmake-target-dependencies (1.5.2-1jammy.20221102.193033) ...
Setting up ros-rolling-rosidl-parser (3.3.1-1jammy.20221102.200016) ...
Setting up ros-rolling-ament-cmake (1.5.2-1jammy.20221102.193827) ...
Setting up ros-rolling-rosidl-pycommon (3.3.1-1jammy.20221102.200148) ...
Setting up ros-rolling-rosidl-runtime-py (0.11.0-1jammy.20221102.224254) ...
Setting up ros-rolling-rosidl-generator-c (3.3.1-1jammy.20221102.212430) ...
Setting up ros-rolling-rosidl-runtime-c (3.3.1-1jammy.20221102.212508) ...
Setting up ros-rolling-rosidl-runtime-cpp (3.3.1-1jammy.20221102.212839) ...
Setting up ros-rolling-rmw (6.4.0-1jammy.20221102.212809) ...
Setting up ros-rolling-rmw-implementation-cmake (6.4.0-1jammy.20221102.195833) ...
Setting up ros-rolling-ament-cmake-ros (0.11.1-1jammy.20221102.200233) ...
Setting up ros-rolling-rosidl-generator-cpp (3.3.1-1jammy.20221102.213031) ...
Setting up ros-rolling-rosidl-typesupport-introspection-c (3.3.1-1jammy.20221102.212841) ...
Setting up ros-rolling-rosidl-typesupport-introspection-cpp (3.3.1-1jammy.20221102.213132) ...
Setting up ros-rolling-rosidl-typesupport-c (2.2.0-1jammy.20221102.213026) ...
Setting up ros-rolling-rcl-yaml-param-parser (5.6.0-1jammy.20221206.193137) ...
Setting up ros-rolling-rosidl-typesupport-fastrtps-cpp (2.4.0-1jammy.20221102.213449) ...
Setting up ros-rolling-rosidl-typesupport-cpp (2.2.0-1jammy.20221102.213316) ...
Setting up ros-rolling-rosidl-typesupport-fastrtps-c (2.4.0-1jammy.20221102.213700) ...
Setting up ros-rolling-rosidl-generator-py (0.16.1-1jammy.20221102.213950) ...
Setting up ros-rolling-rosidl-core-runtime (0.1.0-1jammy.20221102.214436) ...
Setting up ros-rolling-unique-identifier-msgs (2.3.1-1jammy.20221102.214512) ...
Setting up ros-rolling-builtin-interfaces (1.3.1-1jammy.20221102.214752) ...
Setting up ros-rolling-action-msgs (1.3.1-1jammy.20221102.215258) ...
Setting up ros-rolling-rosidl-default-runtime (1.4.0-1jammy.20221102.220256) ...
Setting up ros-rolling-rmw-dds-common (1.7.1-1jammy.20221102.222428) ...
Setting up ros-rolling-rosgraph-msgs (1.3.1-1jammy.20221102.222240) ...
Setting up ros-rolling-std-msgs (4.6.1-1jammy.20221102.222450) ...
Setting up ros-rolling-lifecycle-msgs (1.3.1-1jammy.20221102.220600) ...
Setting up ros-rolling-geometry-msgs (4.6.1-1jammy.20221102.224639) ...
Setting up ros-rolling-rcl-interfaces (1.3.1-1jammy.20221102.220627) ...
Setting up ros-rolling-statistics-msgs (1.3.1-1jammy.20221102.222247) ...
Setting up ros-rolling-rmw-fastrtps-shared-cpp (6.5.0-1jammy.20221128.193049) ...
Setting up ros-rolling-trajectory-msgs (4.6.1-1jammy.20221102.225353) ...
Setting up ros-rolling-composition-interfaces (1.3.1-1jammy.20221102.222035) ...
Setting up ros-rolling-controller-manager-msgs (3.5.0-1jammy.20221206.185902) ...
Setting up ros-rolling-sensor-msgs (4.6.1-1jammy.20221102.230605) ...
Setting up ros-rolling-rmw-fastrtps-cpp (6.5.0-1jammy.20221128.193704) ...
Setting up ros-rolling-rmw-implementation (2.10.0-1jammy.20221128.194644) ...
Setting up ros-rolling-rcl (5.6.0-1jammy.20221206.194437) ...
Setting up ros-rolling-rcl-action (5.6.0-1jammy.20221206.195219) ...
Setting up ros-rolling-control-msgs (4.1.0-1jammy.20221102.232050) ...
Setting up ros-rolling-libstatistics-collector (1.4.0-1jammy.20221206.195210) ...
Setting up ros-rolling-rcl-lifecycle (5.6.0-1jammy.20221206.195218) ...
Setting up ros-rolling-rclcpp (18.0.0-1jammy.20221229.215851) ...
Setting up ros-rolling-rclpy (3.7.1-1jammy.20221207.004451) ...
Setting up ros-rolling-rclcpp-action (18.0.0-1jammy.20221229.223933) ...
Setting up ros-rolling-ros2cli (0.21.0-1jammy.20221207.005234) ...
Setting up ros-rolling-rclcpp-lifecycle (18.0.0-1jammy.20221229.224121) ...
Setting up ros-rolling-ros2service (0.21.0-1jammy.20221207.005515) ...
Setting up ros-rolling-ros2pkg (0.21.0-1jammy.20221207.011005) ...
Setting up ros-rolling-ros2node (0.21.0-1jammy.20221207.005509) ...
Setting up ros-rolling-hardware-interface (3.5.0-1jammy.20221229.230402) ...
Setting up ros-rolling-launch-ros (0.22.0-1jammy.20221207.005138) ...
Setting up ros-rolling-realtime-tools (2.4.0-1jammy.20221229.224548) ...
Setting up ros-rolling-ros2param (0.21.0-1jammy.20221207.010633) ...
Setting up ros-rolling-ros2run (0.21.0-1jammy.20221207.011854) ...
Setting up ros-rolling-controller-interface (3.5.0-1jammy.20221229.231323) ...
Setting up sbuild-build-depends-main-dummy (0.invalid.0) ...
Processing triggers for libc-bin (2.35-0ubuntu3.1) ...

+------------------------------------------------------------------------------+
| Check architectures                                                          |
+------------------------------------------------------------------------------+

Arch check ok (amd64 included in any)

+------------------------------------------------------------------------------+
| Build environment                                                            |
+------------------------------------------------------------------------------+

Kernel: Linux 5.15.0-1030-azure #37-Ubuntu SMP Mon Dec 12 19:15:51 UTC 2022 amd64 (x86_64)
Toolchain package versions: binutils_2.38-4ubuntu2.1 dpkg-dev_1.21.1ubuntu2.1 g++-11_11.3.0-1ubuntu1~22.04 gcc-11_11.3.0-1ubuntu1~22.04 libc6-dev_2.35-0ubuntu3.1 libstdc++-11-dev_11.3.0-1ubuntu1~22.04 libstdc++6_12.1.0-2ubuntu1~22.04 linux-libc-dev_5.15.0-58.64
Package versions: adduser_3.118ubuntu5 apt_2.4.8 autoconf_2.71-2 automake_1:1.16.5-1.3 autopoint_0.21-4ubuntu4 autotools-dev_20220109.1 base-files_12ubuntu4.2 base-passwd_3.5.52build1 bash_5.1-6ubuntu1 binutils_2.38-4ubuntu2.1 binutils-common_2.38-4ubuntu2.1 binutils-x86-64-linux-gnu_2.38-4ubuntu2.1 bsdextrautils_2.37.2-4ubuntu3 bsdutils_1:2.37.2-4ubuntu3 build-essential_12.9ubuntu3 bzip2_1.0.8-5build1 catch2_2.13.8-1 ccache_4.5.1-1 cmake_3.22.1-1ubuntu1.22.04.1 cmake-data_3.22.1-1ubuntu1.22.04.1 coreutils_8.32-4.1ubuntu1 cpp_4:11.2.0-1ubuntu1 cpp-11_11.3.0-1ubuntu1~22.04 dash_0.5.11+git20210903+057cd650a4ed-3build1 debconf_1.5.79ubuntu1 debhelper_13.6ubuntu1 debianutils_5.5-1ubuntu2 debugedit_1:5.0-4build1 dh-autoreconf_20 dh-elpa-helper_2.0.9ubuntu1 dh-strip-nondeterminism_1.13.0-1 diffutils_1:3.8-0ubuntu2 docutils-common_0.17.1+dfsg-2 dpkg_1.21.1ubuntu2.1 dpkg-dev_1.21.1ubuntu2.1 dwz_0.14-1build2 e2fsprogs_1.46.5-2ubuntu1.1 emacsen-common_3.0.4 fakeroot_1.28-1ubuntu1 file_1:5.41-3 findutils_4.8.0-1ubuntu3 g++_4:11.2.0-1ubuntu1 g++-11_11.3.0-1ubuntu1~22.04 gcc_4:11.2.0-1ubuntu1 gcc-11_11.3.0-1ubuntu1~22.04 gcc-11-base_11.3.0-1ubuntu1~22.04 gcc-12-base_12.1.0-2ubuntu1~22.04 gettext_0.21-4ubuntu4 gettext-base_0.21-4ubuntu4 google-mock_1.11.0-3 googletest_1.11.0-3 gpgv_2.2.27-3ubuntu2.1 grep_3.7-1build1 groff-base_1.22.4-8build1 gzip_1.10-4ubuntu4.1 hostname_3.23ubuntu2 init-system-helpers_1.62 intltool-debian_0.35.0+20060710.5 libacl1_2.3.1-1 libapt-pkg6.0_2.4.8 libarchive-zip-perl_1.68-1 libarchive13_3.6.0-1ubuntu1 libasan6_11.3.0-1ubuntu1~22.04 libatomic1_12.1.0-2ubuntu1~22.04 libattr1_1:2.5.1-1build1 libaudit-common_1:3.0.7-1build1 libaudit1_1:3.0.7-1build1 libbinutils_2.38-4ubuntu2.1 libblas3_3.10.0-2ubuntu1 libblkid1_2.37.2-4ubuntu3 libbrotli1_1.0.9-2build6 libbz2-1.0_1.0.8-5build1 libc-bin_2.35-0ubuntu3.1 libc-dev-bin_2.35-0ubuntu3.1 libc6_2.35-0ubuntu3.1 libc6-dev_2.35-0ubuntu3.1 libcap-ng0_0.7.9-2.2build3 libcap2_1:2.44-1build3 libcc1-0_12.1.0-2ubuntu1~22.04 libcom-err2_1.46.5-2ubuntu1.1 libconsole-bridge-dev_1.0.1+dfsg2-3 libconsole-bridge1.0_1.0.1+dfsg2-3 libcrypt-dev_1:4.4.27-1 libcrypt1_1:4.4.27-1 libctf-nobfd0_2.38-4ubuntu2.1 libctf0_2.38-4ubuntu2.1 libcurl4_7.81.0-1ubuntu1.7 libdb5.3_5.3.28+dfsg1-0.8ubuntu3 libdebconfclient0_0.261ubuntu1 libdebhelper-perl_13.6ubuntu1 libdpkg-perl_1.21.1ubuntu2.1 libdw1_0.186-1build1 libelf1_0.186-1build1 libexpat1_2.4.7-1ubuntu0.2 libexpat1-dev_2.4.7-1ubuntu0.2 libext2fs2_1.46.5-2ubuntu1.1 libfakeroot_1.28-1ubuntu1 libffi8_3.4.2-4 libfile-stripnondeterminism-perl_1.13.0-1 libfmt-dev_8.1.1+ds1-2 libfmt8_8.1.1+ds1-2 libgcc-11-dev_11.3.0-1ubuntu1~22.04 libgcc-s1_12.1.0-2ubuntu1~22.04 libgcrypt20_1.9.4-3ubuntu3 libgdbm-compat4_1.23-1 libgdbm6_1.23-1 libgfortran5_12.1.0-2ubuntu1~22.04 libglib2.0-0_2.72.4-0ubuntu1 libgmp10_2:6.2.1+dfsg-3ubuntu1 libgnutls30_3.7.3-4ubuntu1.1 libgomp1_12.1.0-2ubuntu1~22.04 libgpg-error0_1.43-3 libgssapi-krb5-2_1.19.2-2 libgtest-dev_1.11.0-3 libhiredis0.14_0.14.1-2 libhogweed6_3.7.3-1build2 libicu70_70.1-2 libidn2-0_2.3.2-2build1 libisl23_0.24-2build1 libitm1_12.1.0-2ubuntu1~22.04 libjs-jquery_3.6.0+dfsg+~3.5.13-1 libjs-sphinxdoc_4.3.2-1 libjs-underscore_1.13.2~dfsg-2 libjsoncpp25_1.9.5-3 libk5crypto3_1.19.2-2 libkeyutils1_1.6.1-2ubuntu3 libkrb5-3_1.19.2-2 libkrb5support0_1.19.2-2 liblapack3_3.10.0-2ubuntu1 libldap-2.5-0_2.5.13+dfsg-0ubuntu0.22.04.1 liblsan0_12.1.0-2ubuntu1~22.04 liblz4-1_1.9.3-2build2 liblzma5_5.2.5-2ubuntu1 libmagic-mgc_1:5.41-3 libmagic1_1:5.41-3 libmount1_2.37.2-4ubuntu3 libmpc3_1.2.1-2build1 libmpdec3_2.5.1-2build2 libmpfr6_4.1.0-3build3 libncurses6_6.3-2 libncursesw6_6.3-2 libnettle8_3.7.3-1build2 libnghttp2-14_1.43.0-1build3 libnsl-dev_1.3.0-2build2 libnsl2_1.3.0-2build2 libp11-kit0_0.24.0-6build1 libpam-modules_1.4.0-11ubuntu2 libpam-modules-bin_1.4.0-11ubuntu2 libpam-runtime_1.4.0-11ubuntu2 libpam0g_1.4.0-11ubuntu2 libpcre2-8-0_10.39-3ubuntu0.1 libpcre3_2:8.39-13ubuntu0.22.04.1 libperl5.34_5.34.0-3ubuntu1.1 libpipeline1_1.5.5-1 libprocps8_2:3.3.17-6ubuntu2 libpsl5_0.21.0-1.2build2 libpython3-dev_3.10.6-1~22.04 libpython3-stdlib_3.10.6-1~22.04 libpython3.10_3.10.6-1~22.04.2 libpython3.10-dev_3.10.6-1~22.04.2 libpython3.10-minimal_3.10.6-1~22.04.2 libpython3.10-stdlib_3.10.6-1~22.04.2 libquadmath0_12.1.0-2ubuntu1~22.04 libreadline8_8.1.2-1 librhash0_1.4.2-1ubuntu1 librtmp1_2.4+20151223.gitfa8646d.1-2build4 libsasl2-2_2.1.27+dfsg2-3ubuntu1.1 libsasl2-modules-db_2.1.27+dfsg2-3ubuntu1.1 libseccomp2_2.5.3-2ubuntu2 libselinux1_3.3-1build2 libsemanage-common_3.3-1build2 libsemanage2_3.3-1build2 libsepol2_3.3-1build1 libsigsegv2_2.13-1ubuntu3 libsmartcols1_2.37.2-4ubuntu3 libspdlog-dev_1:1.9.2+ds-0.2 libspdlog1_1:1.9.2+ds-0.2 libsqlite3-0_3.37.2-2ubuntu0.1 libss2_1.46.5-2ubuntu1.1 libssh-4_0.9.6-2build1 libssl-dev_3.0.2-0ubuntu1.7 libssl3_3.0.2-0ubuntu1.7 libstdc++-11-dev_11.3.0-1ubuntu1~22.04 libstdc++6_12.1.0-2ubuntu1~22.04 libsub-override-perl_0.09-2 libsystemd0_249.11-0ubuntu3.6 libtasn1-6_4.18.0-4build1 libtinfo6_6.3-2 libtinyxml2-9_9.0.0+dfsg-3 libtinyxml2-dev_9.0.0+dfsg-3 libtirpc-common_1.3.2-2ubuntu0.1 libtirpc-dev_1.3.2-2ubuntu0.1 libtirpc3_1.3.2-2ubuntu0.1 libtool_2.4.6-15build2 libtsan0_11.3.0-1ubuntu1~22.04 libubsan1_12.1.0-2ubuntu1~22.04 libuchardet0_0.0.7-1build2 libudev1_249.11-0ubuntu3.6 libunistring2_1.0-1 libuuid1_2.37.2-4ubuntu3 libuv1_1.43.0-1 libxml2_2.9.13+dfsg-1ubuntu0.2 libxxhash0_0.8.1-1 libyaml-0-2_0.2.2-1build2 libyaml-dev_0.2.2-1build2 libzstd1_1.4.8+dfsg-3build1 linux-libc-dev_5.15.0-58.64 login_1:4.8.1-2ubuntu2.1 logsave_1.46.5-2ubuntu1.1 lsb-base_11.1.0ubuntu4 lto-disabled-list_24 m4_1.4.18-5ubuntu2 make_4.3-4.1build1 man-db_2.10.2-1 mawk_1.3.4.20200120-3 media-types_7.0.0 mount_2.37.2-4ubuntu3 ncurses-base_6.3-2 ncurses-bin_6.3-2 passwd_1:4.8.1-2ubuntu2.1 patch_2.7.6-7build2 perl_5.34.0-3ubuntu1.1 perl-base_5.34.0-3ubuntu1.1 perl-modules-5.34_5.34.0-3ubuntu1.1 pkg-config_0.29.2-1ubuntu3 po-debconf_1.0.21+nmu1 procps_2:3.3.17-6ubuntu2 python3_3.10.6-1~22.04 python3-argcomplete_1.8.1-1.5 python3-attr_21.2.0-1 python3-catkin-pkg-modules_0.5.2-1 python3-dateutil_2.8.1-6 python3-dev_3.10.6-1~22.04 python3-distutils_3.10.6-1~22.04 python3-docutils_0.17.1+dfsg-2 python3-empy_3.3.4-2 python3-importlib-metadata_4.6.4-1 python3-iniconfig_1.1.1-2 python3-lark_1.1.1-1 python3-lib2to3_3.10.6-1~22.04 python3-minimal_3.10.6-1~22.04 python3-more-itertools_8.10.0-2 python3-netifaces_0.11.0-1build2 python3-numpy_1:1.21.5-1ubuntu22.04.1 python3-packaging_21.3-1 python3-pkg-resources_59.6.0-1.2 python3-pluggy_0.13.0-7.1 python3-py_1.10.0-1 python3-pyparsing_2.4.7-1 python3-pytest_6.2.5-1ubuntu2 python3-roman_3.3-1 python3-setuptools_59.6.0-1.2 python3-six_1.16.0-3ubuntu1 python3-toml_0.10.2-1 python3-yaml_5.4.1-1ubuntu1 python3-zipp_1.0.0-3 python3.10_3.10.6-1~22.04.2 python3.10-dev_3.10.6-1~22.04.2 python3.10-minimal_3.10.6-1~22.04.2 readline-common_8.1.2-1 ros-rolling-action-msgs_1.3.1-1jammy.20221102.215258 ros-rolling-ament-cmake_1.5.2-1jammy.20221102.193827 ros-rolling-ament-cmake-core_1.5.2-1jammy.20221102.192246 ros-rolling-ament-cmake-export-definitions_1.5.2-1jammy.20221102.192705 ros-rolling-ament-cmake-export-dependencies_1.5.2-1jammy.20221102.193026 ros-rolling-ament-cmake-export-include-directories_1.5.2-1jammy.20221102.192721 ros-rolling-ament-cmake-export-interfaces_1.5.2-1jammy.20221102.192746 ros-rolling-ament-cmake-export-libraries_1.5.2-1jammy.20221102.192706 ros-rolling-ament-cmake-export-link-flags_1.5.2-1jammy.20221102.192717 ros-rolling-ament-cmake-export-targets_1.5.2-1jammy.20221102.192735 ros-rolling-ament-cmake-gen-version-h_1.5.2-1jammy.20221102.193628 ros-rolling-ament-cmake-gmock_1.5.2-1jammy.20221102.193700 ros-rolling-ament-cmake-gtest_1.5.2-1jammy.20221102.193555 ros-rolling-ament-cmake-include-directories_1.5.2-1jammy.20221102.192841 ros-rolling-ament-cmake-libraries_1.5.2-1jammy.20221102.192835 ros-rolling-ament-cmake-pytest_1.5.2-1jammy.20221102.192858 ros-rolling-ament-cmake-python_1.5.2-1jammy.20221102.192703 ros-rolling-ament-cmake-ros_0.11.1-1jammy.20221102.200233 ros-rolling-ament-cmake-target-dependencies_1.5.2-1jammy.20221102.193033 ros-rolling-ament-cmake-test_1.5.2-1jammy.20221102.192731 ros-rolling-ament-cmake-version_1.5.2-1jammy.20221102.192703 ros-rolling-ament-copyright_0.13.2-1jammy.20221102.193742 ros-rolling-ament-index-cpp_1.5.1-1jammy.20221102.200233 ros-rolling-ament-index-python_1.5.1-1jammy.20221102.194954 ros-rolling-ament-lint_0.13.2-1jammy.20221102.193317 ros-rolling-ament-package_0.15.1-1jammy.20220914.010527 ros-rolling-builtin-interfaces_1.3.1-1jammy.20221102.214752 ros-rolling-class-loader_2.4.0-1jammy.20221102.203831 ros-rolling-composition-interfaces_1.3.1-1jammy.20221102.222035 ros-rolling-console-bridge-vendor_1.5.2-1jammy.20221102.200622 ros-rolling-control-msgs_4.1.0-1jammy.20221102.232050 ros-rolling-controller-interface_3.5.0-1jammy.20221229.231323 ros-rolling-controller-manager-msgs_3.5.0-1jammy.20221206.185902 ros-rolling-domain-coordinator_0.11.1-1jammy.20221102.195107 ros-rolling-fastcdr_1.0.24-2jammy.20221102.193642 ros-rolling-fastrtps_2.8.1-1jammy.20221128.182906 ros-rolling-fastrtps-cmake-module_2.4.0-1jammy.20221102.201001 ros-rolling-foonathan-memory-vendor_1.2.0-2jammy.20221102.201707 ros-rolling-geometry-msgs_4.6.1-1jammy.20221102.224639 ros-rolling-gmock-vendor_1.10.9004-3jammy.20221102.193605 ros-rolling-gtest-vendor_1.10.9004-3jammy.20221102.193517 ros-rolling-hardware-interface_3.5.0-1jammy.20221229.230402 ros-rolling-launch_1.3.0-1jammy.20221102.202147 ros-rolling-launch-ros_0.22.0-1jammy.20221207.005138 ros-rolling-libstatistics-collector_1.4.0-1jammy.20221206.195210 ros-rolling-libyaml-vendor_1.4.2-1jammy.20221102.212357 ros-rolling-lifecycle-msgs_1.3.1-1jammy.20221102.220600 ros-rolling-osrf-pycommon_2.1.0-1jammy.20221102.202040 ros-rolling-pluginlib_5.2.1-1jammy.20221102.204543 ros-rolling-python-cmake-module_0.10.1-1jammy.20221102.201330 ros-rolling-rcl_5.6.0-1jammy.20221206.194437 ros-rolling-rcl-action_5.6.0-1jammy.20221206.195219 ros-rolling-rcl-interfaces_1.3.1-1jammy.20221102.220627 ros-rolling-rcl-lifecycle_5.6.0-1jammy.20221206.195218 ros-rolling-rcl-logging-interface_2.4.3-1jammy.20221119.003834 ros-rolling-rcl-logging-spdlog_2.4.3-1jammy.20221119.004027 ros-rolling-rcl-yaml-param-parser_5.6.0-1jammy.20221206.193137 ros-rolling-rclcpp_18.0.0-1jammy.20221229.215851 ros-rolling-rclcpp-action_18.0.0-1jammy.20221229.223933 ros-rolling-rclcpp-lifecycle_18.0.0-1jammy.20221229.224121 ros-rolling-rclpy_3.7.1-1jammy.20221207.004451 ros-rolling-rcpputils_2.6.0-1jammy.20221102.203407 ros-rolling-rcutils_6.0.1-1jammy.20221102.202700 ros-rolling-realtime-tools_2.4.0-1jammy.20221229.224548 ros-rolling-rmw_6.4.0-1jammy.20221102.212809 ros-rolling-rmw-dds-common_1.7.1-1jammy.20221102.222428 ros-rolling-rmw-fastrtps-cpp_6.5.0-1jammy.20221128.193704 ros-rolling-rmw-fastrtps-shared-cpp_6.5.0-1jammy.20221128.193049 ros-rolling-rmw-implementation_2.10.0-1jammy.20221128.194644 ros-rolling-rmw-implementation-cmake_6.4.0-1jammy.20221102.195833 ros-rolling-ros-workspace_1.0.2-5jammy.20221102.192419 ros-rolling-ros2-control-test-assets_3.5.0-1jammy.20221206.185950 ros-rolling-ros2cli_0.21.0-1jammy.20221207.005234 ros-rolling-ros2node_0.21.0-1jammy.20221207.005509 ros-rolling-ros2param_0.21.0-1jammy.20221207.010633 ros-rolling-ros2pkg_0.21.0-1jammy.20221207.011005 ros-rolling-ros2run_0.21.0-1jammy.20221207.011854 ros-rolling-ros2service_0.21.0-1jammy.20221207.005515 ros-rolling-rosgraph-msgs_1.3.1-1jammy.20221102.222240 ros-rolling-rosidl-adapter_3.3.1-1jammy.20221102.195836 ros-rolling-rosidl-cli_3.3.1-1jammy.20221102.195206 ros-rolling-rosidl-core-runtime_0.1.0-1jammy.20221102.214436 ros-rolling-rosidl-default-runtime_1.4.0-1jammy.20221102.220256 ros-rolling-rosidl-generator-c_3.3.1-1jammy.20221102.212430 ros-rolling-rosidl-generator-cpp_3.3.1-1jammy.20221102.213031 ros-rolling-rosidl-generator-py_0.16.1-1jammy.20221102.213950 ros-rolling-rosidl-parser_3.3.1-1jammy.20221102.200016 ros-rolling-rosidl-pycommon_3.3.1-1jammy.20221102.200148 ros-rolling-rosidl-runtime-c_3.3.1-1jammy.20221102.212508 ros-rolling-rosidl-runtime-cpp_3.3.1-1jammy.20221102.212839 ros-rolling-rosidl-runtime-py_0.11.0-1jammy.20221102.224254 ros-rolling-rosidl-typesupport-c_2.2.0-1jammy.20221102.213026 ros-rolling-rosidl-typesupport-cpp_2.2.0-1jammy.20221102.213316 ros-rolling-rosidl-typesupport-fastrtps-c_2.4.0-1jammy.20221102.213700 ros-rolling-rosidl-typesupport-fastrtps-cpp_2.4.0-1jammy.20221102.213449 ros-rolling-rosidl-typesupport-interface_3.3.1-1jammy.20221102.195920 ros-rolling-rosidl-typesupport-introspection-c_3.3.1-1jammy.20221102.212841 ros-rolling-rosidl-typesupport-introspection-cpp_3.3.1-1jammy.20221102.213132 ros-rolling-rpyutils_0.3.1-1jammy.20221102.195223 ros-rolling-sensor-msgs_4.6.1-1jammy.20221102.230605 ros-rolling-spdlog-vendor_1.4.2-1jammy.20221102.195832 ros-rolling-statistics-msgs_1.3.1-1jammy.20221102.222247 ros-rolling-std-msgs_4.6.1-1jammy.20221102.222450 ros-rolling-tinyxml2-vendor_0.8.1-1jammy.20221102.194745 ros-rolling-tracetools_4.1.0-1jammy.20221102.200534 ros-rolling-trajectory-msgs_4.6.1-1jammy.20221102.225353 ros-rolling-unique-identifier-msgs_2.3.1-1jammy.20221102.214512 rpcsvc-proto_1.4.2-0ubuntu6 sbuild-build-depends-main-dummy_0.invalid.0 sed_4.8-1ubuntu2 sensible-utils_0.0.17 sgml-base_1.30 sysvinit-utils_3.01-1ubuntu1 tar_1.34+dfsg-1build3 tzdata_2022g-0ubuntu0.22.04.1 ubuntu-keyring_2021.03.26 usrmerge_25ubuntu2 util-linux_2.37.2-4ubuntu3 xml-core_0.18+nmu1 xz-utils_5.2.5-2ubuntu1 zlib1g_1:1.2.11.dfsg-2ubuntu9.2 zlib1g-dev_1:1.2.11.dfsg-2ubuntu9.2

+------------------------------------------------------------------------------+
| Build                                                                        |
+------------------------------------------------------------------------------+


Unpack source
-------------

Format: 1.0
Source: ros-rolling-controller-manager
Binary: ros-rolling-controller-manager
Architecture: any
Version: 2.19.0-2023.01.17.12.47
Maintainer: Bence Magyar <bence.magyar.robotics@gmail.com>
Standards-Version: 3.9.2
Build-Depends: debhelper (>= 9.0.0), ros-rolling-ament-cmake, ros-rolling-ament-cmake-gmock, ros-rolling-ament-cmake-python, ros-rolling-ament-index-cpp, ros-rolling-controller-interface, ros-rolling-controller-manager-msgs, ros-rolling-hardware-interface, ros-rolling-launch, ros-rolling-launch-ros, ros-rolling-pluginlib, ros-rolling-rclcpp, ros-rolling-rcpputils, ros-rolling-realtime-tools, ros-rolling-ros2-control-test-assets, ros-rolling-ros2param, ros-rolling-ros2run
Package-List:
 ros-rolling-controller-manager deb misc optional arch=any
Checksums-Sha1:
 81232d3064896324cb85f31da7123422d191d272 82489 ros-rolling-controller-manager_2.19.0-2023.01.17.12.47.tar.gz
Checksums-Sha256:
 138e08116e93e72781a76a2f8f78712cab8bf1438350ba3ffe2aa7facc77c9dd 82489 ros-rolling-controller-manager_2.19.0-2023.01.17.12.47.tar.gz
Files:
 9a5eec41f73fe5e731e6c3f79e8d0248 82489 ros-rolling-controller-manager_2.19.0-2023.01.17.12.47.tar.gz

dpkg-source: warning: extracting unsigned source package (ros-rolling-controller-manager_2.19.0-2023.01.17.12.47.dsc)
dpkg-source: info: extracting ros-rolling-controller-manager in /<<BUILDDIR>>package
dpkg-source: info: unpacking ros-rolling-controller-manager_2.19.0-2023.01.17.12.47.tar.gz

Check disk space
----------------

Sufficient free space for build

User Environment
----------------

APT_CONFIG=/var/lib/sbuild/apt.conf
CCACHE_DIR=/build/ccache
DEB_BUILD_OPTIONS=nocheck
HOME=/var/lib/sbuild
LANG=C.UTF-8
LC_ALL=C.UTF-8
LOGNAME=runner
OLDPWD=/
PATH=/usr/lib/ccache:/usr/local/sbin:/usr/local/bin:/usr/sbin:/usr/bin:/sbin:/bin:/usr/games
PWD=/<<BUILDDIR>>package
SHELL=/bin/sh
USER=runner

dpkg-buildpackage
-----------------

Command: dpkg-buildpackage --sanitize-env -us -uc -b -rfakeroot
dpkg-buildpackage: info: source package ros-rolling-controller-manager
dpkg-buildpackage: info: source version 2.19.0-2023.01.17.12.47
dpkg-buildpackage: info: source distribution jammy
dpkg-buildpackage: info: source changed by Bence Magyar <bence.magyar.robotics@gmail.com>
 dpkg-source --before-build .
dpkg-buildpackage: info: host architecture amd64
dpkg-source: info: using options from package/debian/source/options: --auto-commit
 fakeroot debian/rules clean
dh clean -v --buildsystem=cmake
   dh_auto_clean -O-v -O--buildsystem=cmake
   dh_autoreconf_clean -O-v -O--buildsystem=cmake
   dh_clean -O-v -O--buildsystem=cmake
	rm -f debian/debhelper-build-stamp
	rm -rf debian/.debhelper/
	rm -f -- debian/ros-rolling-controller-manager.substvars debian/files
	rm -fr -- debian/ros-rolling-controller-manager/ debian/tmp/
	find .  \( \( \
		\( -path .\*/.git -o -path .\*/.svn -o -path .\*/.bzr -o -path .\*/.hg -o -path .\*/CVS -o -path .\*/.pc -o -path .\*/_darcs \) -prune -o -type f -a \
	        \( -name '#*#' -o -name '.*~' -o -name '*~' -o -name DEADJOE \
		 -o -name '*.orig' -o -name '*.rej' -o -name '*.bak' \
		 -o -name '.*.orig' -o -name .*.rej -o -name '.SUMS' \
		 -o -name TAGS -o \( -path '*/.deps/*' -a -name '*.P' \) \
		\) -exec rm -f {} + \) -o \
		\( -type d -a -name autom4te.cache -prune -exec rm -rf {} + \) \)
 debian/rules build
dh build -v --buildsystem=cmake
   dh_update_autotools_config -O-v -O--buildsystem=cmake
   dh_autoreconf -O-v -O--buildsystem=cmake
   debian/rules override_dh_auto_configure
make[1]: Entering directory '/<<BUILDDIR>>package'
# In case we're installing to a non-standard location, look for a setup.sh
# in the install tree and source it.  It will set things like
# CMAKE_PREFIX_PATH, PKG_CONFIG_PATH, and PYTHONPATH.
if [ -f "/opt/ros/rolling/setup.sh" ]; then . "/opt/ros/rolling/setup.sh"; fi && \
dh_auto_configure -- \
	-DCMAKE_INSTALL_PREFIX="/opt/ros/rolling" \
	-DAMENT_PREFIX_PATH="/opt/ros/rolling" \
	-DCMAKE_PREFIX_PATH="/opt/ros/rolling"
	install -d obj-x86_64-linux-gnu
	cd obj-x86_64-linux-gnu && cmake -DCMAKE_INSTALL_PREFIX=/usr -DCMAKE_BUILD_TYPE=None -DCMAKE_INSTALL_SYSCONFDIR=/etc -DCMAKE_INSTALL_LOCALSTATEDIR=/var -DCMAKE_EXPORT_NO_PACKAGE_REGISTRY=ON -DCMAKE_FIND_USE_PACKAGE_REGISTRY=OFF -DCMAKE_FIND_PACKAGE_NO_PACKAGE_REGISTRY=ON -DCMAKE_INSTALL_RUNSTATEDIR=/run "-GUnix Makefiles" -DCMAKE_VERBOSE_MAKEFILE=ON -DCMAKE_INSTALL_LIBDIR=lib/x86_64-linux-gnu -DCMAKE_INSTALL_PREFIX=/opt/ros/rolling -DAMENT_PREFIX_PATH=/opt/ros/rolling -DCMAKE_PREFIX_PATH=/opt/ros/rolling ..
-- The C compiler identification is GNU 11.3.0
-- The CXX compiler identification is GNU 11.3.0
-- Detecting C compiler ABI info
-- Detecting C compiler ABI info - done
-- Check for working C compiler: /usr/lib/ccache/cc - skipped
-- Detecting C compile features
-- Detecting C compile features - done
-- Detecting CXX compiler ABI info
-- Detecting CXX compiler ABI info - done
-- Check for working CXX compiler: /usr/lib/ccache/c++ - skipped
-- Detecting CXX compile features
-- Detecting CXX compile features - done
-- Found ament_cmake: 1.5.2 (/opt/ros/rolling/share/ament_cmake/cmake)
-- Found Python3: /usr/bin/python3.10 (found version "3.10.6") found components: Interpreter 
-- Found ament_index_cpp: 1.5.1 (/opt/ros/rolling/share/ament_index_cpp/cmake)
-- Found controller_interface: 3.5.0 (/opt/ros/rolling/share/controller_interface/cmake)
-- Found rosidl_generator_c: 3.3.1 (/opt/ros/rolling/share/rosidl_generator_c/cmake)
-- Found rosidl_generator_cpp: 3.3.1 (/opt/ros/rolling/share/rosidl_generator_cpp/cmake)
-- Using all available rosidl_typesupport_c: rosidl_typesupport_fastrtps_c;rosidl_typesupport_introspection_c
-- Using all available rosidl_typesupport_cpp: rosidl_typesupport_fastrtps_cpp;rosidl_typesupport_introspection_cpp
-- Found rmw_implementation_cmake: 6.4.0 (/opt/ros/rolling/share/rmw_implementation_cmake/cmake)
-- Found rmw_fastrtps_cpp: 6.5.0 (/opt/ros/rolling/share/rmw_fastrtps_cpp/cmake)
-- Found OpenSSL: /usr/lib/x86_64-linux-gnu/libcrypto.so (found version "3.0.2")  
-- Found FastRTPS: /opt/ros/rolling/include  
-- Using RMW implementation 'rmw_fastrtps_cpp' as default
-- Looking for pthread.h
-- Looking for pthread.h - found
-- Performing Test CMAKE_HAVE_LIBC_PTHREAD
-- Performing Test CMAKE_HAVE_LIBC_PTHREAD - Success
-- Found Threads: TRUE  
-- Found controller_manager_msgs: 3.5.0 (/opt/ros/rolling/share/controller_manager_msgs/cmake)
-- Found realtime_tools: 2.4.0 (/opt/ros/rolling/share/realtime_tools/cmake)
-- Found ament_cmake_gmock: 1.5.2 (/opt/ros/rolling/share/ament_cmake_gmock/cmake)
-- Found ros2_control_test_assets: 3.5.0 (/opt/ros/rolling/share/ros2_control_test_assets/cmake)
-- Found gmock sources under '/opt/ros/rolling/src/gmock_vendor': C++ tests using 'Google Mock' will be built
-- Found ament_cmake_gtest: 1.5.2 (/opt/ros/rolling/share/ament_cmake_gtest/cmake)
-- Found gtest sources under '/opt/ros/rolling/src/gtest_vendor': C++ tests using 'Google Test' will be built
-- Configuring done
-- Generating done
CMake Warning:
  Manually-specified variables were not used by the project:

    AMENT_PREFIX_PATH
    CMAKE_EXPORT_NO_PACKAGE_REGISTRY
    CMAKE_FIND_PACKAGE_NO_PACKAGE_REGISTRY
    CMAKE_INSTALL_LIBDIR
    CMAKE_INSTALL_LOCALSTATEDIR
    CMAKE_INSTALL_RUNSTATEDIR
    CMAKE_INSTALL_SYSCONFDIR


-- Build files have been written to: /<<BUILDDIR>>package/obj-x86_64-linux-gnu
make[1]: Leaving directory '/<<BUILDDIR>>package'
	rm -f debian/ros-rolling-controller-manager.debhelper.log
   debian/rules override_dh_auto_build
make[1]: Entering directory '/<<BUILDDIR>>package'
# In case we're installing to a non-standard location, look for a setup.sh
# in the install tree and source it.  It will set things like
# CMAKE_PREFIX_PATH, PKG_CONFIG_PATH, and PYTHONPATH.
if [ -f "/opt/ros/rolling/setup.sh" ]; then . "/opt/ros/rolling/setup.sh"; fi && \
dh_auto_build
	cd obj-x86_64-linux-gnu && make -j2 "INSTALL=install --strip-program=true" VERBOSE=1
make[2]: Entering directory '/<<BUILDDIR>>package/obj-x86_64-linux-gnu'
/usr/bin/cmake -S/<<BUILDDIR>>package -B/<<BUILDDIR>>package/obj-x86_64-linux-gnu --check-build-system CMakeFiles/Makefile.cmake 0
/usr/bin/cmake -E cmake_progress_start /<<BUILDDIR>>package/obj-x86_64-linux-gnu/CMakeFiles /<<BUILDDIR>>package/obj-x86_64-linux-gnu//CMakeFiles/progress.marks
make  -f CMakeFiles/Makefile2 all
make[3]: Entering directory '/<<BUILDDIR>>package/obj-x86_64-linux-gnu'
make  -f CMakeFiles/controller_manager.dir/build.make CMakeFiles/controller_manager.dir/depend
make  -f gmock/CMakeFiles/gmock_main.dir/build.make gmock/CMakeFiles/gmock_main.dir/depend
make[4]: Entering directory '/<<BUILDDIR>>package/obj-x86_64-linux-gnu'
make[4]: Entering directory '/<<BUILDDIR>>package/obj-x86_64-linux-gnu'
cd /<<BUILDDIR>>package/obj-x86_64-linux-gnu && /usr/bin/cmake -E cmake_depends "Unix Makefiles" /<<BUILDDIR>>package /<<BUILDDIR>>package /<<BUILDDIR>>package/obj-x86_64-linux-gnu /<<BUILDDIR>>package/obj-x86_64-linux-gnu /<<BUILDDIR>>package/obj-x86_64-linux-gnu/CMakeFiles/controller_manager.dir/DependInfo.cmake --color=
cd /<<BUILDDIR>>package/obj-x86_64-linux-gnu && /usr/bin/cmake -E cmake_depends "Unix Makefiles" /<<BUILDDIR>>package /opt/ros/rolling/src/gmock_vendor /<<BUILDDIR>>package/obj-x86_64-linux-gnu /<<BUILDDIR>>package/obj-x86_64-linux-gnu/gmock /<<BUILDDIR>>package/obj-x86_64-linux-gnu/gmock/CMakeFiles/gmock_main.dir/DependInfo.cmake --color=
make[4]: Leaving directory '/<<BUILDDIR>>package/obj-x86_64-linux-gnu'
make  -f CMakeFiles/controller_manager.dir/build.make CMakeFiles/controller_manager.dir/build
make[4]: Leaving directory '/<<BUILDDIR>>package/obj-x86_64-linux-gnu'
make  -f gmock/CMakeFiles/gmock_main.dir/build.make gmock/CMakeFiles/gmock_main.dir/build
make[4]: Entering directory '/<<BUILDDIR>>package/obj-x86_64-linux-gnu'
make[4]: Entering directory '/<<BUILDDIR>>package/obj-x86_64-linux-gnu'
[  3%] Building CXX object CMakeFiles/controller_manager.dir/src/controller_manager.cpp.o
[  6%] Building CXX object gmock/CMakeFiles/gmock_main.dir/src/gmock_main.cc.o
cd /<<BUILDDIR>>package/obj-x86_64-linux-gnu/gmock && /usr/lib/ccache/c++  -I/opt/ros/rolling/src/gmock_vendor/include -I/opt/ros/rolling/src/gmock_vendor/. -I/opt/ros/rolling/src/gtest_vendor/include -I/opt/ros/rolling/src/gtest_vendor -g -O2 -ffile-prefix-map=/<<BUILDDIR>>package=. -flto=auto -ffat-lto-objects -flto=auto -ffat-lto-objects -fstack-protector-strong -Wformat -Werror=format-security -DNDEBUG -Wdate-time -D_FORTIFY_SOURCE=2 -Wno-missing-field-initializers -Wall -Wextra -MD -MT gmock/CMakeFiles/gmock_main.dir/src/gmock_main.cc.o -MF CMakeFiles/gmock_main.dir/src/gmock_main.cc.o.d -o CMakeFiles/gmock_main.dir/src/gmock_main.cc.o -c /opt/ros/rolling/src/gmock_vendor/src/gmock_main.cc
/usr/lib/ccache/c++ -DCONTROLLER_MANAGER_BUILDING_DLL -DDEFAULT_RMW_IMPLEMENTATION=rmw_fastrtps_cpp -DRCUTILS_ENABLE_FAULT_INJECTION -Dcontroller_manager_EXPORTS -I/<<BUILDDIR>>package/include -I/opt/ros/rolling/include -I/opt/ros/rolling/include/rclcpp_lifecycle -I/opt/ros/rolling/include/rclcpp_action -isystem /opt/ros/rolling/include/ament_index_cpp -isystem /opt/ros/rolling/include/controller_manager_msgs -isystem /opt/ros/rolling/include/pluginlib -isystem /opt/ros/rolling/include/rclcpp -isystem /opt/ros/rolling/include/control_msgs -isystem /opt/ros/rolling/include/lifecycle_msgs -isystem /opt/ros/rolling/include/rcpputils -isystem /opt/ros/rolling/include/rcutils -isystem /opt/ros/rolling/include/sensor_msgs -isystem /opt/ros/rolling/include/builtin_interfaces -isystem /opt/ros/rolling/include/rosidl_runtime_c -isystem /opt/ros/rolling/include/rosidl_typesupport_interface -isystem /opt/ros/rolling/include/fastcdr -isystem /opt/ros/rolling/include/rosidl_runtime_cpp -isystem /opt/ros/rolling/include/rosidl_typesupport_fastrtps_cpp -isystem /opt/ros/rolling/include/rmw -isystem /opt/ros/rolling/include/rosidl_typesupport_fastrtps_c -isystem /opt/ros/rolling/include/rosidl_typesupport_introspection_c -isystem /opt/ros/rolling/include/rosidl_typesupport_introspection_cpp -isystem /opt/ros/rolling/include/class_loader -isystem /opt/ros/rolling/include/libstatistics_collector -isystem /opt/ros/rolling/include/rcl -isystem /opt/ros/rolling/include/rcl_interfaces -isystem /opt/ros/rolling/include/rcl_logging_interface -isystem /opt/ros/rolling/include/rcl_yaml_param_parser -isystem /opt/ros/rolling/include/libyaml_vendor -isystem /opt/ros/rolling/include/tracetools -isystem /opt/ros/rolling/include/statistics_msgs -isystem /opt/ros/rolling/include/rosgraph_msgs -isystem /opt/ros/rolling/include/rosidl_typesupport_cpp -isystem /opt/ros/rolling/include/rosidl_typesupport_c -isystem /opt/ros/rolling/include/geometry_msgs -isystem /opt/ros/rolling/include/std_msgs -isystem /opt/ros/rolling/include/trajectory_msgs -isystem /opt/ros/rolling/include/action_msgs -isystem /opt/ros/rolling/include/unique_identifier_msgs -isystem /opt/ros/rolling/include/rcl_lifecycle -isystem /opt/ros/rolling/include/rcl_action -g -O2 -ffile-prefix-map=/<<BUILDDIR>>package=. -flto=auto -ffat-lto-objects -flto=auto -ffat-lto-objects -fstack-protector-strong -Wformat -Werror=format-security -DNDEBUG -Wdate-time -D_FORTIFY_SOURCE=2 -fPIC -Wall -Wextra -MD -MT CMakeFiles/controller_manager.dir/src/controller_manager.cpp.o -MF CMakeFiles/controller_manager.dir/src/controller_manager.cpp.o.d -o CMakeFiles/controller_manager.dir/src/controller_manager.cpp.o -c /<<BUILDDIR>>package/src/controller_manager.cpp
[  9%] Linking CXX static library libgmock_main.a
cd /<<BUILDDIR>>package/obj-x86_64-linux-gnu/gmock && /usr/bin/cmake -P CMakeFiles/gmock_main.dir/cmake_clean_target.cmake
cd /<<BUILDDIR>>package/obj-x86_64-linux-gnu/gmock && /usr/bin/cmake -E cmake_link_script CMakeFiles/gmock_main.dir/link.txt --verbose=1
/usr/bin/ar qc libgmock_main.a CMakeFiles/gmock_main.dir/src/gmock_main.cc.o
/usr/bin/ranlib libgmock_main.a
make[4]: Leaving directory '/<<BUILDDIR>>package/obj-x86_64-linux-gnu'
[  9%] Built target gmock_main
make  -f gmock/CMakeFiles/gmock.dir/build.make gmock/CMakeFiles/gmock.dir/depend
make[4]: Entering directory '/<<BUILDDIR>>package/obj-x86_64-linux-gnu'
cd /<<BUILDDIR>>package/obj-x86_64-linux-gnu && /usr/bin/cmake -E cmake_depends "Unix Makefiles" /<<BUILDDIR>>package /opt/ros/rolling/src/gmock_vendor /<<BUILDDIR>>package/obj-x86_64-linux-gnu /<<BUILDDIR>>package/obj-x86_64-linux-gnu/gmock /<<BUILDDIR>>package/obj-x86_64-linux-gnu/gmock/CMakeFiles/gmock.dir/DependInfo.cmake --color=
make[4]: Leaving directory '/<<BUILDDIR>>package/obj-x86_64-linux-gnu'
make  -f gmock/CMakeFiles/gmock.dir/build.make gmock/CMakeFiles/gmock.dir/build
make[4]: Entering directory '/<<BUILDDIR>>package/obj-x86_64-linux-gnu'
[ 12%] Building CXX object gmock/CMakeFiles/gmock.dir/opt/ros/rolling/src/gtest_vendor/src/gtest-all.cc.o
cd /<<BUILDDIR>>package/obj-x86_64-linux-gnu/gmock && /usr/lib/ccache/c++  -I/opt/ros/rolling/src/gmock_vendor/include -I/opt/ros/rolling/src/gmock_vendor/. -I/opt/ros/rolling/src/gtest_vendor/include -I/opt/ros/rolling/src/gtest_vendor -g -O2 -ffile-prefix-map=/<<BUILDDIR>>package=. -flto=auto -ffat-lto-objects -flto=auto -ffat-lto-objects -fstack-protector-strong -Wformat -Werror=format-security -DNDEBUG -Wdate-time -D_FORTIFY_SOURCE=2 -fPIC -Wno-missing-field-initializers -Wall -Wextra -MD -MT gmock/CMakeFiles/gmock.dir/opt/ros/rolling/src/gtest_vendor/src/gtest-all.cc.o -MF CMakeFiles/gmock.dir/opt/ros/rolling/src/gtest_vendor/src/gtest-all.cc.o.d -o CMakeFiles/gmock.dir/opt/ros/rolling/src/gtest_vendor/src/gtest-all.cc.o -c /opt/ros/rolling/src/gtest_vendor/src/gtest-all.cc
[ 15%] Building CXX object gmock/CMakeFiles/gmock.dir/src/gmock-all.cc.o
cd /<<BUILDDIR>>package/obj-x86_64-linux-gnu/gmock && /usr/lib/ccache/c++  -I/opt/ros/rolling/src/gmock_vendor/include -I/opt/ros/rolling/src/gmock_vendor/. -I/opt/ros/rolling/src/gtest_vendor/include -I/opt/ros/rolling/src/gtest_vendor -g -O2 -ffile-prefix-map=/<<BUILDDIR>>package=. -flto=auto -ffat-lto-objects -flto=auto -ffat-lto-objects -fstack-protector-strong -Wformat -Werror=format-security -DNDEBUG -Wdate-time -D_FORTIFY_SOURCE=2 -fPIC -Wno-missing-field-initializers -Wall -Wextra -MD -MT gmock/CMakeFiles/gmock.dir/src/gmock-all.cc.o -MF CMakeFiles/gmock.dir/src/gmock-all.cc.o.d -o CMakeFiles/gmock.dir/src/gmock-all.cc.o -c /opt/ros/rolling/src/gmock_vendor/src/gmock-all.cc
[ 18%] Linking CXX static library libgmock.a
cd /<<BUILDDIR>>package/obj-x86_64-linux-gnu/gmock && /usr/bin/cmake -P CMakeFiles/gmock.dir/cmake_clean_target.cmake
cd /<<BUILDDIR>>package/obj-x86_64-linux-gnu/gmock && /usr/bin/cmake -E cmake_link_script CMakeFiles/gmock.dir/link.txt --verbose=1
/usr/bin/ar qc libgmock.a CMakeFiles/gmock.dir/opt/ros/rolling/src/gtest_vendor/src/gtest-all.cc.o CMakeFiles/gmock.dir/src/gmock-all.cc.o
/usr/bin/ranlib libgmock.a
make[4]: Leaving directory '/<<BUILDDIR>>package/obj-x86_64-linux-gnu'
[ 18%] Built target gmock
make  -f CMakeFiles/ament_cmake_python_copy_controller_manager_setup.dir/build.make CMakeFiles/ament_cmake_python_copy_controller_manager_setup.dir/depend
make[4]: Entering directory '/<<BUILDDIR>>package/obj-x86_64-linux-gnu'
cd /<<BUILDDIR>>package/obj-x86_64-linux-gnu && /usr/bin/cmake -E cmake_depends "Unix Makefiles" /<<BUILDDIR>>package /<<BUILDDIR>>package /<<BUILDDIR>>package/obj-x86_64-linux-gnu /<<BUILDDIR>>package/obj-x86_64-linux-gnu /<<BUILDDIR>>package/obj-x86_64-linux-gnu/CMakeFiles/ament_cmake_python_copy_controller_manager_setup.dir/DependInfo.cmake --color=
make[4]: Leaving directory '/<<BUILDDIR>>package/obj-x86_64-linux-gnu'
make  -f CMakeFiles/ament_cmake_python_copy_controller_manager_setup.dir/build.make CMakeFiles/ament_cmake_python_copy_controller_manager_setup.dir/build
make[4]: Entering directory '/<<BUILDDIR>>package/obj-x86_64-linux-gnu'
/usr/bin/cmake -E copy /<<BUILDDIR>>package/setup.cfg /<<BUILDDIR>>package/obj-x86_64-linux-gnu/ament_cmake_python/controller_manager/setup.cfg
make[4]: Leaving directory '/<<BUILDDIR>>package/obj-x86_64-linux-gnu'
[ 18%] Built target ament_cmake_python_copy_controller_manager_setup
make  -f CMakeFiles/ament_cmake_python_copy_controller_manager.dir/build.make CMakeFiles/ament_cmake_python_copy_controller_manager.dir/depend
make[4]: Entering directory '/<<BUILDDIR>>package/obj-x86_64-linux-gnu'
cd /<<BUILDDIR>>package/obj-x86_64-linux-gnu && /usr/bin/cmake -E cmake_depends "Unix Makefiles" /<<BUILDDIR>>package /<<BUILDDIR>>package /<<BUILDDIR>>package/obj-x86_64-linux-gnu /<<BUILDDIR>>package/obj-x86_64-linux-gnu /<<BUILDDIR>>package/obj-x86_64-linux-gnu/CMakeFiles/ament_cmake_python_copy_controller_manager.dir/DependInfo.cmake --color=
make[4]: Leaving directory '/<<BUILDDIR>>package/obj-x86_64-linux-gnu'
make  -f CMakeFiles/ament_cmake_python_copy_controller_manager.dir/build.make CMakeFiles/ament_cmake_python_copy_controller_manager.dir/build
make[4]: Entering directory '/<<BUILDDIR>>package/obj-x86_64-linux-gnu'
/usr/bin/cmake -E copy_directory /<<BUILDDIR>>package/controller_manager /<<BUILDDIR>>package/obj-x86_64-linux-gnu/ament_cmake_python/controller_manager/controller_manager
make[4]: Leaving directory '/<<BUILDDIR>>package/obj-x86_64-linux-gnu'
[ 18%] Built target ament_cmake_python_copy_controller_manager
make  -f CMakeFiles/ament_cmake_python_build_controller_manager_egg.dir/build.make CMakeFiles/ament_cmake_python_build_controller_manager_egg.dir/depend
make[4]: Entering directory '/<<BUILDDIR>>package/obj-x86_64-linux-gnu'
cd /<<BUILDDIR>>package/obj-x86_64-linux-gnu && /usr/bin/cmake -E cmake_depends "Unix Makefiles" /<<BUILDDIR>>package /<<BUILDDIR>>package /<<BUILDDIR>>package/obj-x86_64-linux-gnu /<<BUILDDIR>>package/obj-x86_64-linux-gnu /<<BUILDDIR>>package/obj-x86_64-linux-gnu/CMakeFiles/ament_cmake_python_build_controller_manager_egg.dir/DependInfo.cmake --color=
make[4]: Leaving directory '/<<BUILDDIR>>package/obj-x86_64-linux-gnu'
make  -f CMakeFiles/ament_cmake_python_build_controller_manager_egg.dir/build.make CMakeFiles/ament_cmake_python_build_controller_manager_egg.dir/build
make[4]: Entering directory '/<<BUILDDIR>>package/obj-x86_64-linux-gnu'
cd /<<BUILDDIR>>package/obj-x86_64-linux-gnu/ament_cmake_python/controller_manager && /usr/bin/python3.10 setup.py egg_info
running egg_info
creating controller_manager.egg-info
writing controller_manager.egg-info/PKG-INFO
writing dependency_links to controller_manager.egg-info/dependency_links.txt
writing entry points to controller_manager.egg-info/entry_points.txt
writing top-level names to controller_manager.egg-info/top_level.txt
writing manifest file 'controller_manager.egg-info/SOURCES.txt'
reading manifest file 'controller_manager.egg-info/SOURCES.txt'
writing manifest file 'controller_manager.egg-info/SOURCES.txt'
make[4]: Leaving directory '/<<BUILDDIR>>package/obj-x86_64-linux-gnu'
[ 18%] Built target ament_cmake_python_build_controller_manager_egg
make  -f CMakeFiles/ament_cmake_python_build_controller_manager_scripts.dir/build.make CMakeFiles/ament_cmake_python_build_controller_manager_scripts.dir/depend
make[4]: Entering directory '/<<BUILDDIR>>package/obj-x86_64-linux-gnu'
cd /<<BUILDDIR>>package/obj-x86_64-linux-gnu && /usr/bin/cmake -E cmake_depends "Unix Makefiles" /<<BUILDDIR>>package /<<BUILDDIR>>package /<<BUILDDIR>>package/obj-x86_64-linux-gnu /<<BUILDDIR>>package/obj-x86_64-linux-gnu /<<BUILDDIR>>package/obj-x86_64-linux-gnu/CMakeFiles/ament_cmake_python_build_controller_manager_scripts.dir/DependInfo.cmake --color=
make[4]: Leaving directory '/<<BUILDDIR>>package/obj-x86_64-linux-gnu'
make  -f CMakeFiles/ament_cmake_python_build_controller_manager_scripts.dir/build.make CMakeFiles/ament_cmake_python_build_controller_manager_scripts.dir/build
make[4]: Entering directory '/<<BUILDDIR>>package/obj-x86_64-linux-gnu'
cd /<<BUILDDIR>>package/obj-x86_64-linux-gnu/ament_cmake_python/controller_manager && /usr/bin/python3.10 setup.py install_scripts -d scripts
running install_scripts
/usr/lib/python3/dist-packages/setuptools/command/install.py:34: SetuptoolsDeprecationWarning: setup.py install is deprecated. Use build and pip and other standards-based tools.
  warnings.warn(
running egg_info
writing controller_manager.egg-info/PKG-INFO
writing dependency_links to controller_manager.egg-info/dependency_links.txt
writing entry points to controller_manager.egg-info/entry_points.txt
writing top-level names to controller_manager.egg-info/top_level.txt
reading manifest file 'controller_manager.egg-info/SOURCES.txt'
writing manifest file 'controller_manager.egg-info/SOURCES.txt'
Installing spawner script to scripts
Installing unspawner script to scripts
make[4]: Leaving directory '/<<BUILDDIR>>package/obj-x86_64-linux-gnu'
[ 18%] Built target ament_cmake_python_build_controller_manager_scripts
/<<BUILDDIR>>package/src/controller_manager.cpp: In member function void controller_manager::ControllerManager::init_services():
/<<BUILDDIR>>package/src/controller_manager.cpp:227:92: warning: typename rclcpp::Service<ServiceT>::SharedPtr rclcpp::Node::create_service(const string&, CallbackT&&, const rmw_qos_profile_t&, rclcpp::CallbackGroup::SharedPtr) [with ServiceT = controller_manager_msgs::srv::ListControllers; CallbackT = std::_Bind<void (controller_manager::ControllerManager::*(controller_manager::ControllerManager*, std::_Placeholder<1>, std::_Placeholder<2>))(std::shared_ptr<controller_manager_msgs::srv::ListControllers_Request_<std::allocator<void> > >, std::shared_ptr<controller_manager_msgs::srv::ListControllers_Response_<std::allocator<void> > >)>; typename rclcpp::Service<ServiceT>::SharedPtr = std::shared_ptr<rclcpp::Service<controller_manager_msgs::srv::ListControllers> >; std::string = std::__cxx11::basic_string<char>; rmw_qos_profile_t = rmw_qos_profile_s; rclcpp::CallbackGroup::SharedPtr = std::shared_ptr<rclcpp::CallbackGroup>] is deprecated: use rclcpp::QoS instead of rmw_qos_profile_t [-Wdeprecated-declarations]
  227 |   list_controllers_service_ = create_service<controller_manager_msgs::srv::ListControllers>(
      |                               ~~~~~~~~~~~~~~~~~~~~~~~~~~~~~~~~~~~~~~~~~~~~~~~~~~~~~~~~~~~~~^
  228 |     "~/list_controllers", std::bind(&ControllerManager::list_controllers_srv_cb, this, _1, _2),
      |     ~~~~~~~~~~~~~~~~~~~~~~~~~~~~~~~~~~~~~~~~~~~~~~~~~~~~~~~~~~~~~~~~~~~~~~~~~~~~~~~~~~~~~~~~~~~
  229 |     rmw_qos_profile_services_hist_keep_all, best_effort_callback_group_);
      |     ~~~~~~~~~~~~~~~~~~~~~~~~~~~~~~~~~~~~~~~~~~~~~~~~~~~~~~~~~~~~~~~~~~~~                    
In file included from /opt/ros/rolling/include/rclcpp/rclcpp/node.hpp:1600,
                 from /opt/ros/rolling/include/rclcpp/rclcpp/executors/single_threaded_executor.hpp:28,
                 from /opt/ros/rolling/include/rclcpp/rclcpp/executors.hpp:22,
                 from /opt/ros/rolling/include/rclcpp/rclcpp/rclcpp.hpp:155,
                 from /opt/ros/rolling/include/controller_interface/controller_interface_base.hpp:28,
                 from /opt/ros/rolling/include/controller_interface/chainable_controller_interface.hpp:20,
                 from /<<BUILDDIR>>package/include/controller_manager/controller_manager.hpp:26,
                 from /<<BUILDDIR>>package/src/controller_manager.cpp:15:
/opt/ros/rolling/include/rclcpp/rclcpp/node_impl.hpp:190:1: note: declared here
  190 | Node::create_service(
      | ^~~~
/<<BUILDDIR>>package/src/controller_manager.cpp:231:70: warning: typename rclcpp::Service<ServiceT>::SharedPtr rclcpp::Node::create_service(const string&, CallbackT&&, const rmw_qos_profile_t&, rclcpp::CallbackGroup::SharedPtr) [with ServiceT = controller_manager_msgs::srv::ListControllerTypes; CallbackT = std::_Bind<void (controller_manager::ControllerManager::*(controller_manager::ControllerManager*, std::_Placeholder<1>, std::_Placeholder<2>))(std::shared_ptr<controller_manager_msgs::srv::ListControllerTypes_Request_<std::allocator<void> > >, std::shared_ptr<controller_manager_msgs::srv::ListControllerTypes_Response_<std::allocator<void> > >)>; typename rclcpp::Service<ServiceT>::SharedPtr = std::shared_ptr<rclcpp::Service<controller_manager_msgs::srv::ListControllerTypes> >; std::string = std::__cxx11::basic_string<char>; rmw_qos_profile_t = rmw_qos_profile_s; rclcpp::CallbackGroup::SharedPtr = std::shared_ptr<rclcpp::CallbackGroup>] is deprecated: use rclcpp::QoS instead of rmw_qos_profile_t [-Wdeprecated-declarations]
  231 |     create_service<controller_manager_msgs::srv::ListControllerTypes>(
      |     ~~~~~~~~~~~~~~~~~~~~~~~~~~~~~~~~~~~~~~~~~~~~~~~~~~~~~~~~~~~~~~~~~^
  232 |       "~/list_controller_types",
      |       ~~~~~~~~~~~~~~~~~~~~~~~~~~                                      
  233 |       std::bind(&ControllerManager::list_controller_types_srv_cb, this, _1, _2),
      |       ~~~~~~~~~~~~~~~~~~~~~~~~~~~~~~~~~~~~~~~~~~~~~~~~~~~~~~~~~~~~~~~~~~~~~~~~~~
  234 |       rmw_qos_profile_services_hist_keep_all, best_effort_callback_group_);
      |       ~~~~~~~~~~~~~~~~~~~~~~~~~~~~~~~~~~~~~~~~~~~~~~~~~~~~~~~~~~~~~~~~~~~~
In file included from /opt/ros/rolling/include/rclcpp/rclcpp/node.hpp:1600,
                 from /opt/ros/rolling/include/rclcpp/rclcpp/executors/single_threaded_executor.hpp:28,
                 from /opt/ros/rolling/include/rclcpp/rclcpp/executors.hpp:22,
                 from /opt/ros/rolling/include/rclcpp/rclcpp/rclcpp.hpp:155,
                 from /opt/ros/rolling/include/controller_interface/controller_interface_base.hpp:28,
                 from /opt/ros/rolling/include/controller_interface/chainable_controller_interface.hpp:20,
                 from /<<BUILDDIR>>package/include/controller_manager/controller_manager.hpp:26,
                 from /<<BUILDDIR>>package/src/controller_manager.cpp:15:
/opt/ros/rolling/include/rclcpp/rclcpp/node_impl.hpp:190:1: note: declared here
  190 | Node::create_service(
      | ^~~~
/<<BUILDDIR>>package/src/controller_manager.cpp:235:90: warning: typename rclcpp::Service<ServiceT>::SharedPtr rclcpp::Node::create_service(const string&, CallbackT&&, const rmw_qos_profile_t&, rclcpp::CallbackGroup::SharedPtr) [with ServiceT = controller_manager_msgs::srv::LoadController; CallbackT = std::_Bind<void (controller_manager::ControllerManager::*(controller_manager::ControllerManager*, std::_Placeholder<1>, std::_Placeholder<2>))(std::shared_ptr<controller_manager_msgs::srv::LoadController_Request_<std::allocator<void> > >, std::shared_ptr<controller_manager_msgs::srv::LoadController_Response_<std::allocator<void> > >)>; typename rclcpp::Service<ServiceT>::SharedPtr = std::shared_ptr<rclcpp::Service<controller_manager_msgs::srv::LoadController> >; std::string = std::__cxx11::basic_string<char>; rmw_qos_profile_t = rmw_qos_profile_s; rclcpp::CallbackGroup::SharedPtr = std::shared_ptr<rclcpp::CallbackGroup>] is deprecated: use rclcpp::QoS instead of rmw_qos_profile_t [-Wdeprecated-declarations]
  235 |   load_controller_service_ = create_service<controller_manager_msgs::srv::LoadController>(
      |                              ~~~~~~~~~~~~~~~~~~~~~~~~~~~~~~~~~~~~~~~~~~~~~~~~~~~~~~~~~~~~^
  236 |     "~/load_controller", std::bind(&ControllerManager::load_controller_service_cb, this, _1, _2),
      |     ~~~~~~~~~~~~~~~~~~~~~~~~~~~~~~~~~~~~~~~~~~~~~~~~~~~~~~~~~~~~~~~~~~~~~~~~~~~~~~~~~~~~~~~~~~~~~
  237 |     rmw_qos_profile_services_hist_keep_all, best_effort_callback_group_);
      |     ~~~~~~~~~~~~~~~~~~~~~~~~~~~~~~~~~~~~~~~~~~~~~~~~~~~~~~~~~~~~~~~~~~~~                  
In file included from /opt/ros/rolling/include/rclcpp/rclcpp/node.hpp:1600,
                 from /opt/ros/rolling/include/rclcpp/rclcpp/executors/single_threaded_executor.hpp:28,
                 from /opt/ros/rolling/include/rclcpp/rclcpp/executors.hpp:22,
                 from /opt/ros/rolling/include/rclcpp/rclcpp/rclcpp.hpp:155,
                 from /opt/ros/rolling/include/controller_interface/controller_interface_base.hpp:28,
                 from /opt/ros/rolling/include/controller_interface/chainable_controller_interface.hpp:20,
                 from /<<BUILDDIR>>package/include/controller_manager/controller_manager.hpp:26,
                 from /<<BUILDDIR>>package/src/controller_manager.cpp:15:
/opt/ros/rolling/include/rclcpp/rclcpp/node_impl.hpp:190:1: note: declared here
  190 | Node::create_service(
      | ^~~~
/<<BUILDDIR>>package/src/controller_manager.cpp:238:100: warning: typename rclcpp::Service<ServiceT>::SharedPtr rclcpp::Node::create_service(const string&, CallbackT&&, const rmw_qos_profile_t&, rclcpp::CallbackGroup::SharedPtr) [with ServiceT = controller_manager_msgs::srv::ConfigureController; CallbackT = std::_Bind<void (controller_manager::ControllerManager::*(controller_manager::ControllerManager*, std::_Placeholder<1>, std::_Placeholder<2>))(std::shared_ptr<controller_manager_msgs::srv::ConfigureController_Request_<std::allocator<void> > >, std::shared_ptr<controller_manager_msgs::srv::ConfigureController_Response_<std::allocator<void> > >)>; typename rclcpp::Service<ServiceT>::SharedPtr = std::shared_ptr<rclcpp::Service<controller_manager_msgs::srv::ConfigureController> >; std::string = std::__cxx11::basic_string<char>; rmw_qos_profile_t = rmw_qos_profile_s; rclcpp::CallbackGroup::SharedPtr = std::shared_ptr<rclcpp::CallbackGroup>] is deprecated: use rclcpp::QoS instead of rmw_qos_profile_t [-Wdeprecated-declarations]
  238 |   configure_controller_service_ = create_service<controller_manager_msgs::srv::ConfigureController>(
      |                                   ~~~~~~~~~~~~~~~~~~~~~~~~~~~~~~~~~~~~~~~~~~~~~~~~~~~~~~~~~~~~~~~~~^
  239 |     "~/configure_controller",
      |     ~~~~~~~~~~~~~~~~~~~~~~~~~                                                                       
  240 |     std::bind(&ControllerManager::configure_controller_service_cb, this, _1, _2),
      |     ~~~~~~~~~~~~~~~~~~~~~~~~~~~~~~~~~~~~~~~~~~~~~~~~~~~~~~~~~~~~~~~~~~~~~~~~~~~~~                   
  241 |     rmw_qos_profile_services_hist_keep_all, best_effort_callback_group_);
      |     ~~~~~~~~~~~~~~~~~~~~~~~~~~~~~~~~~~~~~~~~~~~~~~~~~~~~~~~~~~~~~~~~~~~~                            
In file included from /opt/ros/rolling/include/rclcpp/rclcpp/node.hpp:1600,
                 from /opt/ros/rolling/include/rclcpp/rclcpp/executors/single_threaded_executor.hpp:28,
                 from /opt/ros/rolling/include/rclcpp/rclcpp/executors.hpp:22,
                 from /opt/ros/rolling/include/rclcpp/rclcpp/rclcpp.hpp:155,
                 from /opt/ros/rolling/include/controller_interface/controller_interface_base.hpp:28,
                 from /opt/ros/rolling/include/controller_interface/chainable_controller_interface.hpp:20,
                 from /<<BUILDDIR>>package/include/controller_manager/controller_manager.hpp:26,
                 from /<<BUILDDIR>>package/src/controller_manager.cpp:15:
/opt/ros/rolling/include/rclcpp/rclcpp/node_impl.hpp:190:1: note: declared here
  190 | Node::create_service(
      | ^~~~
/<<BUILDDIR>>package/src/controller_manager.cpp:243:76: warning: typename rclcpp::Service<ServiceT>::SharedPtr rclcpp::Node::create_service(const string&, CallbackT&&, const rmw_qos_profile_t&, rclcpp::CallbackGroup::SharedPtr) [with ServiceT = controller_manager_msgs::srv::ReloadControllerLibraries; CallbackT = std::_Bind<void (controller_manager::ControllerManager::*(controller_manager::ControllerManager*, std::_Placeholder<1>, std::_Placeholder<2>))(std::shared_ptr<controller_manager_msgs::srv::ReloadControllerLibraries_Request_<std::allocator<void> > >, std::shared_ptr<controller_manager_msgs::srv::ReloadControllerLibraries_Response_<std::allocator<void> > >)>; typename rclcpp::Service<ServiceT>::SharedPtr = std::shared_ptr<rclcpp::Service<controller_manager_msgs::srv::ReloadControllerLibraries> >; std::string = std::__cxx11::basic_string<char>; rmw_qos_profile_t = rmw_qos_profile_s; rclcpp::CallbackGroup::SharedPtr = std::shared_ptr<rclcpp::CallbackGroup>] is deprecated: use rclcpp::QoS instead of rmw_qos_profile_t [-Wdeprecated-declarations]
  243 |     create_service<controller_manager_msgs::srv::ReloadControllerLibraries>(
      |     ~~~~~~~~~~~~~~~~~~~~~~~~~~~~~~~~~~~~~~~~~~~~~~~~~~~~~~~~~~~~~~~~~~~~~~~^
  244 |       "~/reload_controller_libraries",
      |       ~~~~~~~~~~~~~~~~~~~~~~~~~~~~~~~~                                      
  245 |       std::bind(&ControllerManager::reload_controller_libraries_service_cb, this, _1, _2),
      |       ~~~~~~~~~~~~~~~~~~~~~~~~~~~~~~~~~~~~~~~~~~~~~~~~~~~~~~~~~~~~~~~~~~~~~~~~~~~~~~~~~~~~
  246 |       rmw_qos_profile_services_hist_keep_all, best_effort_callback_group_);
      |       ~~~~~~~~~~~~~~~~~~~~~~~~~~~~~~~~~~~~~~~~~~~~~~~~~~~~~~~~~~~~~~~~~~~~  
In file included from /opt/ros/rolling/include/rclcpp/rclcpp/node.hpp:1600,
                 from /opt/ros/rolling/include/rclcpp/rclcpp/executors/single_threaded_executor.hpp:28,
                 from /opt/ros/rolling/include/rclcpp/rclcpp/executors.hpp:22,
                 from /opt/ros/rolling/include/rclcpp/rclcpp/rclcpp.hpp:155,
                 from /opt/ros/rolling/include/controller_interface/controller_interface_base.hpp:28,
                 from /opt/ros/rolling/include/controller_interface/chainable_controller_interface.hpp:20,
                 from /<<BUILDDIR>>package/include/controller_manager/controller_manager.hpp:26,
                 from /<<BUILDDIR>>package/src/controller_manager.cpp:15:
/opt/ros/rolling/include/rclcpp/rclcpp/node_impl.hpp:190:1: note: declared here
  190 | Node::create_service(
      | ^~~~
/<<BUILDDIR>>package/src/controller_manager.cpp:247:94: warning: typename rclcpp::Service<ServiceT>::SharedPtr rclcpp::Node::create_service(const string&, CallbackT&&, const rmw_qos_profile_t&, rclcpp::CallbackGroup::SharedPtr) [with ServiceT = controller_manager_msgs::srv::SwitchController; CallbackT = std::_Bind<void (controller_manager::ControllerManager::*(controller_manager::ControllerManager*, std::_Placeholder<1>, std::_Placeholder<2>))(std::shared_ptr<controller_manager_msgs::srv::SwitchController_Request_<std::allocator<void> > >, std::shared_ptr<controller_manager_msgs::srv::SwitchController_Response_<std::allocator<void> > >)>; typename rclcpp::Service<ServiceT>::SharedPtr = std::shared_ptr<rclcpp::Service<controller_manager_msgs::srv::SwitchController> >; std::string = std::__cxx11::basic_string<char>; rmw_qos_profile_t = rmw_qos_profile_s; rclcpp::CallbackGroup::SharedPtr = std::shared_ptr<rclcpp::CallbackGroup>] is deprecated: use rclcpp::QoS instead of rmw_qos_profile_t [-Wdeprecated-declarations]
  247 |   switch_controller_service_ = create_service<controller_manager_msgs::srv::SwitchController>(
      |                                ~~~~~~~~~~~~~~~~~~~~~~~~~~~~~~~~~~~~~~~~~~~~~~~~~~~~~~~~~~~~~~^
  248 |     "~/switch_controller",
      |     ~~~~~~~~~~~~~~~~~~~~~~                                                                    
  249 |     std::bind(&ControllerManager::switch_controller_service_cb, this, _1, _2),
      |     ~~~~~~~~~~~~~~~~~~~~~~~~~~~~~~~~~~~~~~~~~~~~~~~~~~~~~~~~~~~~~~~~~~~~~~~~~~                
  250 |     rmw_qos_profile_services_hist_keep_all, best_effort_callback_group_);
      |     ~~~~~~~~~~~~~~~~~~~~~~~~~~~~~~~~~~~~~~~~~~~~~~~~~~~~~~~~~~~~~~~~~~~~                      
In file included from /opt/ros/rolling/include/rclcpp/rclcpp/node.hpp:1600,
                 from /opt/ros/rolling/include/rclcpp/rclcpp/executors/single_threaded_executor.hpp:28,
                 from /opt/ros/rolling/include/rclcpp/rclcpp/executors.hpp:22,
                 from /opt/ros/rolling/include/rclcpp/rclcpp/rclcpp.hpp:155,
                 from /opt/ros/rolling/include/controller_interface/controller_interface_base.hpp:28,
                 from /opt/ros/rolling/include/controller_interface/chainable_controller_interface.hpp:20,
                 from /<<BUILDDIR>>package/include/controller_manager/controller_manager.hpp:26,
                 from /<<BUILDDIR>>package/src/controller_manager.cpp:15:
/opt/ros/rolling/include/rclcpp/rclcpp/node_impl.hpp:190:1: note: declared here
  190 | Node::create_service(
      | ^~~~
/<<BUILDDIR>>package/src/controller_manager.cpp:251:94: warning: typename rclcpp::Service<ServiceT>::SharedPtr rclcpp::Node::create_service(const string&, CallbackT&&, const rmw_qos_profile_t&, rclcpp::CallbackGroup::SharedPtr) [with ServiceT = controller_manager_msgs::srv::UnloadController; CallbackT = std::_Bind<void (controller_manager::ControllerManager::*(controller_manager::ControllerManager*, std::_Placeholder<1>, std::_Placeholder<2>))(std::shared_ptr<controller_manager_msgs::srv::UnloadController_Request_<std::allocator<void> > >, std::shared_ptr<controller_manager_msgs::srv::UnloadController_Response_<std::allocator<void> > >)>; typename rclcpp::Service<ServiceT>::SharedPtr = std::shared_ptr<rclcpp::Service<controller_manager_msgs::srv::UnloadController> >; std::string = std::__cxx11::basic_string<char>; rmw_qos_profile_t = rmw_qos_profile_s; rclcpp::CallbackGroup::SharedPtr = std::shared_ptr<rclcpp::CallbackGroup>] is deprecated: use rclcpp::QoS instead of rmw_qos_profile_t [-Wdeprecated-declarations]
  251 |   unload_controller_service_ = create_service<controller_manager_msgs::srv::UnloadController>(
      |                                ~~~~~~~~~~~~~~~~~~~~~~~~~~~~~~~~~~~~~~~~~~~~~~~~~~~~~~~~~~~~~~^
  252 |     "~/unload_controller",
      |     ~~~~~~~~~~~~~~~~~~~~~~                                                                    
  253 |     std::bind(&ControllerManager::unload_controller_service_cb, this, _1, _2),
      |     ~~~~~~~~~~~~~~~~~~~~~~~~~~~~~~~~~~~~~~~~~~~~~~~~~~~~~~~~~~~~~~~~~~~~~~~~~~                
  254 |     rmw_qos_profile_services_hist_keep_all, best_effort_callback_group_);
      |     ~~~~~~~~~~~~~~~~~~~~~~~~~~~~~~~~~~~~~~~~~~~~~~~~~~~~~~~~~~~~~~~~~~~~                      
In file included from /opt/ros/rolling/include/rclcpp/rclcpp/node.hpp:1600,
                 from /opt/ros/rolling/include/rclcpp/rclcpp/executors/single_threaded_executor.hpp:28,
                 from /opt/ros/rolling/include/rclcpp/rclcpp/executors.hpp:22,
                 from /opt/ros/rolling/include/rclcpp/rclcpp/rclcpp.hpp:155,
                 from /opt/ros/rolling/include/controller_interface/controller_interface_base.hpp:28,
                 from /opt/ros/rolling/include/controller_interface/chainable_controller_interface.hpp:20,
                 from /<<BUILDDIR>>package/include/controller_manager/controller_manager.hpp:26,
                 from /<<BUILDDIR>>package/src/controller_manager.cpp:15:
/opt/ros/rolling/include/rclcpp/rclcpp/node_impl.hpp:190:1: note: declared here
  190 | Node::create_service(
      | ^~~~
/<<BUILDDIR>>package/src/controller_manager.cpp:256:73: warning: typename rclcpp::Service<ServiceT>::SharedPtr rclcpp::Node::create_service(const string&, CallbackT&&, const rmw_qos_profile_t&, rclcpp::CallbackGroup::SharedPtr) [with ServiceT = controller_manager_msgs::srv::ListHardwareComponents; CallbackT = std::_Bind<void (controller_manager::ControllerManager::*(controller_manager::ControllerManager*, std::_Placeholder<1>, std::_Placeholder<2>))(std::shared_ptr<controller_manager_msgs::srv::ListHardwareComponents_Request_<std::allocator<void> > >, std::shared_ptr<controller_manager_msgs::srv::ListHardwareComponents_Response_<std::allocator<void> > >)>; typename rclcpp::Service<ServiceT>::SharedPtr = std::shared_ptr<rclcpp::Service<controller_manager_msgs::srv::ListHardwareComponents> >; std::string = std::__cxx11::basic_string<char>; rmw_qos_profile_t = rmw_qos_profile_s; rclcpp::CallbackGroup::SharedPtr = std::shared_ptr<rclcpp::CallbackGroup>] is deprecated: use rclcpp::QoS instead of rmw_qos_profile_t [-Wdeprecated-declarations]
  256 |     create_service<controller_manager_msgs::srv::ListHardwareComponents>(
      |     ~~~~~~~~~~~~~~~~~~~~~~~~~~~~~~~~~~~~~~~~~~~~~~~~~~~~~~~~~~~~~~~~~~~~^
  257 |       "~/list_hardware_components",
      |       ~~~~~~~~~~~~~~~~~~~~~~~~~~~~~                                      
  258 |       std::bind(&ControllerManager::list_hardware_components_srv_cb, this, _1, _2),
      |       ~~~~~~~~~~~~~~~~~~~~~~~~~~~~~~~~~~~~~~~~~~~~~~~~~~~~~~~~~~~~~~~~~~~~~~~~~~~~~
  259 |       rmw_qos_profile_services_hist_keep_all, best_effort_callback_group_);
      |       ~~~~~~~~~~~~~~~~~~~~~~~~~~~~~~~~~~~~~~~~~~~~~~~~~~~~~~~~~~~~~~~~~~~~
In file included from /opt/ros/rolling/include/rclcpp/rclcpp/node.hpp:1600,
                 from /opt/ros/rolling/include/rclcpp/rclcpp/executors/single_threaded_executor.hpp:28,
                 from /opt/ros/rolling/include/rclcpp/rclcpp/executors.hpp:22,
                 from /opt/ros/rolling/include/rclcpp/rclcpp/rclcpp.hpp:155,
                 from /opt/ros/rolling/include/controller_interface/controller_interface_base.hpp:28,
                 from /opt/ros/rolling/include/controller_interface/chainable_controller_interface.hpp:20,
                 from /<<BUILDDIR>>package/include/controller_manager/controller_manager.hpp:26,
                 from /<<BUILDDIR>>package/src/controller_manager.cpp:15:
/opt/ros/rolling/include/rclcpp/rclcpp/node_impl.hpp:190:1: note: declared here
  190 | Node::create_service(
      | ^~~~
/<<BUILDDIR>>package/src/controller_manager.cpp:261:73: warning: typename rclcpp::Service<ServiceT>::SharedPtr rclcpp::Node::create_service(const string&, CallbackT&&, const rmw_qos_profile_t&, rclcpp::CallbackGroup::SharedPtr) [with ServiceT = controller_manager_msgs::srv::ListHardwareInterfaces; CallbackT = std::_Bind<void (controller_manager::ControllerManager::*(controller_manager::ControllerManager*, std::_Placeholder<1>, std::_Placeholder<2>))(std::shared_ptr<controller_manager_msgs::srv::ListHardwareInterfaces_Request_<std::allocator<void> > >, std::shared_ptr<controller_manager_msgs::srv::ListHardwareInterfaces_Response_<std::allocator<void> > >)>; typename rclcpp::Service<ServiceT>::SharedPtr = std::shared_ptr<rclcpp::Service<controller_manager_msgs::srv::ListHardwareInterfaces> >; std::string = std::__cxx11::basic_string<char>; rmw_qos_profile_t = rmw_qos_profile_s; rclcpp::CallbackGroup::SharedPtr = std::shared_ptr<rclcpp::CallbackGroup>] is deprecated: use rclcpp::QoS instead of rmw_qos_profile_t [-Wdeprecated-declarations]
  261 |     create_service<controller_manager_msgs::srv::ListHardwareInterfaces>(
      |     ~~~~~~~~~~~~~~~~~~~~~~~~~~~~~~~~~~~~~~~~~~~~~~~~~~~~~~~~~~~~~~~~~~~~^
  262 |       "~/list_hardware_interfaces",
      |       ~~~~~~~~~~~~~~~~~~~~~~~~~~~~~                                      
  263 |       std::bind(&ControllerManager::list_hardware_interfaces_srv_cb, this, _1, _2),
      |       ~~~~~~~~~~~~~~~~~~~~~~~~~~~~~~~~~~~~~~~~~~~~~~~~~~~~~~~~~~~~~~~~~~~~~~~~~~~~~
  264 |       rmw_qos_profile_services_hist_keep_all, best_effort_callback_group_);
      |       ~~~~~~~~~~~~~~~~~~~~~~~~~~~~~~~~~~~~~~~~~~~~~~~~~~~~~~~~~~~~~~~~~~~~
In file included from /opt/ros/rolling/include/rclcpp/rclcpp/node.hpp:1600,
                 from /opt/ros/rolling/include/rclcpp/rclcpp/executors/single_threaded_executor.hpp:28,
                 from /opt/ros/rolling/include/rclcpp/rclcpp/executors.hpp:22,
                 from /opt/ros/rolling/include/rclcpp/rclcpp/rclcpp.hpp:155,
                 from /opt/ros/rolling/include/controller_interface/controller_interface_base.hpp:28,
                 from /opt/ros/rolling/include/controller_interface/chainable_controller_interface.hpp:20,
                 from /<<BUILDDIR>>package/include/controller_manager/controller_manager.hpp:26,
                 from /<<BUILDDIR>>package/src/controller_manager.cpp:15:
/opt/ros/rolling/include/rclcpp/rclcpp/node_impl.hpp:190:1: note: declared here
  190 | Node::create_service(
      | ^~~~
/<<BUILDDIR>>package/src/controller_manager.cpp:266:76: warning: typename rclcpp::Service<ServiceT>::SharedPtr rclcpp::Node::create_service(const string&, CallbackT&&, const rmw_qos_profile_t&, rclcpp::CallbackGroup::SharedPtr) [with ServiceT = controller_manager_msgs::srv::SetHardwareComponentState; CallbackT = std::_Bind<void (controller_manager::ControllerManager::*(controller_manager::ControllerManager*, std::_Placeholder<1>, std::_Placeholder<2>))(std::shared_ptr<controller_manager_msgs::srv::SetHardwareComponentState_Request_<std::allocator<void> > >, std::shared_ptr<controller_manager_msgs::srv::SetHardwareComponentState_Response_<std::allocator<void> > >)>; typename rclcpp::Service<ServiceT>::SharedPtr = std::shared_ptr<rclcpp::Service<controller_manager_msgs::srv::SetHardwareComponentState> >; std::string = std::__cxx11::basic_string<char>; rmw_qos_profile_t = rmw_qos_profile_s; rclcpp::CallbackGroup::SharedPtr = std::shared_ptr<rclcpp::CallbackGroup>] is deprecated: use rclcpp::QoS instead of rmw_qos_profile_t [-Wdeprecated-declarations]
  266 |     create_service<controller_manager_msgs::srv::SetHardwareComponentState>(
      |     ~~~~~~~~~~~~~~~~~~~~~~~~~~~~~~~~~~~~~~~~~~~~~~~~~~~~~~~~~~~~~~~~~~~~~~~^
  267 |       "~/set_hardware_component_state",
      |       ~~~~~~~~~~~~~~~~~~~~~~~~~~~~~~~~~                                     
  268 |       std::bind(&ControllerManager::set_hardware_component_state_srv_cb, this, _1, _2),
      |       ~~~~~~~~~~~~~~~~~~~~~~~~~~~~~~~~~~~~~~~~~~~~~~~~~~~~~~~~~~~~~~~~~~~~~~~~~~~~~~~~~
  269 |       rmw_qos_profile_services_hist_keep_all, best_effort_callback_group_);
      |       ~~~~~~~~~~~~~~~~~~~~~~~~~~~~~~~~~~~~~~~~~~~~~~~~~~~~~~~~~~~~~~~~~~~~  
In file included from /opt/ros/rolling/include/rclcpp/rclcpp/node.hpp:1600,
                 from /opt/ros/rolling/include/rclcpp/rclcpp/executors/single_threaded_executor.hpp:28,
                 from /opt/ros/rolling/include/rclcpp/rclcpp/executors.hpp:22,
                 from /opt/ros/rolling/include/rclcpp/rclcpp/rclcpp.hpp:155,
                 from /opt/ros/rolling/include/controller_interface/controller_interface_base.hpp:28,
                 from /opt/ros/rolling/include/controller_interface/chainable_controller_interface.hpp:20,
                 from /<<BUILDDIR>>package/include/controller_manager/controller_manager.hpp:26,
                 from /<<BUILDDIR>>package/src/controller_manager.cpp:15:
/opt/ros/rolling/include/rclcpp/rclcpp/node_impl.hpp:190:1: note: declared here
  190 | Node::create_service(
      | ^~~~
/<<BUILDDIR>>package/src/controller_manager.cpp: In member function controller_interface::ControllerInterfaceBaseSharedPtr controller_manager::ControllerManager::load_controller(const string&, const string&):
/<<BUILDDIR>>package/src/controller_manager.cpp:310:48: warning: catching polymorphic type const class pluginlib::CreateClassException by value [-Wcatch-value=]
  310 |   catch (const pluginlib::CreateClassException e)
      |                                                ^
/<<BUILDDIR>>package/src/controller_manager.cpp: In member function void controller_manager::ControllerManager::list_hardware_components_srv_cb(std::shared_ptr<controller_manager_msgs::srv::ListHardwareComponents_Request_<std::allocator<void> > >, std::shared_ptr<controller_manager_msgs::srv::ListHardwareComponents_Response_<std::allocator<void> > >):
/<<BUILDDIR>>package/src/controller_manager.cpp:1550:43: error: std::tuple_element<1, const std::pair<const std::__cxx11::basic_string<char>, hardware_interface::HardwareComponentInfo> >::type {aka const struct hardware_interface::HardwareComponentInfo} has no member named class_type
 1550 |     component.class_type = component_info.class_type;
      |                                           ^~~~~~~~~~
make[4]: *** [CMakeFiles/controller_manager.dir/build.make:79: CMakeFiles/controller_manager.dir/src/controller_manager.cpp.o] Error 1
make[4]: Leaving directory '/<<BUILDDIR>>package/obj-x86_64-linux-gnu'
make[3]: *** [CMakeFiles/Makefile2:209: CMakeFiles/controller_manager.dir/all] Error 2
make[3]: Leaving directory '/<<BUILDDIR>>package/obj-x86_64-linux-gnu'
make[2]: *** [Makefile:149: all] Error 2
make[2]: Leaving directory '/<<BUILDDIR>>package/obj-x86_64-linux-gnu'
dh_auto_build: error: cd obj-x86_64-linux-gnu && make -j2 "INSTALL=install --strip-program=true" VERBOSE=1 returned exit code 2
make[1]: *** [debian/rules:38: override_dh_auto_build] Error 25
make[1]: Leaving directory '/<<BUILDDIR>>package'
make: *** [debian/rules:22: build] Error 2
dpkg-buildpackage: error: debian/rules build subprocess returned exit status 2
--------------------------------------------------------------------------------
Build finished at 2023-01-17T12:48:20Z

Finished
--------


+------------------------------------------------------------------------------+
| Cleanup                                                                      |
+------------------------------------------------------------------------------+

Purging /<<BUILDDIR>>
Not cleaning session: cloned chroot in use
E: Build failure (dpkg-buildpackage died)

+------------------------------------------------------------------------------+
| Summary                                                                      |
+------------------------------------------------------------------------------+

Build Architecture: amd64
Build Type: binary
Build-Space: 38980
Build-Time: 12
Distribution: jammy
Fail-Stage: build
Host Architecture: amd64
Install-Time: 24
Job: /home/runner/work/moveit_studio_upstream_buildfarm/moveit_studio_upstream_buildfarm/src/ros2_control/ros-rolling-controller-manager_2.19.0-2023.01.17.12.47.dsc
Machine Architecture: amd64
Package: ros-rolling-controller-manager
Package-Time: 62
Source-Version: 2.19.0-2023.01.17.12.47
Space: 38980
Status: attempted
Version: 2.19.0-2023.01.17.12.47
--------------------------------------------------------------------------------
Finished at 2023-01-17T12:48:20Z
Build needed 00:01:02, 38980k disk space
